2012-05-25 21:56:51.654+0000: Creating new db @ C:\java\workspace_uDigSDK\neo4j\target\neo4j-hello-db\neostore
2012-05-25 21:56:53.417+0000: Opened [C:\java\workspace_uDigSDK\neo4j\target\neo4j-hello-db\nioneo_logical.log.1] clean empty log, version=0, lastTxId=1
2012-05-25 21:56:53.650+0000: TM new log: tm_tx_log.1
2012-05-25 21:56:54.061+0000: Opened [C:\java\workspace_uDigSDK\neo4j\target\neo4j-hello-db\index\lucene.log.1] clean empty log, version=0, lastTxId=1
2012-05-25 21:56:54.100+0000: --- STARTUP diagnostics START ---
2012-05-25 21:56:54.133+0000: Neo4j Kernel properties:
    store_dir=C:\java\workspace_uDigSDK\neo4j\target\neo4j-hello-db
    remote_logging_host=127.0.0.1
    read_only=false
    neo4j.ext.udc.host=udc.neo4j.org
    logical_log=C:\java\workspace_uDigSDK\neo4j\target\neo4j-hello-db\nioneo_logical.log
    remote_logging_port=4560
    gc_monitor_threshold=200ms
    load_kernel_extensions=true
    array_block_size=120
    intercept_committing_transactions=false
    node_auto_indexing=false
    neostore.relationshipstore.db.mapped_memory=33M
    dump_configuration=false
    gc_monitor_wait_time=100ms
    cache_type=soft
    intercept_deserialized_transactions=false
    neostore.nodestore.db.mapped_memory=7M
    neo4j.ext.udc.first_delay=600000
    neo4j.ext.udc.reg=unreg
    lucene_searcher_cache_size=2147483647
    neo4j.ext.udc.interval=86400000
    use_memory_mapped_buffers=false
    rebuild_idgenerators_fast=true
    ephemeral=false
    neostore.propertystore.db.index.keys.mapped_memory=1M
    neostore.propertystore.db.strings.mapped_memory=23M
    neostore.propertystore.db.arrays.mapped_memory=26M
    neo_store=C:\java\workspace_uDigSDK\neo4j\target\neo4j-hello-db\neostore
    neostore.propertystore.db.index.mapped_memory=1M
    backup_slave=false
    neostore.propertystore.db.mapped_memory=27M
    gcr_cache_min_log_interval=60s
    relationship_auto_indexing=false
    relationship_grab_size=100
    string_block_size=120
    lucene_writer_cache_size=2147483647
    grab_file_lock=true
    node_cache_array_fraction=1.0
    remote_logging_enabled=false
    allow_store_upgrade=false
    execution_guard_enabled=false
    neo4j.ext.udc.enabled=true
    relationship_cache_array_fraction=1.0
2012-05-25 21:56:54.211+0000: Diagnostics providers:
    org.neo4j.kernel.configuration.Config
    org.neo4j.kernel.info.DiagnosticsManager
    SYSTEM_MEMORY
    JAVA_MEMORY
    OPERATING_SYSTEM
    JAVA_VIRTUAL_MACHINE
    CLASSPATH
    LIBRARY_PATH
    SYSTEM_PROPERTIES
2012-05-25 21:56:54.219+0000: System memory information:
    Total Physical memory: 1.97 GB
    Free Physical memory: 240.64 MB
    Committed virtual memory: 64.82 MB
    Total swap space: 5.67 GB
    Free swap space: 1.44 GB
2012-05-25 21:56:54.268+0000: JVM memory information:
    Free  memory: 23.78 MB
    Total memory: 30.19 MB
    Max   memory: 448.00 MB
    Garbage Collector: PS Scavenge: [PS Eden Space, PS Survivor Space]
    Garbage Collector: PS MarkSweep: [PS Eden Space, PS Survivor Space, PS Old Gen, PS Perm Gen]
    Memory Pool: Code Cache (Non-heap memory): committed=2.44 MB, used=503.25 kB, max=48.00 MB, threshold=0.00 B
    Memory Pool: PS Eden Space (Heap memory): committed=7.88 MB, used=6.10 MB, max=165.38 MB, threshold=?
    Memory Pool: PS Survivor Space (Heap memory): committed=1.31 MB, used=464.07 kB, max=1.31 MB, threshold=?
    Memory Pool: PS Old Gen (Heap memory): committed=21.00 MB, used=0.00 B, max=336.00 MB, threshold=0.00 B
    Memory Pool: PS Perm Gen (Non-heap memory): committed=20.75 MB, used=7.52 MB, max=84.00 MB, threshold=0.00 B
2012-05-25 21:56:54.352+0000: Operating system information:
    Operating System: Windows 7; version: 6.1; arch: amd64; cpus: 2
    Process id: 11388@Carol-PC
    Byte order: LITTLE_ENDIAN
2012-05-25 21:56:55.103+0000: JVM information:
    VM Name: Java HotSpot(TM) 64-Bit Server VM
    VM Vendor: Sun Microsystems Inc.
    VM Version: 14.3-b01
    JIT compiler: HotSpot 64-Bit Server Compiler
    VM Arguments: [-Dfile.encoding=UTF-8]
2012-05-25 21:56:55.117+0000: Java classpath:
     [classpath + loader.0] file:/C:/Users/Carol/.m2/repository/org/neo4j/neo4j/1.7/neo4j-1.7.jar
     [bootstrap] C:\java\eclipse\jre\lib\resources.jar
     [loader.1] file:/C:/java/eclipse/jre/lib/ext/jai_imageio.jar
     [loader.1] file:/C:/java/eclipse/jre/lib/ext/vecmath.jar
     [loader.1] file:/C:/java/eclipse/jre/lib/ext/j3dcore.jar
     [classpath + loader.0] file:/C:/Users/Carol/.m2/repository/org/scala-lang/scala-library/2.9.0-1/scala-library-2.9.0-1.jar
     [classpath + loader.0] file:/C:/Users/Carol/.m2/repository/org/neo4j/neo4j-graph-algo/1.7/neo4j-graph-algo-1.7.jar
     [classpath + loader.0] file:/C:/Users/Carol/.m2/repository/org/apache/lucene/lucene-core/3.5.0/lucene-core-3.5.0.jar
     [classpath + loader.0] file:/C:/Users/Carol/.m2/repository/org/neo4j/neo4j-cypher/1.7/neo4j-cypher-1.7.jar
     [loader.1] file:/C:/java/eclipse/jre/lib/ext/localedata.jar
     [loader.1] file:/C:/java/eclipse/jre/lib/ext/j3dutils.jar
     [classpath + loader.0] file:/C:/Users/Carol/.m2/repository/org/neo4j/neo4j-kernel/1.7/neo4j-kernel-1.7.jar
     [bootstrap] C:\java\eclipse\jre\lib\jce.jar
     [bootstrap] C:\java\eclipse\jre\lib\sunrsasign.jar
     [classpath + loader.0] file:/C:/Users/Carol/.m2/repository/org/apache/geronimo/specs/geronimo-jta_1.1_spec/1.1.1/geronimo-jta_1.1_spec-1.1.1.jar
     [classpath + loader.0] file:/C:/Users/Carol/.m2/repository/org/neo4j/neo4j-graph-matching/1.7/neo4j-graph-matching-1.7.jar
     [loader.1] file:/C:/java/eclipse/jre/lib/ext/dnsns.jar
     [loader.1] file:/C:/java/eclipse/jre/lib/ext/jai_core.jar
     [loader.1] file:/C:/java/eclipse/jre/lib/ext/sunjce_provider.jar
     [bootstrap] C:\java\eclipse\jre\lib\rt.jar
     [bootstrap] C:\java\eclipse\jre\lib\charsets.jar
     [loader.1] file:/C:/java/eclipse/jre/lib/ext/jai_codec.jar
     [loader.1] file:/C:/java/eclipse/jre/lib/ext/clibwrapper_jiio.jar
     [classpath + loader.0] file:/C:/Users/Carol/.m2/repository/org/neo4j/neo4j-lucene-index/1.7/neo4j-lucene-index-1.7.jar
     [bootstrap] C:\java\eclipse\jre\classes
     [bootstrap] C:\java\eclipse\jre\lib\jsse.jar
     [classpath + loader.0] file:/C:/Users/Carol/.m2/repository/org/neo4j/neo4j-udc/1.7/neo4j-udc-1.7.jar
     [loader.1] file:/C:/java/eclipse/jre/lib/ext/mlibwrapper_jai.jar
     [classpath + loader.0] file:/C:/java/workspace_uDigSDK/neo4j/target/classes/
     [classpath + loader.0] file:/C:/Users/Carol/.m2/repository/org/neo4j/neo4j-jmx/1.7/neo4j-jmx-1.7.jar
2012-05-25 21:56:55.510+0000: Library path:
    C:\java\eclipse\jre\bin
    C:\java\workspace_uDigSDK\neo4j
    C:\Windows\Sun\Java\bin
    C:\Windows\System32
    C:\Windows
    C:\java\eclipse\jre\bin\server
    C:\java\eclipse\jre\bin
    C:\java\eclipse\jre\lib\amd64
    C:\Windows\System32
    C:\Windows
    C:\Windows\System32\wbem
    C:\Windows\System32\WindowsPowerShell\v1.0
    C:\Program Files\Trend Micro\AMSP
    C:\Program Files (x86)\Git\cmd
    C:\Program Files (x86)\Git\bin
    C:\java\apache-maven-3.0.4\bin
    C:\Windows\System32
    C:\Windows
    C:\Windows\System32\wbem
    C:\Windows\System32\WindowsPowerShell\v1.0
    C:\Program Files\Trend Micro\AMSP
    C:\Program Files (x86)\Git\cmd
    C:\Program Files (x86)\Git\bin
    C:\java\apache-maven-3.0.4\bin
    C:\Program Files\Java\jdk1.7.0\bin
    C:\java\apache-maven-3.0.4\bin
    C:\java\apache-maven-3.0.4\bin
    C:\java\eclipse
2012-05-25 21:56:55.842+0000: System.properties:
    sun.boot.library.path = C:\java\eclipse\jre\bin
    path.separator = ;
    file.encoding.pkg = sun.io
    sun.java.launcher = SUN_STANDARD
    user.country = US
    sun.os.patch.level = Service Pack 1
    user.dir = C:\java\workspace_uDigSDK\neo4j
    user.variant = 
    sun.jnu.encoding = Cp1252
    sun.management.compiler = HotSpot 64-Bit Server Compiler
    user.home = C:\Users\Carol
    user.timezone = America/Chicago
    file.encoding = UTF-8
    user.name = Carol
    sun.arch.data.model = 64
    user.language = en
    awt.toolkit = sun.awt.windows.WToolkit
    file.separator = \
    sun.io.unicode.encoding = UnicodeLittle
    sun.cpu.endian = little
    sun.desktop = windows
    sun.cpu.isalist = amd64
2012-05-25 21:56:55.868+0000: --- STARTUP diagnostics END ---
2012-05-25 21:56:56.637+0000: Extension org.neo4j.kernel.KernelExtension[kernel udc] loaded ok
2012-05-25 21:56:56.988+0000: Extension org.neo4j.kernel.KernelExtension[kernel jmx] loaded ok
2012-05-25 21:56:57.029+0000: --- STARTUP diagnostics for KernelDiagnostics:Versions START ---
2012-05-25 21:56:57.033+0000: Graph Database: org.neo4j.kernel.EmbeddedGraphDatabase StoreId[time:1337983011898, id:-3445044365873031700, store version: 13561656364791302]
2012-05-25 21:56:57.036+0000: Kernel version: Neo4j - Graph Database Kernel 1.7
2012-05-25 21:56:57.040+0000: Neo4j component versions:
2012-05-25 21:56:57.046+0000:   Neo4j - Graph Database Kernel 1.7
2012-05-25 21:56:57.050+0000: --- STARTUP diagnostics for KernelDiagnostics:Versions END ---
2012-05-25 21:56:57.069+0000: --- STARTUP diagnostics for NEO_STORE_VERSIONS START ---
2012-05-25 21:56:57.076+0000: Store versions:
    Store versions:
      NeoStore v0.A.0
      NodeStore v0.A.0
      RelationshipStore v0.A.0
      RelationshipTypeStore v0.A.0
      PropertyStore v0.A.0
      PropertyIndexStore v0.A.0
      StringPropertyStore v0.A.0
      ArrayPropertyStore v0.A.0
2012-05-25 21:56:57.081+0000: --- STARTUP diagnostics for NEO_STORE_VERSIONS END ---
2012-05-25 21:56:57.084+0000: --- STARTUP diagnostics for NEO_STORE_ID_USAGE START ---
2012-05-25 21:56:57.087+0000: Id usage:
    Id usage:
      NodeStore: used=1 high=0
      RelationshipStore: used=0 high=-1
      RelationshipTypeStore: used=0 high=-1
      PropertyStore: used=0 high=-1
      PropertyIndexStore: used=0 high=-1
      StringPropertyStore: used=1 high=0
      ArrayPropertyStore: used=1 high=0
2012-05-25 21:56:57.093+0000: --- STARTUP diagnostics for NEO_STORE_ID_USAGE END ---
2012-05-25 21:56:57.097+0000: --- STARTUP diagnostics for KernelDiagnostics:StoreFiles START ---
2012-05-25 21:56:57.100+0000: Storage files:
    active_tx_log: 11.00 B
    index:
      lucene-store.db: 40.00 B
      lucene.log.1: 16.00 B
      lucene.log.active: 4.00 B
    - Total: 60.00 B
    lock: 0.00 B
    messages.log: 9.89 kB
    neostore: 54.00 B
    neostore.id: 9.00 B
    neostore.nodestore.db: 9.00 B
    neostore.nodestore.db.id: 9.00 B
    neostore.propertystore.db: 0.00 B
    neostore.propertystore.db.arrays: 128.00 B
    neostore.propertystore.db.arrays.id: 9.00 B
    neostore.propertystore.db.id: 9.00 B
    neostore.propertystore.db.index: 0.00 B
    neostore.propertystore.db.index.id: 9.00 B
    neostore.propertystore.db.index.keys: 38.00 B
    neostore.propertystore.db.index.keys.id: 9.00 B
    neostore.propertystore.db.strings: 128.00 B
    neostore.propertystore.db.strings.id: 9.00 B
    neostore.relationshipstore.db: 0.00 B
    neostore.relationshipstore.db.id: 9.00 B
    neostore.relationshiptypestore.db: 0.00 B
    neostore.relationshiptypestore.db.id: 9.00 B
    neostore.relationshiptypestore.db.names: 38.00 B
    neostore.relationshiptypestore.db.names.id: 9.00 B
    nioneo_logical.log.1: 16.00 B
    nioneo_logical.log.active: 4.00 B
    tm_tx_log.1: 0.00 B
2012-05-25 21:56:57.366+0000: --- STARTUP diagnostics for KernelDiagnostics:StoreFiles END ---
2012-05-25 21:56:57.381+0000: Started - database is now available
2012-05-25 21:56:57.385+0000: GC Monitor started. 
2012-05-25 21:56:57.931+0000: Stopping - database is now unavailable
2012-05-25 21:56:57.943+0000: TM shutting down
2012-05-25 21:56:57.991+0000: GC Monitor stopped. 
2012-05-25 21:56:58.004+0000: Closed log C:\java\workspace_uDigSDK\neo4j\target\neo4j-hello-db\index\lucene.log
2012-05-25 21:56:58.048+0000: Closed log C:\java\workspace_uDigSDK\neo4j\target\neo4j-hello-db\nioneo_logical.log
2012-05-25 21:56:58.157+0000: NeoStore closed
2012-05-25 21:56:58.161+0000: --- SHUTDOWN diagnostics START ---
2012-05-25 21:56:58.164+0000: --- SHUTDOWN diagnostics END ---
2012-05-25 22:09:32.253+0000: Opened [C:\java\workspace_uDigSDK\neo4j\target\neo4j-hello-db\nioneo_logical.log.1] clean empty log, version=0, lastTxId=4
2012-05-25 22:09:32.383+0000: TM opening log: C:\java\workspace_uDigSDK\neo4j\target\neo4j-hello-db\tm_tx_log.1
2012-05-25 22:09:32.592+0000: Opened [C:\java\workspace_uDigSDK\neo4j\target\neo4j-hello-db\index\lucene.log.1] clean empty log, version=0, lastTxId=1
2012-05-25 22:09:32.621+0000: --- STARTUP diagnostics START ---
2012-05-25 22:09:32.632+0000: Neo4j Kernel properties:
    store_dir=C:\java\workspace_uDigSDK\neo4j\target\neo4j-hello-db
    remote_logging_host=127.0.0.1
    read_only=false
    neo4j.ext.udc.host=udc.neo4j.org
    logical_log=C:\java\workspace_uDigSDK\neo4j\target\neo4j-hello-db\nioneo_logical.log
    remote_logging_port=4560
    gc_monitor_threshold=200ms
    load_kernel_extensions=true
    array_block_size=120
    intercept_committing_transactions=false
    node_auto_indexing=false
    neostore.relationshipstore.db.mapped_memory=33M
    dump_configuration=false
    gc_monitor_wait_time=100ms
    cache_type=soft
    intercept_deserialized_transactions=false
    neostore.nodestore.db.mapped_memory=7M
    neo4j.ext.udc.first_delay=600000
    neo4j.ext.udc.reg=unreg
    lucene_searcher_cache_size=2147483647
    neo4j.ext.udc.interval=86400000
    use_memory_mapped_buffers=false
    rebuild_idgenerators_fast=true
    ephemeral=false
    neostore.propertystore.db.index.keys.mapped_memory=1M
    neostore.propertystore.db.strings.mapped_memory=23M
    neostore.propertystore.db.arrays.mapped_memory=26M
    neo_store=C:\java\workspace_uDigSDK\neo4j\target\neo4j-hello-db\neostore
    neostore.propertystore.db.index.mapped_memory=1M
    backup_slave=false
    neostore.propertystore.db.mapped_memory=27M
    gcr_cache_min_log_interval=60s
    relationship_auto_indexing=false
    relationship_grab_size=100
    string_block_size=120
    lucene_writer_cache_size=2147483647
    grab_file_lock=true
    node_cache_array_fraction=1.0
    remote_logging_enabled=false
    allow_store_upgrade=false
    execution_guard_enabled=false
    neo4j.ext.udc.enabled=true
    relationship_cache_array_fraction=1.0
2012-05-25 22:09:32.668+0000: Diagnostics providers:
    org.neo4j.kernel.configuration.Config
    org.neo4j.kernel.info.DiagnosticsManager
    SYSTEM_MEMORY
    JAVA_MEMORY
    OPERATING_SYSTEM
    JAVA_VIRTUAL_MACHINE
    CLASSPATH
    LIBRARY_PATH
    SYSTEM_PROPERTIES
2012-05-25 22:09:32.676+0000: System memory information:
    Total Physical memory: 1.97 GB
    Free Physical memory: 170.16 MB
    Committed virtual memory: 65.47 MB
    Total swap space: 5.67 GB
    Free swap space: 1.50 GB
2012-05-25 22:09:32.696+0000: JVM memory information:
    Free  memory: 25.16 MB
    Total memory: 30.19 MB
    Max   memory: 448.00 MB
    Garbage Collector: PS Scavenge: [PS Eden Space, PS Survivor Space]
    Garbage Collector: PS MarkSweep: [PS Eden Space, PS Survivor Space, PS Old Gen, PS Perm Gen]
    Memory Pool: Code Cache (Non-heap memory): committed=2.44 MB, used=501.88 kB, max=48.00 MB, threshold=0.00 B
    Memory Pool: PS Eden Space (Heap memory): committed=7.88 MB, used=4.58 MB, max=165.38 MB, threshold=?
    Memory Pool: PS Survivor Space (Heap memory): committed=1.31 MB, used=464.07 kB, max=1.31 MB, threshold=?
    Memory Pool: PS Old Gen (Heap memory): committed=21.00 MB, used=0.00 B, max=336.00 MB, threshold=0.00 B
    Memory Pool: PS Perm Gen (Non-heap memory): committed=20.75 MB, used=7.48 MB, max=84.00 MB, threshold=0.00 B
2012-05-25 22:09:32.710+0000: Operating system information:
    Operating System: Windows 7; version: 6.1; arch: amd64; cpus: 2
    Process id: 18216@Carol-PC
    Byte order: LITTLE_ENDIAN
2012-05-25 22:09:32.921+0000: JVM information:
    VM Name: Java HotSpot(TM) 64-Bit Server VM
    VM Vendor: Sun Microsystems Inc.
    VM Version: 14.3-b01
    JIT compiler: HotSpot 64-Bit Server Compiler
    VM Arguments: [-Dfile.encoding=UTF-8]
2012-05-25 22:09:32.926+0000: Java classpath:
     [classpath + loader.0] file:/C:/Users/Carol/.m2/repository/org/neo4j/neo4j/1.7/neo4j-1.7.jar
     [bootstrap] C:\java\eclipse\jre\lib\resources.jar
     [loader.1] file:/C:/java/eclipse/jre/lib/ext/jai_imageio.jar
     [loader.1] file:/C:/java/eclipse/jre/lib/ext/vecmath.jar
     [loader.1] file:/C:/java/eclipse/jre/lib/ext/j3dcore.jar
     [classpath + loader.0] file:/C:/Users/Carol/.m2/repository/org/scala-lang/scala-library/2.9.0-1/scala-library-2.9.0-1.jar
     [classpath + loader.0] file:/C:/Users/Carol/.m2/repository/org/neo4j/neo4j-graph-algo/1.7/neo4j-graph-algo-1.7.jar
     [classpath + loader.0] file:/C:/Users/Carol/.m2/repository/org/apache/lucene/lucene-core/3.5.0/lucene-core-3.5.0.jar
     [classpath + loader.0] file:/C:/Users/Carol/.m2/repository/org/neo4j/neo4j-cypher/1.7/neo4j-cypher-1.7.jar
     [loader.1] file:/C:/java/eclipse/jre/lib/ext/localedata.jar
     [loader.1] file:/C:/java/eclipse/jre/lib/ext/j3dutils.jar
     [classpath + loader.0] file:/C:/Users/Carol/.m2/repository/org/neo4j/neo4j-kernel/1.7/neo4j-kernel-1.7.jar
     [bootstrap] C:\java\eclipse\jre\lib\jce.jar
     [bootstrap] C:\java\eclipse\jre\lib\sunrsasign.jar
     [classpath + loader.0] file:/C:/Users/Carol/.m2/repository/org/apache/geronimo/specs/geronimo-jta_1.1_spec/1.1.1/geronimo-jta_1.1_spec-1.1.1.jar
     [classpath + loader.0] file:/C:/Users/Carol/.m2/repository/org/neo4j/neo4j-graph-matching/1.7/neo4j-graph-matching-1.7.jar
     [loader.1] file:/C:/java/eclipse/jre/lib/ext/dnsns.jar
     [loader.1] file:/C:/java/eclipse/jre/lib/ext/jai_core.jar
     [loader.1] file:/C:/java/eclipse/jre/lib/ext/sunjce_provider.jar
     [bootstrap] C:\java\eclipse\jre\lib\rt.jar
     [bootstrap] C:\java\eclipse\jre\lib\charsets.jar
     [loader.1] file:/C:/java/eclipse/jre/lib/ext/jai_codec.jar
     [loader.1] file:/C:/java/eclipse/jre/lib/ext/clibwrapper_jiio.jar
     [classpath + loader.0] file:/C:/Users/Carol/.m2/repository/org/neo4j/neo4j-lucene-index/1.7/neo4j-lucene-index-1.7.jar
     [bootstrap] C:\java\eclipse\jre\classes
     [bootstrap] C:\java\eclipse\jre\lib\jsse.jar
     [classpath + loader.0] file:/C:/Users/Carol/.m2/repository/org/neo4j/neo4j-udc/1.7/neo4j-udc-1.7.jar
     [loader.1] file:/C:/java/eclipse/jre/lib/ext/mlibwrapper_jai.jar
     [classpath + loader.0] file:/C:/java/workspace_uDigSDK/neo4j/target/classes/
     [classpath + loader.0] file:/C:/Users/Carol/.m2/repository/org/neo4j/neo4j-jmx/1.7/neo4j-jmx-1.7.jar
2012-05-25 22:09:32.935+0000: Library path:
    C:\java\eclipse\jre\bin
    C:\java\workspace_uDigSDK\neo4j
    C:\Windows\Sun\Java\bin
    C:\Windows\System32
    C:\Windows
    C:\java\eclipse\jre\bin\server
    C:\java\eclipse\jre\bin
    C:\java\eclipse\jre\lib\amd64
    C:\Windows\System32
    C:\Windows
    C:\Windows\System32\wbem
    C:\Windows\System32\WindowsPowerShell\v1.0
    C:\Program Files\Trend Micro\AMSP
    C:\Program Files (x86)\Git\cmd
    C:\Program Files (x86)\Git\bin
    C:\java\apache-maven-3.0.4\bin
    C:\Windows\System32
    C:\Windows
    C:\Windows\System32\wbem
    C:\Windows\System32\WindowsPowerShell\v1.0
    C:\Program Files\Trend Micro\AMSP
    C:\Program Files (x86)\Git\cmd
    C:\Program Files (x86)\Git\bin
    C:\java\apache-maven-3.0.4\bin
    C:\Program Files\Java\jdk1.7.0\bin
    C:\java\apache-maven-3.0.4\bin
    C:\java\apache-maven-3.0.4\bin
    C:\java\eclipse
2012-05-25 22:09:33.104+0000: System.properties:
    sun.boot.library.path = C:\java\eclipse\jre\bin
    path.separator = ;
    file.encoding.pkg = sun.io
    sun.java.launcher = SUN_STANDARD
    user.country = US
    sun.os.patch.level = Service Pack 1
    user.dir = C:\java\workspace_uDigSDK\neo4j
    user.variant = 
    sun.jnu.encoding = Cp1252
    sun.management.compiler = HotSpot 64-Bit Server Compiler
    user.home = C:\Users\Carol
    user.timezone = America/Chicago
    file.encoding = UTF-8
    user.name = Carol
    sun.arch.data.model = 64
    user.language = en
    awt.toolkit = sun.awt.windows.WToolkit
    file.separator = \
    sun.io.unicode.encoding = UnicodeLittle
    sun.cpu.endian = little
    sun.desktop = windows
    sun.cpu.isalist = amd64
2012-05-25 22:09:33.109+0000: --- STARTUP diagnostics END ---
2012-05-25 22:09:33.628+0000: Extension org.neo4j.kernel.KernelExtension[kernel udc] loaded ok
2012-05-25 22:09:33.780+0000: Extension org.neo4j.kernel.KernelExtension[kernel jmx] loaded ok
2012-05-25 22:09:33.811+0000: --- STARTUP diagnostics for KernelDiagnostics:Versions START ---
2012-05-25 22:09:33.817+0000: Graph Database: org.neo4j.kernel.EmbeddedGraphDatabase StoreId[time:1337983011898, id:-3445044365873031700, store version: 13561656364791302]
2012-05-25 22:09:33.821+0000: Kernel version: Neo4j - Graph Database Kernel 1.7
2012-05-25 22:09:33.826+0000: Neo4j component versions:
2012-05-25 22:09:33.834+0000:   Neo4j - Graph Database Kernel 1.7
2012-05-25 22:09:33.841+0000: --- STARTUP diagnostics for KernelDiagnostics:Versions END ---
2012-05-25 22:09:33.864+0000: --- STARTUP diagnostics for NEO_STORE_VERSIONS START ---
2012-05-25 22:09:33.873+0000: Store versions:
    Store versions:
      NeoStore v0.A.0
      NodeStore v0.A.0
      RelationshipStore v0.A.0
      RelationshipTypeStore v0.A.0
      PropertyStore v0.A.0
      PropertyIndexStore v0.A.0
      StringPropertyStore v0.A.0
      ArrayPropertyStore v0.A.0
2012-05-25 22:09:33.879+0000: --- STARTUP diagnostics for NEO_STORE_VERSIONS END ---
2012-05-25 22:09:33.884+0000: --- STARTUP diagnostics for NEO_STORE_ID_USAGE START ---
2012-05-25 22:09:33.889+0000: Id usage:
    Id usage:
      NodeStore: used=3 high=2
      RelationshipStore: used=1 high=0
      RelationshipTypeStore: used=1 high=0
      PropertyStore: used=3 high=2
      PropertyIndexStore: used=1 high=0
      StringPropertyStore: used=1 high=0
      ArrayPropertyStore: used=1 high=0
2012-05-25 22:09:33.895+0000: --- STARTUP diagnostics for NEO_STORE_ID_USAGE END ---
2012-05-25 22:09:33.899+0000: --- STARTUP diagnostics for KernelDiagnostics:StoreFiles START ---
2012-05-25 22:09:33.903+0000: Storage files:
    active_tx_log: 11.00 B
    index:
      lucene-store.db: 40.00 B
      lucene.log.1: 16.00 B
      lucene.log.active: 4.00 B
    - Total: 60.00 B
    lock: 0.00 B
    messages.log: 21.89 kB
    neostore: 54.00 B
    neostore.id: 9.00 B
    neostore.nodestore.db: 27.00 B
    neostore.nodestore.db.id: 25.00 B
    neostore.propertystore.db: 123.00 B
    neostore.propertystore.db.arrays: 128.00 B
    neostore.propertystore.db.arrays.id: 9.00 B
    neostore.propertystore.db.id: 33.00 B
    neostore.propertystore.db.index: 9.00 B
    neostore.propertystore.db.index.id: 9.00 B
    neostore.propertystore.db.index.keys: 76.00 B
    neostore.propertystore.db.index.keys.id: 9.00 B
    neostore.propertystore.db.strings: 128.00 B
    neostore.propertystore.db.strings.id: 9.00 B
    neostore.relationshipstore.db: 33.00 B
    neostore.relationshipstore.db.id: 17.00 B
    neostore.relationshiptypestore.db: 5.00 B
    neostore.relationshiptypestore.db.id: 9.00 B
    neostore.relationshiptypestore.db.names: 76.00 B
    neostore.relationshiptypestore.db.names.id: 9.00 B
    nioneo_logical.log.1: 16.00 B
    nioneo_logical.log.active: 4.00 B
    tm_tx_log.1: 0.00 B
2012-05-25 22:09:34.203+0000: --- STARTUP diagnostics for KernelDiagnostics:StoreFiles END ---
2012-05-25 22:09:34.220+0000: Started - database is now available
2012-05-25 22:09:34.226+0000: GC Monitor started. 
2012-05-25 22:09:34.572+0000: Stopping - database is now unavailable
2012-05-25 22:09:34.581+0000: TM shutting down
2012-05-25 22:09:34.611+0000: Closed log C:\java\workspace_uDigSDK\neo4j\target\neo4j-hello-db\index\lucene.log
2012-05-25 22:09:34.643+0000: GC Monitor stopped. 
2012-05-25 22:09:34.659+0000: Closed log C:\java\workspace_uDigSDK\neo4j\target\neo4j-hello-db\nioneo_logical.log
2012-05-25 22:09:34.796+0000: NeoStore closed
2012-05-25 22:09:34.801+0000: --- SHUTDOWN diagnostics START ---
2012-05-25 22:09:34.804+0000: --- SHUTDOWN diagnostics END ---
