2012-05-26 19:51:32.176+0000: Creating new db @ C:\java\workspace_uDigSDK\neo4j\neo4j-store\neostore
2012-05-26 19:51:33.736+0000: Opened [C:\java\workspace_uDigSDK\neo4j\neo4j-store\nioneo_logical.log.1] clean empty log, version=0, lastTxId=1
2012-05-26 19:51:33.862+0000: TM new log: tm_tx_log.1
2012-05-26 19:51:34.169+0000: Opened [C:\java\workspace_uDigSDK\neo4j\neo4j-store\index\lucene.log.1] clean empty log, version=0, lastTxId=1
2012-05-26 19:51:34.218+0000: --- STARTUP diagnostics START ---
2012-05-26 19:51:34.228+0000: Neo4j Kernel properties:
    store_dir=C:\java\workspace_uDigSDK\neo4j\neo4j-store
    remote_logging_host=127.0.0.1
    read_only=false
    neo4j.ext.udc.host=udc.neo4j.org
    logical_log=C:\java\workspace_uDigSDK\neo4j\neo4j-store\nioneo_logical.log
    remote_logging_port=4560
    gc_monitor_threshold=200ms
    load_kernel_extensions=true
    array_block_size=120
    intercept_committing_transactions=false
    node_auto_indexing=false
    neostore.relationshipstore.db.mapped_memory=33M
    dump_configuration=false
    gc_monitor_wait_time=100ms
    cache_type=soft
    intercept_deserialized_transactions=false
    neostore.nodestore.db.mapped_memory=7M
    neo4j.ext.udc.first_delay=600000
    neo4j.ext.udc.reg=unreg
    lucene_searcher_cache_size=2147483647
    neo4j.ext.udc.interval=86400000
    use_memory_mapped_buffers=false
    rebuild_idgenerators_fast=true
    ephemeral=false
    neostore.propertystore.db.index.keys.mapped_memory=1M
    neostore.propertystore.db.strings.mapped_memory=23M
    neostore.propertystore.db.arrays.mapped_memory=26M
    neo_store=C:\java\workspace_uDigSDK\neo4j\neo4j-store\neostore
    neostore.propertystore.db.index.mapped_memory=1M
    backup_slave=false
    neostore.propertystore.db.mapped_memory=27M
    gcr_cache_min_log_interval=60s
    relationship_auto_indexing=false
    relationship_grab_size=100
    string_block_size=120
    lucene_writer_cache_size=2147483647
    grab_file_lock=true
    node_cache_array_fraction=1.0
    remote_logging_enabled=false
    allow_store_upgrade=false
    execution_guard_enabled=false
    neo4j.ext.udc.enabled=true
    relationship_cache_array_fraction=1.0
2012-05-26 19:51:34.259+0000: Diagnostics providers:
    org.neo4j.kernel.configuration.Config
    org.neo4j.kernel.info.DiagnosticsManager
    SYSTEM_MEMORY
    JAVA_MEMORY
    OPERATING_SYSTEM
    JAVA_VIRTUAL_MACHINE
    CLASSPATH
    LIBRARY_PATH
    SYSTEM_PROPERTIES
2012-05-26 19:51:34.266+0000: System memory information:
    Total Physical memory: 1.97 GB
    Free Physical memory: 231.90 MB
    Committed virtual memory: 65.48 MB
    Total swap space: 5.67 GB
    Free swap space: 1.81 GB
2012-05-26 19:51:34.308+0000: JVM memory information:
    Free  memory: 23.74 MB
    Total memory: 30.19 MB
    Max   memory: 448.00 MB
    Garbage Collector: PS Scavenge: [PS Eden Space, PS Survivor Space]
    Garbage Collector: PS MarkSweep: [PS Eden Space, PS Survivor Space, PS Old Gen, PS Perm Gen]
    Memory Pool: Code Cache (Non-heap memory): committed=2.44 MB, used=503.25 kB, max=48.00 MB, threshold=0.00 B
    Memory Pool: PS Eden Space (Heap memory): committed=7.88 MB, used=5.97 MB, max=165.38 MB, threshold=?
    Memory Pool: PS Survivor Space (Heap memory): committed=1.31 MB, used=496.07 kB, max=1.31 MB, threshold=?
    Memory Pool: PS Old Gen (Heap memory): committed=21.00 MB, used=0.00 B, max=336.00 MB, threshold=0.00 B
    Memory Pool: PS Perm Gen (Non-heap memory): committed=20.75 MB, used=7.52 MB, max=84.00 MB, threshold=0.00 B
2012-05-26 19:51:34.387+0000: Operating system information:
    Operating System: Windows 7; version: 6.1; arch: amd64; cpus: 2
    Process id: 11016@Carol-PC
    Byte order: LITTLE_ENDIAN
2012-05-26 19:51:34.764+0000: JVM information:
    VM Name: Java HotSpot(TM) 64-Bit Server VM
    VM Vendor: Sun Microsystems Inc.
    VM Version: 14.3-b01
    JIT compiler: HotSpot 64-Bit Server Compiler
    VM Arguments: [-Dfile.encoding=UTF-8]
2012-05-26 19:51:34.779+0000: Java classpath:
     [classpath + loader.0] file:/C:/Users/Carol/.m2/repository/org/neo4j/neo4j/1.7/neo4j-1.7.jar
     [bootstrap] C:\java\eclipse\jre\lib\resources.jar
     [loader.1] file:/C:/java/eclipse/jre/lib/ext/jai_imageio.jar
     [loader.1] file:/C:/java/eclipse/jre/lib/ext/vecmath.jar
     [loader.1] file:/C:/java/eclipse/jre/lib/ext/j3dcore.jar
     [classpath + loader.0] file:/C:/Users/Carol/.m2/repository/org/scala-lang/scala-library/2.9.0-1/scala-library-2.9.0-1.jar
     [classpath + loader.0] file:/C:/Users/Carol/.m2/repository/org/neo4j/neo4j-graph-algo/1.7/neo4j-graph-algo-1.7.jar
     [classpath + loader.0] file:/C:/Users/Carol/.m2/repository/org/apache/lucene/lucene-core/3.5.0/lucene-core-3.5.0.jar
     [classpath + loader.0] file:/C:/Users/Carol/.m2/repository/org/neo4j/neo4j-cypher/1.7/neo4j-cypher-1.7.jar
     [loader.1] file:/C:/java/eclipse/jre/lib/ext/localedata.jar
     [loader.1] file:/C:/java/eclipse/jre/lib/ext/j3dutils.jar
     [classpath + loader.0] file:/C:/Users/Carol/.m2/repository/org/neo4j/neo4j-kernel/1.7/neo4j-kernel-1.7.jar
     [bootstrap] C:\java\eclipse\jre\lib\jce.jar
     [bootstrap] C:\java\eclipse\jre\lib\sunrsasign.jar
     [classpath + loader.0] file:/C:/Users/Carol/.m2/repository/org/apache/geronimo/specs/geronimo-jta_1.1_spec/1.1.1/geronimo-jta_1.1_spec-1.1.1.jar
     [classpath + loader.0] file:/C:/Users/Carol/.m2/repository/org/neo4j/neo4j-graph-matching/1.7/neo4j-graph-matching-1.7.jar
     [loader.1] file:/C:/java/eclipse/jre/lib/ext/dnsns.jar
     [loader.1] file:/C:/java/eclipse/jre/lib/ext/jai_core.jar
     [loader.1] file:/C:/java/eclipse/jre/lib/ext/sunjce_provider.jar
     [bootstrap] C:\java\eclipse\jre\lib\rt.jar
     [bootstrap] C:\java\eclipse\jre\lib\charsets.jar
     [loader.1] file:/C:/java/eclipse/jre/lib/ext/jai_codec.jar
     [loader.1] file:/C:/java/eclipse/jre/lib/ext/clibwrapper_jiio.jar
     [classpath + loader.0] file:/C:/Users/Carol/.m2/repository/org/neo4j/neo4j-lucene-index/1.7/neo4j-lucene-index-1.7.jar
     [bootstrap] C:\java\eclipse\jre\classes
     [bootstrap] C:\java\eclipse\jre\lib\jsse.jar
     [classpath + loader.0] file:/C:/Users/Carol/.m2/repository/org/neo4j/neo4j-udc/1.7/neo4j-udc-1.7.jar
     [loader.1] file:/C:/java/eclipse/jre/lib/ext/mlibwrapper_jai.jar
     [classpath + loader.0] file:/C:/java/workspace_uDigSDK/neo4j/target/classes/
     [classpath + loader.0] file:/C:/Users/Carol/.m2/repository/org/neo4j/neo4j-jmx/1.7/neo4j-jmx-1.7.jar
2012-05-26 19:51:35.142+0000: Library path:
    C:\java\eclipse\jre\bin
    C:\java\workspace_uDigSDK\neo4j
    C:\Windows\Sun\Java\bin
    C:\Windows\System32
    C:\Windows
    C:\java\eclipse\jre\bin\server
    C:\java\eclipse\jre\bin
    C:\java\eclipse\jre\lib\amd64
    C:\Windows\System32
    C:\Windows
    C:\Windows\System32\wbem
    C:\Windows\System32\WindowsPowerShell\v1.0
    C:\Program Files\Trend Micro\AMSP
    C:\Program Files (x86)\Git\cmd
    C:\Program Files (x86)\Git\bin
    C:\java\apache-maven-3.0.4\bin
    C:\Windows\System32
    C:\Windows
    C:\Windows\System32\wbem
    C:\Windows\System32\WindowsPowerShell\v1.0
    C:\Program Files\Trend Micro\AMSP
    C:\Program Files (x86)\Git\cmd
    C:\Program Files (x86)\Git\bin
    C:\java\apache-maven-3.0.4\bin
    C:\Program Files\Java\jdk1.7.0\bin
    C:\java\apache-maven-3.0.4\bin
    C:\java\apache-maven-3.0.4\bin
    C:\java\eclipse
2012-05-26 19:51:35.364+0000: System.properties:
    sun.boot.library.path = C:\java\eclipse\jre\bin
    path.separator = ;
    file.encoding.pkg = sun.io
    sun.java.launcher = SUN_STANDARD
    user.country = US
    sun.os.patch.level = Service Pack 1
    user.dir = C:\java\workspace_uDigSDK\neo4j
    user.variant = 
    sun.jnu.encoding = Cp1252
    sun.management.compiler = HotSpot 64-Bit Server Compiler
    user.home = C:\Users\Carol
    user.timezone = America/Chicago
    file.encoding = UTF-8
    user.name = Carol
    sun.arch.data.model = 64
    user.language = en
    awt.toolkit = sun.awt.windows.WToolkit
    file.separator = \
    sun.io.unicode.encoding = UnicodeLittle
    sun.cpu.endian = little
    sun.desktop = windows
    sun.cpu.isalist = amd64
2012-05-26 19:51:35.371+0000: --- STARTUP diagnostics END ---
2012-05-26 19:51:35.922+0000: Extension org.neo4j.kernel.KernelExtension[kernel udc] loaded ok
2012-05-26 19:51:36.286+0000: Extension org.neo4j.kernel.KernelExtension[kernel jmx] loaded ok
2012-05-26 19:51:36.308+0000: --- STARTUP diagnostics for KernelDiagnostics:Versions START ---
2012-05-26 19:51:36.312+0000: Graph Database: org.neo4j.kernel.EmbeddedGraphDatabase StoreId[time:1338061892317, id:9008048029070599832, store version: 13561656364791302]
2012-05-26 19:51:36.316+0000: Kernel version: Neo4j - Graph Database Kernel 1.7
2012-05-26 19:51:36.319+0000: Neo4j component versions:
2012-05-26 19:51:36.325+0000:   Neo4j - Graph Database Kernel 1.7
2012-05-26 19:51:36.329+0000: --- STARTUP diagnostics for KernelDiagnostics:Versions END ---
2012-05-26 19:51:36.345+0000: --- STARTUP diagnostics for NEO_STORE_VERSIONS START ---
2012-05-26 19:51:36.352+0000: Store versions:
    Store versions:
      NeoStore v0.A.0
      NodeStore v0.A.0
      RelationshipStore v0.A.0
      RelationshipTypeStore v0.A.0
      PropertyStore v0.A.0
      PropertyIndexStore v0.A.0
      StringPropertyStore v0.A.0
      ArrayPropertyStore v0.A.0
2012-05-26 19:51:36.356+0000: --- STARTUP diagnostics for NEO_STORE_VERSIONS END ---
2012-05-26 19:51:36.360+0000: --- STARTUP diagnostics for NEO_STORE_ID_USAGE START ---
2012-05-26 19:51:36.365+0000: Id usage:
    Id usage:
      NodeStore: used=1 high=0
      RelationshipStore: used=0 high=-1
      RelationshipTypeStore: used=0 high=-1
      PropertyStore: used=0 high=-1
      PropertyIndexStore: used=0 high=-1
      StringPropertyStore: used=1 high=0
      ArrayPropertyStore: used=1 high=0
2012-05-26 19:51:36.371+0000: --- STARTUP diagnostics for NEO_STORE_ID_USAGE END ---
2012-05-26 19:51:36.375+0000: --- STARTUP diagnostics for KernelDiagnostics:StoreFiles START ---
2012-05-26 19:51:36.378+0000: Storage files:
    active_tx_log: 11.00 B
    index:
      lucene-store.db: 40.00 B
      lucene.log.1: 16.00 B
      lucene.log.active: 4.00 B
    - Total: 60.00 B
    lock: 0.00 B
    messages.log: 9.83 kB
    neostore: 54.00 B
    neostore.id: 9.00 B
    neostore.nodestore.db: 9.00 B
    neostore.nodestore.db.id: 9.00 B
    neostore.propertystore.db: 0.00 B
    neostore.propertystore.db.arrays: 128.00 B
    neostore.propertystore.db.arrays.id: 9.00 B
    neostore.propertystore.db.id: 9.00 B
    neostore.propertystore.db.index: 0.00 B
    neostore.propertystore.db.index.id: 9.00 B
    neostore.propertystore.db.index.keys: 38.00 B
    neostore.propertystore.db.index.keys.id: 9.00 B
    neostore.propertystore.db.strings: 128.00 B
    neostore.propertystore.db.strings.id: 9.00 B
    neostore.relationshipstore.db: 0.00 B
    neostore.relationshipstore.db.id: 9.00 B
    neostore.relationshiptypestore.db: 0.00 B
    neostore.relationshiptypestore.db.id: 9.00 B
    neostore.relationshiptypestore.db.names: 38.00 B
    neostore.relationshiptypestore.db.names.id: 9.00 B
    nioneo_logical.log.1: 16.00 B
    nioneo_logical.log.active: 4.00 B
    tm_tx_log.1: 0.00 B
2012-05-26 19:51:36.599+0000: --- STARTUP diagnostics for KernelDiagnostics:StoreFiles END ---
2012-05-26 19:51:36.612+0000: Started - database is now available
2012-05-26 19:51:36.617+0000: GC Monitor started. 
2012-05-26 19:51:38.061+0000: Stopping - database is now unavailable
2012-05-26 19:51:38.104+0000: TM shutting down
2012-05-26 19:51:38.130+0000: GC Monitor stopped. 
2012-05-26 19:51:38.427+0000: NeoStore closed
2012-05-26 19:51:38.430+0000: --- SHUTDOWN diagnostics START ---
2012-05-26 19:51:38.434+0000: --- SHUTDOWN diagnostics END ---
2012-05-26 20:05:56.184+0000: Non clean shutdown detected on log [C:\java\workspace_uDigSDK\neo4j\neo4j-store\nioneo_logical.log.1]. Recovery started ...
2012-05-26 20:05:56.244+0000: [C:\java\workspace_uDigSDK\neo4j\neo4j-store\nioneo_logical.log.1] logVersion=0 with committed tx=1
2012-05-26 20:05:56.406+0000: [C:\java\workspace_uDigSDK\neo4j\neo4j-store\nioneo_logical.log.1] entries found=8 lastEntryPos=291
2012-05-26 20:05:56.411+0000: Internal recovery completed, scanned 8 log entries. Recovered 2 transactions. Last tx recovered: 3
2012-05-26 20:05:56.415+0000: XaResourceManager[C:\java\workspace_uDigSDK\neo4j\neo4j-store\nioneo_logical.log] sorting 0 xids
2012-05-26 20:05:56.423+0000: XaResourceManager[C:\java\workspace_uDigSDK\neo4j\neo4j-store\nioneo_logical.log] checkRecoveryComplete 0 xids
2012-05-26 20:05:56.434+0000: XaResourceManager[C:\java\workspace_uDigSDK\neo4j\neo4j-store\nioneo_logical.log] recovery completed.
2012-05-26 20:05:56.438+0000: Recovery on log [C:\java\workspace_uDigSDK\neo4j\neo4j-store\nioneo_logical.log.1] completed.
2012-05-26 20:05:57.173+0000: TM opening log: C:\java\workspace_uDigSDK\neo4j\neo4j-store\tm_tx_log.1
2012-05-26 20:05:57.646+0000: Non clean shutdown detected on log [C:\java\workspace_uDigSDK\neo4j\neo4j-store\index\lucene.log.1]. Recovery started ...
2012-05-26 20:05:57.652+0000: [C:\java\workspace_uDigSDK\neo4j\neo4j-store\index\lucene.log.1] logVersion=0 with committed tx=1
2012-05-26 20:05:57.718+0000: [C:\java\workspace_uDigSDK\neo4j\neo4j-store\index\lucene.log.1] entries found=4 lastEntryPos=187
2012-05-26 20:05:57.723+0000: Internal recovery completed, scanned 4 log entries. Recovered 1 transactions. Last tx recovered: 2
2012-05-26 20:05:57.727+0000: XaResourceManager[C:\java\workspace_uDigSDK\neo4j\neo4j-store\index\lucene.log] sorting 0 xids
2012-05-26 20:05:57.731+0000: XaResourceManager[C:\java\workspace_uDigSDK\neo4j\neo4j-store\index\lucene.log] checkRecoveryComplete 0 xids
2012-05-26 20:05:57.734+0000: XaResourceManager[C:\java\workspace_uDigSDK\neo4j\neo4j-store\index\lucene.log] recovery completed.
2012-05-26 20:05:57.738+0000: Recovery on log [C:\java\workspace_uDigSDK\neo4j\neo4j-store\index\lucene.log.1] completed.
2012-05-26 20:05:57.756+0000: --- STARTUP diagnostics START ---
2012-05-26 20:05:57.785+0000: Neo4j Kernel properties:
    store_dir=C:\java\workspace_uDigSDK\neo4j\neo4j-store
    remote_logging_host=127.0.0.1
    read_only=false
    neo4j.ext.udc.host=udc.neo4j.org
    logical_log=C:\java\workspace_uDigSDK\neo4j\neo4j-store\nioneo_logical.log
    remote_logging_port=4560
    gc_monitor_threshold=200ms
    load_kernel_extensions=true
    array_block_size=120
    intercept_committing_transactions=false
    node_auto_indexing=false
    neostore.relationshipstore.db.mapped_memory=33M
    dump_configuration=false
    gc_monitor_wait_time=100ms
    cache_type=soft
    intercept_deserialized_transactions=false
    neostore.nodestore.db.mapped_memory=7M
    neo4j.ext.udc.first_delay=600000
    neo4j.ext.udc.reg=unreg
    lucene_searcher_cache_size=2147483647
    neo4j.ext.udc.interval=86400000
    use_memory_mapped_buffers=false
    rebuild_idgenerators_fast=true
    ephemeral=false
    neostore.propertystore.db.index.keys.mapped_memory=1M
    neostore.propertystore.db.strings.mapped_memory=23M
    neostore.propertystore.db.arrays.mapped_memory=26M
    neo_store=C:\java\workspace_uDigSDK\neo4j\neo4j-store\neostore
    neostore.propertystore.db.index.mapped_memory=1M
    backup_slave=false
    neostore.propertystore.db.mapped_memory=27M
    gcr_cache_min_log_interval=60s
    relationship_auto_indexing=false
    relationship_grab_size=100
    string_block_size=120
    lucene_writer_cache_size=2147483647
    grab_file_lock=true
    node_cache_array_fraction=1.0
    remote_logging_enabled=false
    allow_store_upgrade=false
    execution_guard_enabled=false
    neo4j.ext.udc.enabled=true
    relationship_cache_array_fraction=1.0
2012-05-26 20:05:57.853+0000: Diagnostics providers:
    org.neo4j.kernel.configuration.Config
    org.neo4j.kernel.info.DiagnosticsManager
    SYSTEM_MEMORY
    JAVA_MEMORY
    OPERATING_SYSTEM
    JAVA_VIRTUAL_MACHINE
    CLASSPATH
    LIBRARY_PATH
    SYSTEM_PROPERTIES
2012-05-26 20:05:57.861+0000: System memory information:
    Total Physical memory: 1.97 GB
    Free Physical memory: 161.71 MB
    Committed virtual memory: 65.02 MB
    Total swap space: 5.67 GB
    Free swap space: 1.56 GB
2012-05-26 20:05:57.932+0000: JVM memory information:
    Free  memory: 24.19 MB
    Total memory: 30.19 MB
    Max   memory: 448.00 MB
    Garbage Collector: PS Scavenge: [PS Eden Space, PS Survivor Space]
    Garbage Collector: PS MarkSweep: [PS Eden Space, PS Survivor Space, PS Old Gen, PS Perm Gen]
    Memory Pool: Code Cache (Non-heap memory): committed=2.44 MB, used=506.50 kB, max=48.00 MB, threshold=0.00 B
    Memory Pool: PS Eden Space (Heap memory): committed=7.88 MB, used=5.54 MB, max=165.38 MB, threshold=?
    Memory Pool: PS Survivor Space (Heap memory): committed=1.31 MB, used=464.07 kB, max=1.31 MB, threshold=?
    Memory Pool: PS Old Gen (Heap memory): committed=21.00 MB, used=0.00 B, max=336.00 MB, threshold=0.00 B
    Memory Pool: PS Perm Gen (Non-heap memory): committed=20.75 MB, used=7.81 MB, max=84.00 MB, threshold=0.00 B
2012-05-26 20:05:58.010+0000: Operating system information:
    Operating System: Windows 7; version: 6.1; arch: amd64; cpus: 2
    Process id: 9248@Carol-PC
    Byte order: LITTLE_ENDIAN
2012-05-26 20:05:58.515+0000: JVM information:
    VM Name: Java HotSpot(TM) 64-Bit Server VM
    VM Vendor: Sun Microsystems Inc.
    VM Version: 14.3-b01
    JIT compiler: HotSpot 64-Bit Server Compiler
    VM Arguments: [-Dfile.encoding=UTF-8]
2012-05-26 20:05:58.535+0000: Java classpath:
     [classpath + loader.0] file:/C:/Users/Carol/.m2/repository/org/neo4j/neo4j/1.7/neo4j-1.7.jar
     [bootstrap] C:\java\eclipse\jre\lib\resources.jar
     [loader.1] file:/C:/java/eclipse/jre/lib/ext/jai_imageio.jar
     [loader.1] file:/C:/java/eclipse/jre/lib/ext/vecmath.jar
     [loader.1] file:/C:/java/eclipse/jre/lib/ext/j3dcore.jar
     [classpath + loader.0] file:/C:/Users/Carol/.m2/repository/org/scala-lang/scala-library/2.9.0-1/scala-library-2.9.0-1.jar
     [classpath + loader.0] file:/C:/Users/Carol/.m2/repository/org/neo4j/neo4j-graph-algo/1.7/neo4j-graph-algo-1.7.jar
     [classpath + loader.0] file:/C:/Users/Carol/.m2/repository/org/apache/lucene/lucene-core/3.5.0/lucene-core-3.5.0.jar
     [classpath + loader.0] file:/C:/Users/Carol/.m2/repository/org/neo4j/neo4j-cypher/1.7/neo4j-cypher-1.7.jar
     [loader.1] file:/C:/java/eclipse/jre/lib/ext/localedata.jar
     [loader.1] file:/C:/java/eclipse/jre/lib/ext/j3dutils.jar
     [classpath + loader.0] file:/C:/Users/Carol/.m2/repository/org/neo4j/neo4j-kernel/1.7/neo4j-kernel-1.7.jar
     [bootstrap] C:\java\eclipse\jre\lib\jce.jar
     [bootstrap] C:\java\eclipse\jre\lib\sunrsasign.jar
     [classpath + loader.0] file:/C:/Users/Carol/.m2/repository/org/apache/geronimo/specs/geronimo-jta_1.1_spec/1.1.1/geronimo-jta_1.1_spec-1.1.1.jar
     [classpath + loader.0] file:/C:/Users/Carol/.m2/repository/org/neo4j/neo4j-graph-matching/1.7/neo4j-graph-matching-1.7.jar
     [loader.1] file:/C:/java/eclipse/jre/lib/ext/dnsns.jar
     [loader.1] file:/C:/java/eclipse/jre/lib/ext/jai_core.jar
     [loader.1] file:/C:/java/eclipse/jre/lib/ext/sunjce_provider.jar
     [bootstrap] C:\java\eclipse\jre\lib\rt.jar
     [bootstrap] C:\java\eclipse\jre\lib\charsets.jar
     [loader.1] file:/C:/java/eclipse/jre/lib/ext/jai_codec.jar
     [loader.1] file:/C:/java/eclipse/jre/lib/ext/clibwrapper_jiio.jar
     [classpath + loader.0] file:/C:/Users/Carol/.m2/repository/org/neo4j/neo4j-lucene-index/1.7/neo4j-lucene-index-1.7.jar
     [bootstrap] C:\java\eclipse\jre\classes
     [bootstrap] C:\java\eclipse\jre\lib\jsse.jar
     [classpath + loader.0] file:/C:/Users/Carol/.m2/repository/org/neo4j/neo4j-udc/1.7/neo4j-udc-1.7.jar
     [loader.1] file:/C:/java/eclipse/jre/lib/ext/mlibwrapper_jai.jar
     [classpath + loader.0] file:/C:/java/workspace_uDigSDK/neo4j/target/classes/
     [classpath + loader.0] file:/C:/Users/Carol/.m2/repository/org/neo4j/neo4j-jmx/1.7/neo4j-jmx-1.7.jar
2012-05-26 20:05:58.544+0000: Library path:
    C:\java\eclipse\jre\bin
    C:\java\workspace_uDigSDK\neo4j
    C:\Windows\Sun\Java\bin
    C:\Windows\System32
    C:\Windows
    C:\java\eclipse\jre\bin\server
    C:\java\eclipse\jre\bin
    C:\java\eclipse\jre\lib\amd64
    C:\Windows\System32
    C:\Windows
    C:\Windows\System32\wbem
    C:\Windows\System32\WindowsPowerShell\v1.0
    C:\Program Files\Trend Micro\AMSP
    C:\Program Files (x86)\Git\cmd
    C:\Program Files (x86)\Git\bin
    C:\java\apache-maven-3.0.4\bin
    C:\Windows\System32
    C:\Windows
    C:\Windows\System32\wbem
    C:\Windows\System32\WindowsPowerShell\v1.0
    C:\Program Files\Trend Micro\AMSP
    C:\Program Files (x86)\Git\cmd
    C:\Program Files (x86)\Git\bin
    C:\java\apache-maven-3.0.4\bin
    C:\Program Files\Java\jdk1.7.0\bin
    C:\java\apache-maven-3.0.4\bin
    C:\java\apache-maven-3.0.4\bin
    C:\java\eclipse
2012-05-26 20:05:58.757+0000: System.properties:
    sun.boot.library.path = C:\java\eclipse\jre\bin
    path.separator = ;
    file.encoding.pkg = sun.io
    sun.java.launcher = SUN_STANDARD
    user.country = US
    sun.os.patch.level = Service Pack 1
    user.dir = C:\java\workspace_uDigSDK\neo4j
    user.variant = 
    sun.jnu.encoding = Cp1252
    sun.management.compiler = HotSpot 64-Bit Server Compiler
    user.home = C:\Users\Carol
    user.timezone = America/Chicago
    file.encoding = UTF-8
    user.name = Carol
    sun.arch.data.model = 64
    user.language = en
    awt.toolkit = sun.awt.windows.WToolkit
    file.separator = \
    sun.io.unicode.encoding = UnicodeLittle
    sun.cpu.endian = little
    sun.desktop = windows
    sun.cpu.isalist = amd64
2012-05-26 20:05:58.762+0000: --- STARTUP diagnostics END ---
2012-05-26 20:05:58.770+0000: TM non resolved transactions found in C:\java\workspace_uDigSDK\neo4j\neo4j-store\tm_tx_log.1
2012-05-26 20:05:58.802+0000: TM: no match found for in total 2 transaction that should have been rolled back
2012-05-26 20:05:58.810+0000: Rotating [C:\java\workspace_uDigSDK\neo4j\neo4j-store\index\lucene.log.1] @ version=0 to C:\java\workspace_uDigSDK\neo4j\neo4j-store\index\lucene.log.2 from position 187
2012-05-26 20:05:58.820+0000: Rotate: old log scanned, newLog @ pos=16
2012-05-26 20:05:58.894+0000: Log rotated, newLog @ pos=16, version 1 and last tx 2
2012-05-26 20:05:58.904+0000: Rotating [C:\java\workspace_uDigSDK\neo4j\neo4j-store\nioneo_logical.log.1] @ version=0 to C:\java\workspace_uDigSDK\neo4j\neo4j-store\nioneo_logical.log.2 from position 291
2012-05-26 20:05:58.914+0000: Rotate: old log scanned, newLog @ pos=16
2012-05-26 20:05:58.985+0000: Log rotated, newLog @ pos=16, version 1 and last tx 3
2012-05-26 20:05:58.989+0000: Recovery completed, all transactions have been resolved to a consistent state.
2012-05-26 20:05:59.722+0000: Extension org.neo4j.kernel.KernelExtension[kernel udc] loaded ok
2012-05-26 20:06:00.017+0000: Extension org.neo4j.kernel.KernelExtension[kernel jmx] loaded ok
2012-05-26 20:06:00.058+0000: --- STARTUP diagnostics for KernelDiagnostics:Versions START ---
2012-05-26 20:06:00.062+0000: Graph Database: org.neo4j.kernel.EmbeddedGraphDatabase StoreId[time:1338061892317, id:9008048029070599832, store version: 13561656364791302]
2012-05-26 20:06:00.066+0000: Kernel version: Neo4j - Graph Database Kernel 1.7
2012-05-26 20:06:00.071+0000: Neo4j component versions:
2012-05-26 20:06:00.078+0000:   Neo4j - Graph Database Kernel 1.7
2012-05-26 20:06:00.083+0000: --- STARTUP diagnostics for KernelDiagnostics:Versions END ---
2012-05-26 20:06:00.100+0000: --- STARTUP diagnostics for NEO_STORE_VERSIONS START ---
2012-05-26 20:06:00.112+0000: Store versions:
    Store versions:
      NeoStore v0.A.0
      NodeStore v0.A.0
      RelationshipStore v0.A.0
      RelationshipTypeStore v0.A.0
      PropertyStore v0.A.0
      PropertyIndexStore v0.A.0
      StringPropertyStore v0.A.0
      ArrayPropertyStore v0.A.0
2012-05-26 20:06:00.118+0000: --- STARTUP diagnostics for NEO_STORE_VERSIONS END ---
2012-05-26 20:06:00.122+0000: --- STARTUP diagnostics for NEO_STORE_ID_USAGE START ---
2012-05-26 20:06:00.126+0000: Id usage:
    Id usage:
      NodeStore: used=102 high=101
      RelationshipStore: used=101 high=100
      RelationshipTypeStore: used=2 high=1
      PropertyStore: used=100 high=99
      PropertyIndexStore: used=1 high=0
      StringPropertyStore: used=1 high=0
      ArrayPropertyStore: used=1 high=0
2012-05-26 20:06:00.132+0000: --- STARTUP diagnostics for NEO_STORE_ID_USAGE END ---
2012-05-26 20:06:00.135+0000: --- STARTUP diagnostics for KernelDiagnostics:StoreFiles START ---
2012-05-26 20:06:00.139+0000: Storage files:
    active_tx_log: 11.00 B
    index:
      lucene:
        node:
          nodes:
            segments.gen: 20.00 B
            segments_1: 32.00 B
          - Total: 52.00 B
        - Total: 52.00 B
      - Total: 52.00 B
      lucene-store.db: 40.00 B
      lucene.log.2: 16.00 B
      lucene.log.active: 4.00 B
    - Total: 112.00 B
    index.db: 103.00 B
    lock: 0.00 B
    messages.log: 24.41 kB
    neostore: 54.00 B
    neostore.id: 9.00 B
    neostore.nodestore.db: 918.00 B
    neostore.nodestore.db.id: 9.00 B
    neostore.propertystore.db: 4.00 kB
    neostore.propertystore.db.arrays: 128.00 B
    neostore.propertystore.db.arrays.id: 9.00 B
    neostore.propertystore.db.id: 9.00 B
    neostore.propertystore.db.index: 9.00 B
    neostore.propertystore.db.index.id: 9.00 B
    neostore.propertystore.db.index.keys: 76.00 B
    neostore.propertystore.db.index.keys.id: 9.00 B
    neostore.propertystore.db.strings: 128.00 B
    neostore.propertystore.db.strings.id: 9.00 B
    neostore.relationshipstore.db: 3.25 kB
    neostore.relationshipstore.db.id: 9.00 B
    neostore.relationshiptypestore.db: 10.00 B
    neostore.relationshiptypestore.db.id: 9.00 B
    neostore.relationshiptypestore.db.names: 114.00 B
    neostore.relationshiptypestore.db.names.id: 9.00 B
    nioneo_logical.log.2: 16.00 B
    nioneo_logical.log.active: 4.00 B
    tm_tx_log.1: 0.00 B
2012-05-26 20:06:00.427+0000: --- STARTUP diagnostics for KernelDiagnostics:StoreFiles END ---
2012-05-26 20:06:00.442+0000: Started - database is now available
2012-05-26 20:06:00.446+0000: GC Monitor started. 
2012-05-26 20:06:01.833+0000: Stopping - database is now unavailable
2012-05-26 20:06:01.842+0000: TM shutting down
2012-05-26 20:06:01.860+0000: GC Monitor stopped. 
2012-05-26 20:06:02.609+0000: NeoStore closed
2012-05-26 20:06:02.616+0000: --- SHUTDOWN diagnostics START ---
2012-05-26 20:06:02.619+0000: --- SHUTDOWN diagnostics END ---
2012-05-26 20:16:43.876+0000: Non clean shutdown detected on log [C:\java\workspace_uDigSDK\neo4j\neo4j-store\nioneo_logical.log.2]. Recovery started ...
2012-05-26 20:16:43.900+0000: [C:\java\workspace_uDigSDK\neo4j\neo4j-store\nioneo_logical.log.2] logVersion=1 with committed tx=3
2012-05-26 20:16:43.904+0000: [C:\java\workspace_uDigSDK\neo4j\neo4j-store\nioneo_logical.log.2] entries found=0 lastEntryPos=16
2012-05-26 20:16:43.908+0000: Internal recovery completed, scanned 0 log entries. Recovered 0 transactions. Last tx recovered: -1
2012-05-26 20:16:43.912+0000: XaResourceManager[C:\java\workspace_uDigSDK\neo4j\neo4j-store\nioneo_logical.log] sorting 0 xids
2012-05-26 20:16:43.918+0000: XaResourceManager[C:\java\workspace_uDigSDK\neo4j\neo4j-store\nioneo_logical.log] checkRecoveryComplete 0 xids
2012-05-26 20:16:43.931+0000: XaResourceManager[C:\java\workspace_uDigSDK\neo4j\neo4j-store\nioneo_logical.log] recovery completed.
2012-05-26 20:16:43.935+0000: Recovery on log [C:\java\workspace_uDigSDK\neo4j\neo4j-store\nioneo_logical.log.2] completed.
2012-05-26 20:16:43.990+0000: TM opening log: C:\java\workspace_uDigSDK\neo4j\neo4j-store\tm_tx_log.1
2012-05-26 20:16:44.238+0000: Non clean shutdown detected on log [C:\java\workspace_uDigSDK\neo4j\neo4j-store\index\lucene.log.2]. Recovery started ...
2012-05-26 20:16:44.243+0000: [C:\java\workspace_uDigSDK\neo4j\neo4j-store\index\lucene.log.2] logVersion=1 with committed tx=2
2012-05-26 20:16:44.246+0000: [C:\java\workspace_uDigSDK\neo4j\neo4j-store\index\lucene.log.2] entries found=0 lastEntryPos=16
2012-05-26 20:16:44.250+0000: Internal recovery completed, scanned 0 log entries. Recovered 0 transactions. Last tx recovered: -1
2012-05-26 20:16:44.253+0000: XaResourceManager[C:\java\workspace_uDigSDK\neo4j\neo4j-store\index\lucene.log] sorting 0 xids
2012-05-26 20:16:44.257+0000: XaResourceManager[C:\java\workspace_uDigSDK\neo4j\neo4j-store\index\lucene.log] checkRecoveryComplete 0 xids
2012-05-26 20:16:44.260+0000: XaResourceManager[C:\java\workspace_uDigSDK\neo4j\neo4j-store\index\lucene.log] recovery completed.
2012-05-26 20:16:44.263+0000: Recovery on log [C:\java\workspace_uDigSDK\neo4j\neo4j-store\index\lucene.log.2] completed.
2012-05-26 20:16:44.277+0000: --- STARTUP diagnostics START ---
2012-05-26 20:16:44.287+0000: Neo4j Kernel properties:
    store_dir=C:\java\workspace_uDigSDK\neo4j\neo4j-store
    remote_logging_host=127.0.0.1
    read_only=false
    neo4j.ext.udc.host=udc.neo4j.org
    logical_log=C:\java\workspace_uDigSDK\neo4j\neo4j-store\nioneo_logical.log
    remote_logging_port=4560
    gc_monitor_threshold=200ms
    load_kernel_extensions=true
    array_block_size=120
    intercept_committing_transactions=false
    node_auto_indexing=false
    neostore.relationshipstore.db.mapped_memory=33M
    dump_configuration=false
    gc_monitor_wait_time=100ms
    cache_type=soft
    intercept_deserialized_transactions=false
    neostore.nodestore.db.mapped_memory=7M
    neo4j.ext.udc.first_delay=600000
    neo4j.ext.udc.reg=unreg
    lucene_searcher_cache_size=2147483647
    neo4j.ext.udc.interval=86400000
    use_memory_mapped_buffers=false
    rebuild_idgenerators_fast=true
    ephemeral=false
    neostore.propertystore.db.index.keys.mapped_memory=1M
    neostore.propertystore.db.strings.mapped_memory=23M
    neostore.propertystore.db.arrays.mapped_memory=26M
    neo_store=C:\java\workspace_uDigSDK\neo4j\neo4j-store\neostore
    neostore.propertystore.db.index.mapped_memory=1M
    backup_slave=false
    neostore.propertystore.db.mapped_memory=27M
    gcr_cache_min_log_interval=60s
    relationship_auto_indexing=false
    relationship_grab_size=100
    string_block_size=120
    lucene_writer_cache_size=2147483647
    grab_file_lock=true
    node_cache_array_fraction=1.0
    remote_logging_enabled=false
    allow_store_upgrade=false
    execution_guard_enabled=false
    neo4j.ext.udc.enabled=true
    relationship_cache_array_fraction=1.0
2012-05-26 20:16:44.320+0000: Diagnostics providers:
    org.neo4j.kernel.configuration.Config
    org.neo4j.kernel.info.DiagnosticsManager
    SYSTEM_MEMORY
    JAVA_MEMORY
    OPERATING_SYSTEM
    JAVA_VIRTUAL_MACHINE
    CLASSPATH
    LIBRARY_PATH
    SYSTEM_PROPERTIES
2012-05-26 20:16:44.329+0000: System memory information:
    Total Physical memory: 1.97 GB
    Free Physical memory: 179.31 MB
    Committed virtual memory: 65.45 MB
    Total swap space: 5.67 GB
    Free swap space: 1.64 GB
2012-05-26 20:16:44.353+0000: JVM memory information:
    Free  memory: 24.98 MB
    Total memory: 30.19 MB
    Max   memory: 448.00 MB
    Garbage Collector: PS Scavenge: [PS Eden Space, PS Survivor Space]
    Garbage Collector: PS MarkSweep: [PS Eden Space, PS Survivor Space, PS Old Gen, PS Perm Gen]
    Memory Pool: Code Cache (Non-heap memory): committed=2.44 MB, used=503.06 kB, max=48.00 MB, threshold=0.00 B
    Memory Pool: PS Eden Space (Heap memory): committed=7.88 MB, used=4.76 MB, max=165.38 MB, threshold=?
    Memory Pool: PS Survivor Space (Heap memory): committed=1.31 MB, used=464.02 kB, max=1.31 MB, threshold=?
    Memory Pool: PS Old Gen (Heap memory): committed=21.00 MB, used=0.00 B, max=336.00 MB, threshold=0.00 B
    Memory Pool: PS Perm Gen (Non-heap memory): committed=20.75 MB, used=7.61 MB, max=84.00 MB, threshold=0.00 B
2012-05-26 20:16:44.365+0000: Operating system information:
    Operating System: Windows 7; version: 6.1; arch: amd64; cpus: 2
    Process id: 10972@Carol-PC
    Byte order: LITTLE_ENDIAN
2012-05-26 20:16:44.533+0000: JVM information:
    VM Name: Java HotSpot(TM) 64-Bit Server VM
    VM Vendor: Sun Microsystems Inc.
    VM Version: 14.3-b01
    JIT compiler: HotSpot 64-Bit Server Compiler
    VM Arguments: [-Dfile.encoding=UTF-8]
2012-05-26 20:16:44.538+0000: Java classpath:
     [classpath + loader.0] file:/C:/Users/Carol/.m2/repository/org/neo4j/neo4j/1.7/neo4j-1.7.jar
     [bootstrap] C:\java\eclipse\jre\lib\resources.jar
     [loader.1] file:/C:/java/eclipse/jre/lib/ext/jai_imageio.jar
     [loader.1] file:/C:/java/eclipse/jre/lib/ext/vecmath.jar
     [loader.1] file:/C:/java/eclipse/jre/lib/ext/j3dcore.jar
     [classpath + loader.0] file:/C:/Users/Carol/.m2/repository/org/scala-lang/scala-library/2.9.0-1/scala-library-2.9.0-1.jar
     [classpath + loader.0] file:/C:/Users/Carol/.m2/repository/org/neo4j/neo4j-graph-algo/1.7/neo4j-graph-algo-1.7.jar
     [classpath + loader.0] file:/C:/Users/Carol/.m2/repository/org/apache/lucene/lucene-core/3.5.0/lucene-core-3.5.0.jar
     [classpath + loader.0] file:/C:/Users/Carol/.m2/repository/org/neo4j/neo4j-cypher/1.7/neo4j-cypher-1.7.jar
     [loader.1] file:/C:/java/eclipse/jre/lib/ext/localedata.jar
     [loader.1] file:/C:/java/eclipse/jre/lib/ext/j3dutils.jar
     [classpath + loader.0] file:/C:/Users/Carol/.m2/repository/org/neo4j/neo4j-kernel/1.7/neo4j-kernel-1.7.jar
     [bootstrap] C:\java\eclipse\jre\lib\jce.jar
     [bootstrap] C:\java\eclipse\jre\lib\sunrsasign.jar
     [classpath + loader.0] file:/C:/Users/Carol/.m2/repository/org/apache/geronimo/specs/geronimo-jta_1.1_spec/1.1.1/geronimo-jta_1.1_spec-1.1.1.jar
     [classpath + loader.0] file:/C:/Users/Carol/.m2/repository/org/neo4j/neo4j-graph-matching/1.7/neo4j-graph-matching-1.7.jar
     [loader.1] file:/C:/java/eclipse/jre/lib/ext/dnsns.jar
     [loader.1] file:/C:/java/eclipse/jre/lib/ext/jai_core.jar
     [loader.1] file:/C:/java/eclipse/jre/lib/ext/sunjce_provider.jar
     [bootstrap] C:\java\eclipse\jre\lib\rt.jar
     [bootstrap] C:\java\eclipse\jre\lib\charsets.jar
     [loader.1] file:/C:/java/eclipse/jre/lib/ext/jai_codec.jar
     [loader.1] file:/C:/java/eclipse/jre/lib/ext/clibwrapper_jiio.jar
     [classpath + loader.0] file:/C:/Users/Carol/.m2/repository/org/neo4j/neo4j-lucene-index/1.7/neo4j-lucene-index-1.7.jar
     [bootstrap] C:\java\eclipse\jre\classes
     [bootstrap] C:\java\eclipse\jre\lib\jsse.jar
     [classpath + loader.0] file:/C:/Users/Carol/.m2/repository/org/neo4j/neo4j-udc/1.7/neo4j-udc-1.7.jar
     [loader.1] file:/C:/java/eclipse/jre/lib/ext/mlibwrapper_jai.jar
     [classpath + loader.0] file:/C:/java/workspace_uDigSDK/neo4j/target/classes/
     [classpath + loader.0] file:/C:/Users/Carol/.m2/repository/org/neo4j/neo4j-jmx/1.7/neo4j-jmx-1.7.jar
2012-05-26 20:16:44.548+0000: Library path:
    C:\java\eclipse\jre\bin
    C:\java\workspace_uDigSDK\neo4j
    C:\Windows\Sun\Java\bin
    C:\Windows\System32
    C:\Windows
    C:\java\eclipse\jre\bin\server
    C:\java\eclipse\jre\bin
    C:\java\eclipse\jre\lib\amd64
    C:\Windows\System32
    C:\Windows
    C:\Windows\System32\wbem
    C:\Windows\System32\WindowsPowerShell\v1.0
    C:\Program Files\Trend Micro\AMSP
    C:\Program Files (x86)\Git\cmd
    C:\Program Files (x86)\Git\bin
    C:\java\apache-maven-3.0.4\bin
    C:\Windows\System32
    C:\Windows
    C:\Windows\System32\wbem
    C:\Windows\System32\WindowsPowerShell\v1.0
    C:\Program Files\Trend Micro\AMSP
    C:\Program Files (x86)\Git\cmd
    C:\Program Files (x86)\Git\bin
    C:\java\apache-maven-3.0.4\bin
    C:\Program Files\Java\jdk1.7.0\bin
    C:\java\apache-maven-3.0.4\bin
    C:\java\apache-maven-3.0.4\bin
    C:\java\eclipse
2012-05-26 20:16:44.721+0000: System.properties:
    sun.boot.library.path = C:\java\eclipse\jre\bin
    path.separator = ;
    file.encoding.pkg = sun.io
    sun.java.launcher = SUN_STANDARD
    user.country = US
    sun.os.patch.level = Service Pack 1
    user.dir = C:\java\workspace_uDigSDK\neo4j
    user.variant = 
    sun.jnu.encoding = Cp1252
    sun.management.compiler = HotSpot 64-Bit Server Compiler
    user.home = C:\Users\Carol
    user.timezone = America/Chicago
    file.encoding = UTF-8
    user.name = Carol
    sun.arch.data.model = 64
    user.language = en
    awt.toolkit = sun.awt.windows.WToolkit
    file.separator = \
    sun.io.unicode.encoding = UnicodeLittle
    sun.cpu.endian = little
    sun.desktop = windows
    sun.cpu.isalist = amd64
2012-05-26 20:16:44.726+0000: --- STARTUP diagnostics END ---
2012-05-26 20:16:44.737+0000: TM non resolved transactions found in C:\java\workspace_uDigSDK\neo4j\neo4j-store\tm_tx_log.1
2012-05-26 20:16:44.768+0000: TM: no match found for in total 2 transaction that should have been rolled back
2012-05-26 20:16:44.778+0000: Rotating [C:\java\workspace_uDigSDK\neo4j\neo4j-store\nioneo_logical.log.2] @ version=1 to C:\java\workspace_uDigSDK\neo4j\neo4j-store\nioneo_logical.log.1 from position 16
2012-05-26 20:16:44.807+0000: Rotate: old log scanned, newLog @ pos=16
2012-05-26 20:16:44.840+0000: Log rotated, newLog @ pos=16, version 2 and last tx 3
2012-05-26 20:16:44.848+0000: Rotating [C:\java\workspace_uDigSDK\neo4j\neo4j-store\index\lucene.log.2] @ version=1 to C:\java\workspace_uDigSDK\neo4j\neo4j-store\index\lucene.log.1 from position 16
2012-05-26 20:16:44.859+0000: Rotate: old log scanned, newLog @ pos=16
2012-05-26 20:16:44.890+0000: Log rotated, newLog @ pos=16, version 2 and last tx 2
2012-05-26 20:16:44.896+0000: Recovery completed, all transactions have been resolved to a consistent state.
2012-05-26 20:16:45.471+0000: Extension org.neo4j.kernel.KernelExtension[kernel udc] loaded ok
2012-05-26 20:16:45.651+0000: Extension org.neo4j.kernel.KernelExtension[kernel jmx] loaded ok
2012-05-26 20:16:45.676+0000: --- STARTUP diagnostics for KernelDiagnostics:Versions START ---
2012-05-26 20:16:45.680+0000: Graph Database: org.neo4j.kernel.EmbeddedGraphDatabase StoreId[time:1338061892317, id:9008048029070599832, store version: 13561656364791302]
2012-05-26 20:16:45.683+0000: Kernel version: Neo4j - Graph Database Kernel 1.7
2012-05-26 20:16:45.688+0000: Neo4j component versions:
2012-05-26 20:16:45.695+0000:   Neo4j - Graph Database Kernel 1.7
2012-05-26 20:16:45.699+0000: --- STARTUP diagnostics for KernelDiagnostics:Versions END ---
2012-05-26 20:16:45.716+0000: --- STARTUP diagnostics for NEO_STORE_VERSIONS START ---
2012-05-26 20:16:45.723+0000: Store versions:
    Store versions:
      NeoStore v0.A.0
      NodeStore v0.A.0
      RelationshipStore v0.A.0
      RelationshipTypeStore v0.A.0
      PropertyStore v0.A.0
      PropertyIndexStore v0.A.0
      StringPropertyStore v0.A.0
      ArrayPropertyStore v0.A.0
2012-05-26 20:16:45.727+0000: --- STARTUP diagnostics for NEO_STORE_VERSIONS END ---
2012-05-26 20:16:45.731+0000: --- STARTUP diagnostics for NEO_STORE_ID_USAGE START ---
2012-05-26 20:16:45.734+0000: Id usage:
    Id usage:
      NodeStore: used=203 high=202
      RelationshipStore: used=202 high=201
      RelationshipTypeStore: used=2 high=1
      PropertyStore: used=200 high=199
      PropertyIndexStore: used=2 high=1
      StringPropertyStore: used=1 high=0
      ArrayPropertyStore: used=1 high=0
2012-05-26 20:16:45.739+0000: --- STARTUP diagnostics for NEO_STORE_ID_USAGE END ---
2012-05-26 20:16:45.742+0000: --- STARTUP diagnostics for KernelDiagnostics:StoreFiles START ---
2012-05-26 20:16:45.747+0000: Storage files:
    active_tx_log: 11.00 B
    index:
      lucene:
        node:
          nodes:
            segments.gen: 20.00 B
            segments_1: 32.00 B
          - Total: 52.00 B
        - Total: 52.00 B
      - Total: 52.00 B
      lucene-store.db: 40.00 B
      lucene.log.1: 16.00 B
      lucene.log.active: 4.00 B
    - Total: 112.00 B
    index.db: 103.00 B
    lock: 0.00 B
    messages.log: 39.20 kB
    neostore: 54.00 B
    neostore.id: 9.00 B
    neostore.nodestore.db: 1.78 kB
    neostore.nodestore.db.id: 9.00 B
    neostore.propertystore.db: 8.01 kB
    neostore.propertystore.db.arrays: 128.00 B
    neostore.propertystore.db.arrays.id: 9.00 B
    neostore.propertystore.db.id: 9.00 B
    neostore.propertystore.db.index: 18.00 B
    neostore.propertystore.db.index.id: 9.00 B
    neostore.propertystore.db.index.keys: 114.00 B
    neostore.propertystore.db.index.keys.id: 9.00 B
    neostore.propertystore.db.strings: 128.00 B
    neostore.propertystore.db.strings.id: 9.00 B
    neostore.relationshipstore.db: 6.51 kB
    neostore.relationshipstore.db.id: 9.00 B
    neostore.relationshiptypestore.db: 10.00 B
    neostore.relationshiptypestore.db.id: 9.00 B
    neostore.relationshiptypestore.db.names: 114.00 B
    neostore.relationshiptypestore.db.names.id: 9.00 B
    nioneo_logical.log.1: 16.00 B
    nioneo_logical.log.active: 4.00 B
    tm_tx_log.1: 0.00 B
2012-05-26 20:16:46.027+0000: --- STARTUP diagnostics for KernelDiagnostics:StoreFiles END ---
2012-05-26 20:16:46.041+0000: Started - database is now available
2012-05-26 20:16:46.044+0000: GC Monitor started. 
2012-05-26 20:16:47.629+0000: Stopping - database is now unavailable
2012-05-26 20:16:47.651+0000: TM shutting down
2012-05-26 20:16:47.657+0000: GC Monitor stopped. 
2012-05-26 20:16:48.465+0000: Closed log C:\java\workspace_uDigSDK\neo4j\neo4j-store\index\lucene.log
2012-05-26 20:16:48.578+0000: Closed log C:\java\workspace_uDigSDK\neo4j\neo4j-store\nioneo_logical.log
2012-05-26 20:16:49.005+0000: NeoStore closed
2012-05-26 20:16:49.010+0000: --- SHUTDOWN diagnostics START ---
2012-05-26 20:16:49.014+0000: --- SHUTDOWN diagnostics END ---
