2012-06-15 19:04:34.362+0000: Creating new db @ C:\java\workspace_uDigSDK\neo4j\target\osmImport-db\neostore
2012-06-15 19:04:34.829+0000: Opened [C:\java\workspace_uDigSDK\neo4j\target\osmImport-db\nioneo_logical.log.1] clean empty log, version=0, lastTxId=1
2012-06-15 19:04:34.861+0000: TM new log: tm_tx_log.1
2012-06-15 19:04:34.944+0000: Opened [C:\java\workspace_uDigSDK\neo4j\target\osmImport-db\index\lucene.log.1] clean empty log, version=0, lastTxId=1
2012-06-15 19:04:34.955+0000: --- STARTUP diagnostics START ---
2012-06-15 19:04:34.959+0000: Neo4j Kernel properties:
    store_dir=C:\java\workspace_uDigSDK\neo4j\target\osmImport-db
    remote_logging_host=127.0.0.1
    read_only=false
    neo4j.ext.udc.host=udc.neo4j.org
    logical_log=C:\java\workspace_uDigSDK\neo4j\target\osmImport-db\nioneo_logical.log
    remote_logging_port=4560
    gc_monitor_threshold=200ms
    load_kernel_extensions=true
    array_block_size=120
    intercept_committing_transactions=false
    node_auto_indexing=false
    neostore.relationshipstore.db.mapped_memory=67M
    dump_configuration=false
    gc_monitor_wait_time=100ms
    cache_type=soft
    intercept_deserialized_transactions=false
    neostore.nodestore.db.mapped_memory=15M
    neo4j.ext.udc.first_delay=600000
    neo4j.ext.udc.reg=unreg
    lucene_searcher_cache_size=2147483647
    neo4j.ext.udc.interval=86400000
    use_memory_mapped_buffers=false
    rebuild_idgenerators_fast=true
    ephemeral=false
    neostore.propertystore.db.index.keys.mapped_memory=1M
    neostore.propertystore.db.strings.mapped_memory=47M
    neostore.propertystore.db.arrays.mapped_memory=53M
    neo_store=C:\java\workspace_uDigSDK\neo4j\target\osmImport-db\neostore
    neostore.propertystore.db.index.mapped_memory=1M
    backup_slave=false
    neostore.propertystore.db.mapped_memory=55M
    gcr_cache_min_log_interval=60s
    relationship_auto_indexing=false
    relationship_grab_size=100
    string_block_size=120
    lucene_writer_cache_size=2147483647
    grab_file_lock=true
    node_cache_array_fraction=1.0
    remote_logging_enabled=false
    allow_store_upgrade=false
    execution_guard_enabled=false
    neo4j.ext.udc.enabled=true
    relationship_cache_array_fraction=1.0
2012-06-15 19:04:34.977+0000: Diagnostics providers:
    org.neo4j.kernel.configuration.Config
    org.neo4j.kernel.info.DiagnosticsManager
    SYSTEM_MEMORY
    JAVA_MEMORY
    OPERATING_SYSTEM
    JAVA_VIRTUAL_MACHINE
    CLASSPATH
    LIBRARY_PATH
    SYSTEM_PROPERTIES
2012-06-15 19:04:34.980+0000: System memory information:
    Total Physical memory: 3.97 GB
    Free Physical memory: 1.38 GB
    Committed virtual memory: 102.29 MB
    Total swap space: 7.93 GB
    Free swap space: 3.37 GB
2012-06-15 19:04:34.992+0000: JVM memory information:
    Free  memory: 59.49 MB
    Total memory: 60.88 MB
    Max   memory: 903.13 MB
    Garbage Collector: PS Scavenge: [PS Eden Space, PS Survivor Space]
    Garbage Collector: PS MarkSweep: [PS Eden Space, PS Survivor Space, PS Old Gen, PS Perm Gen]
    Memory Pool: Code Cache (Non-heap memory): committed=2.44 MB, used=552.69 kB, max=48.00 MB, threshold=0.00 B
    Memory Pool: PS Eden Space (Heap memory): committed=15.88 MB, used=637.35 kB, max=333.38 MB, threshold=?
    Memory Pool: PS Survivor Space (Heap memory): committed=2.63 MB, used=784.07 kB, max=2.63 MB, threshold=?
    Memory Pool: PS Old Gen (Heap memory): committed=42.38 MB, used=0.00 B, max=677.38 MB, threshold=0.00 B
    Memory Pool: PS Perm Gen (Non-heap memory): committed=20.75 MB, used=7.56 MB, max=84.00 MB, threshold=0.00 B
2012-06-15 19:04:35.001+0000: Operating system information:
    Operating System: Windows 7; version: 6.1; arch: amd64; cpus: 2
    Process id: 8140@Carol-PC
    Byte order: LITTLE_ENDIAN
2012-06-15 19:04:35.038+0000: JVM information:
    VM Name: Java HotSpot(TM) 64-Bit Server VM
    VM Vendor: Sun Microsystems Inc.
    VM Version: 14.3-b01
    JIT compiler: HotSpot 64-Bit Server Compiler
    VM Arguments: [-Dfile.encoding=UTF-8]
2012-06-15 19:04:35.040+0000: Java classpath:
     [classpath + loader.0] file:/C:/Users/Carol/.m2/repository/org/neo4j/neo4j/1.7/neo4j-1.7.jar
     [classpath + loader.0] file:/C:/Users/Carol/.m2/repository/asm/asm-util/3.2/asm-util-3.2.jar
     [bootstrap] C:\java\eclipse\jre\lib\resources.jar
     [classpath + loader.0] file:/C:/Users/Carol/.m2/repository/org/neo4j/neo4j-spatial/0.9-SNAPSHOT/neo4j-spatial-0.9-SNAPSHOT.jar
     [loader.1] file:/C:/java/eclipse/jre/lib/ext/vecmath.jar
     [classpath + loader.0] file:/C:/Users/Carol/.m2/repository/org/apache/ant/ant-launcher/1.8.2/ant-launcher-1.8.2.jar
     [loader.1] file:/C:/java/eclipse/jre/lib/ext/j3dcore.jar
     [classpath + loader.0] file:/C:/Users/Carol/.m2/repository/org/geotools/gt-data/8.0-M4/gt-data-8.0-M4.jar
     [classpath + loader.0] file:/C:/Users/Carol/.m2/repository/org/neo4j/neo4j-cypher/1.7/neo4j-cypher-1.7.jar
     [classpath + loader.0] file:/C:/Users/Carol/.m2/repository/org/apache/lucene/lucene-core/3.5.0/lucene-core-3.5.0.jar
     [classpath + loader.0] file:/C:/Users/Carol/.m2/repository/net/java/dev/jsr-275/jsr-275/1.0-beta-2/jsr-275-1.0-beta-2.jar
     [classpath + loader.0] file:/C:/Users/Carol/.m2/repository/commons-pool/commons-pool/1.5.4/commons-pool-1.5.4.jar
     [loader.1] file:/C:/java/eclipse/jre/lib/ext/localedata.jar
     [classpath + loader.0] file:/C:/Users/Carol/.m2/repository/org/codehaus/gmaven/runtime/gmaven-runtime-1.8/1.4/gmaven-runtime-1.8-1.4.jar
     [loader.1] file:/C:/java/eclipse/jre/lib/ext/j3dutils.jar
     [classpath + loader.0] file:/C:/Users/Carol/.m2/repository/org/codehaus/groovy/groovy-all/1.8.5/groovy-all-1.8.5.jar
     [classpath + loader.0] file:/C:/Users/Carol/.m2/repository/stax/stax-api/1.0.1/stax-api-1.0.1.jar
     [classpath + loader.0] file:/C:/Users/Carol/.m2/repository/org/geotools/gt-cql/8.0-M4/gt-cql-8.0-M4.jar
     [classpath + loader.0] file:/C:/Users/Carol/.m2/repository/org/jaitools/jt-zonalstats/1.2.0/jt-zonalstats-1.2.0.jar
     [bootstrap] C:\java\eclipse\jre\lib\jce.jar
     [classpath + loader.0] file:/C:/Users/Carol/.m2/repository/org/fusesource/jansi/jansi/1.5/jansi-1.5.jar
     [classpath + loader.0] file:/C:/Users/Carol/.m2/repository/com/googlecode/json-simple/json-simple/1.1/json-simple-1.1.jar
     [classpath + loader.0] file:/C:/Users/Carol/.m2/repository/asm/asm/3.2/asm-3.2.jar
     [classpath + loader.0] file:/C:/Users/Carol/.m2/repository/org/jaitools/jt-utils/1.2.0/jt-utils-1.2.0.jar
     [classpath + loader.0] file:/C:/Users/Carol/.m2/repository/com/tinkerpop/gremlin/gremlin-java/2.0.0/gremlin-java-2.0.0.jar
     [classpath + loader.0] file:/C:/Users/Carol/.m2/repository/org/geotools/gt-coverage/8.0-M4/gt-coverage-8.0-M4.jar
     [classpath + loader.0] file:/C:/Users/Carol/.m2/repository/org/geotools/gt-process/8.0-M4/gt-process-8.0-M4.jar
     [loader.1] file:/C:/java/eclipse/jre/lib/ext/dnsns.jar
     [classpath + loader.0] file:/C:/Users/Carol/.m2/repository/org/neo4j/neo4j-graph-matching/1.7/neo4j-graph-matching-1.7.jar
     [classpath + loader.0] file:/C:/Users/Carol/.m2/repository/org/apache/ant/ant/1.8.2/ant-1.8.2.jar
     [loader.1] file:/C:/java/eclipse/jre/lib/ext/sunjce_provider.jar
     [bootstrap] C:\java\eclipse\jre\lib\rt.jar
     [classpath + loader.0] file:/C:/Users/Carol/.m2/repository/org/neo4j/neo4j-lucene-index/1.7/neo4j-lucene-index-1.7.jar
     [loader.1] file:/C:/java/eclipse/jre/lib/ext/stax-api-1.0.1.jar
     [classpath + loader.0] file:/C:/Users/Carol/.m2/repository/org/slf4j/slf4j-api/1.5.10/slf4j-api-1.5.10.jar
     [bootstrap] C:\java\eclipse\jre\lib\jsse.jar
     [classpath + loader.0] file:/C:/Users/Carol/.m2/repository/org/neo4j/neo4j-udc/1.7/neo4j-udc-1.7.jar
     [classpath + loader.0] file:/C:/Users/Carol/.m2/repository/com/thoughtworks/qdox/qdox/1.12/qdox-1.12.jar
     [classpath + loader.0] file:/C:/Users/Carol/.m2/repository/org/codehaus/groovy/groovy/1.8.6/groovy-1.8.6.jar
     [classpath + loader.0] file:/C:/Users/Carol/.m2/repository/concurrent/concurrent/1.3.4/concurrent-1.3.4.jar
     [classpath + loader.0] file:/C:/Users/Carol/.m2/repository/org/codehaus/plexus/plexus-utils/3.0/plexus-utils-3.0.jar
     [classpath + loader.0] file:/C:/Users/Carol/.m2/repository/javax/media/jai_imageio/1.1/jai_imageio-1.1.jar
     [classpath + loader.0] file:/C:/Users/Carol/.m2/repository/colt/colt/1.2.0/colt-1.2.0.jar
     [classpath + loader.0] file:/C:/Users/Carol/.m2/repository/xerces/xercesImpl/2.4.0/xercesImpl-2.4.0.jar
     [classpath + loader.0] file:/C:/Users/Carol/.m2/repository/org/codehaus/jackson/jackson-mapper-asl/1.8.5/jackson-mapper-asl-1.8.5.jar
     [classpath + loader.0] file:/C:/Users/Carol/.m2/repository/com/vividsolutions/jts/1.12/jts-1.12.jar
     [loader.1] file:/C:/java/eclipse/jre/lib/ext/jai_imageio.jar
     [classpath + loader.0] file:/C:/Users/Carol/.m2/repository/asm/asm-commons/3.2/asm-commons-3.2.jar
     [classpath + loader.0] file:/C:/Users/Carol/.m2/repository/it/geosolutions/imageio-ext/imageio-ext-tiff/1.1.2/imageio-ext-tiff-1.1.2.jar
     [classpath + loader.0] file:/C:/Users/Carol/.m2/repository/org/scala-lang/scala-library/2.9.0-1/scala-library-2.9.0-1.jar
     [classpath + loader.0] file:/C:/Users/Carol/.m2/repository/org/neo4j/neo4j-graph-algo/1.7/neo4j-graph-algo-1.7.jar
     [classpath + loader.0] file:/C:/Users/Carol/.m2/repository/asm/asm-analysis/3.2/asm-analysis-3.2.jar
     [classpath + loader.0] file:/C:/Users/Carol/.m2/repository/com/tinkerpop/blueprints/blueprints-core/2.0.0/blueprints-core-2.0.0.jar
     [classpath + loader.0] file:/C:/Users/Carol/.m2/repository/org/codehaus/gmaven/runtime/gmaven-runtime-support/1.4/gmaven-runtime-support-1.4.jar
     [classpath + loader.0] file:/C:/Users/Carol/.m2/repository/org/geotools/gt-metadata/8.0-M4/gt-metadata-8.0-M4.jar
     [classpath + loader.0] file:/C:/Users/Carol/.m2/repository/asm/asm-tree/3.2/asm-tree-3.2.jar
     [classpath + loader.0] file:/C:/Users/Carol/.m2/repository/org/codehaus/jackson/jackson-core-asl/1.8.5/jackson-core-asl-1.8.5.jar
     [classpath + loader.0] file:/C:/Users/Carol/.m2/repository/org/neo4j/neo4j-kernel/1.7/neo4j-kernel-1.7.jar
     [classpath + loader.0] file:/C:/Users/Carol/.m2/repository/it/geosolutions/imageio-ext/imageio-ext-utilities/1.1.2/imageio-ext-utilities-1.1.2.jar
     [classpath + loader.0] file:/C:/Users/Carol/.m2/repository/org/neo4j/neo4j-graph-collections/0.3/neo4j-graph-collections-0.3.jar
     [classpath + loader.0] file:/C:/Users/Carol/.m2/repository/org/apache/geronimo/specs/geronimo-jta_1.1_spec/1.1.1/geronimo-jta_1.1_spec-1.1.1.jar
     [bootstrap] C:\java\eclipse\jre\lib\sunrsasign.jar
     [classpath + loader.0] file:/C:/Users/Carol/.m2/repository/com/tinkerpop/pipes/2.0.0/pipes-2.0.0.jar
     [classpath + loader.0] file:/C:/Users/Carol/.m2/repository/org/codehaus/gmaven/feature/gmaven-feature-support/1.4/gmaven-feature-support-1.4.jar
     [classpath + loader.0] file:/C:/Users/Carol/.m2/repository/org/geotools/gt-opengis/8.0-M4/gt-opengis-8.0-M4.jar
     [classpath + loader.0] file:/C:/Users/Carol/.m2/repository/org/codehaus/jackson/jackson-jaxrs/1.8.5/jackson-jaxrs-1.8.5.jar
     [classpath + loader.0] file:/C:/Users/Carol/.m2/repository/org/geotools/gt-main/8.0-M4/gt-main-8.0-M4.jar
     [classpath + loader.0] file:/C:/Users/Carol/.m2/repository/org/geotools/gt-api/8.0-M4/gt-api-8.0-M4.jar
     [classpath + loader.0] file:/C:/Users/Carol/.m2/repository/org/codehaus/jettison/jettison/1.3/jettison-1.3.jar
     [classpath + loader.0] file:/C:/Users/Carol/.m2/repository/org/codehaus/gmaven/feature/gmaven-feature-api/1.4/gmaven-feature-api-1.4.jar
     [classpath + loader.0] file:/C:/Users/Carol/.m2/repository/org/hamcrest/hamcrest-all/1.1/hamcrest-all-1.1.jar
     [classpath + loader.0] file:/C:/Users/Carol/.m2/repository/javax/media/jai_codec/1.1.3/jai_codec-1.1.3.jar
     [classpath + loader.0] file:/C:/Users/Carol/.m2/repository/org/sonatype/gshell/gshell-io/2.4/gshell-io-2.4.jar
     [loader.1] file:/C:/java/eclipse/jre/lib/ext/jai_core.jar
     [classpath + loader.0] file:/C:/Users/Carol/.m2/repository/com/tinkerpop/gremlin/gremlin-groovy/2.0.0/gremlin-groovy-2.0.0.jar
     [classpath + loader.0] file:/C:/Users/Carol/.m2/repository/org/geotools/gt-render/8.0-M4/gt-render-8.0-M4.jar
     [loader.1] file:/C:/java/eclipse/jre/lib/ext/jai_codec.jar
     [classpath + loader.0] file:/C:/Users/Carol/.m2/repository/javax/media/jai_core/1.1.3/jai_core-1.1.3.jar
     [bootstrap] C:\java\eclipse\jre\lib\charsets.jar
     [loader.1] file:/C:/java/eclipse/jre/lib/ext/clibwrapper_jiio.jar
     [classpath + loader.0] file:/C:/Users/Carol/.m2/repository/jdom/jdom/1.0/jdom-1.0.jar
     [classpath + loader.0] file:/C:/Users/Carol/.m2/repository/org/sonatype/gossip/gossip/1.3/gossip-1.3.jar
     [bootstrap] C:\java\eclipse\jre\classes
     [classpath + loader.0] file:/C:/Users/Carol/.m2/repository/org/geotools/gt-shapefile/8.0-M4/gt-shapefile-8.0-M4.jar
     [loader.1] file:/C:/java/eclipse/jre/lib/ext/mlibwrapper_jai.jar
     [classpath + loader.0] file:/C:/Users/Carol/.m2/repository/org/geotools/gt-referencing/8.0-M4/gt-referencing-8.0-M4.jar
     [classpath + loader.0] file:/C:/Users/Carol/.m2/repository/org/codehaus/gmaven/runtime/gmaven-runtime-api/1.4/gmaven-runtime-api-1.4.jar
     [classpath + loader.0] file:/C:/Users/Carol/.m2/repository/antlr/antlr/2.7.7/antlr-2.7.7.jar
     [classpath + loader.0] file:/C:/java/workspace_uDigSDK/neo4j/target/classes/
     [classpath + loader.0] file:/C:/Users/Carol/.m2/repository/org/neo4j/neo4j-jmx/1.7/neo4j-jmx-1.7.jar
     [classpath + loader.0] file:/C:/Users/Carol/.m2/repository/java3d/vecmath/1.3.2/vecmath-1.3.2.jar
2012-06-15 19:04:35.289+0000: Library path:
    C:\java\eclipse\jre\bin
    C:\java\workspace_uDigSDK\neo4j
    C:\Windows\Sun\Java\bin
    C:\Windows\System32
    C:\Windows
    C:\java\eclipse\jre\bin\server
    C:\java\eclipse\jre\bin
    C:\java\eclipse\jre\lib\amd64
    C:\Windows\System32
    C:\Windows
    C:\Windows\System32\wbem
    C:\Windows\System32\WindowsPowerShell\v1.0
    C:\Program Files\Trend Micro\AMSP
    C:\Program Files (x86)\Git\cmd
    C:\Program Files (x86)\Git\bin
    C:\java\apache-maven-3.0.4\bin
    C:\Windows\System32
    C:\Windows
    C:\Windows\System32\wbem
    C:\Windows\System32\WindowsPowerShell\v1.0
    C:\Program Files\Trend Micro\AMSP
    C:\Program Files (x86)\Git\cmd
    C:\Program Files (x86)\Git\bin
    C:\java\apache-maven-3.0.4\bin
    C:\Program Files\Java\jdk1.7.0\bin
    C:\java\apache-maven-3.0.4\bin
    C:\java\apache-maven-3.0.4\bin
    C:\java\eclipse
2012-06-15 19:04:35.313+0000: System.properties:
    sun.boot.library.path = C:\java\eclipse\jre\bin
    path.separator = ;
    file.encoding.pkg = sun.io
    sun.java.launcher = SUN_STANDARD
    user.country = US
    sun.os.patch.level = Service Pack 1
    user.dir = C:\java\workspace_uDigSDK\neo4j
    user.variant = 
    sun.jnu.encoding = Cp1252
    sun.management.compiler = HotSpot 64-Bit Server Compiler
    user.home = C:\Users\Carol
    user.timezone = America/Chicago
    file.encoding = UTF-8
    user.name = Carol
    sun.arch.data.model = 64
    user.language = en
    awt.toolkit = sun.awt.windows.WToolkit
    file.separator = \
    sun.io.unicode.encoding = UnicodeLittle
    sun.cpu.endian = little
    sun.desktop = windows
    sun.cpu.isalist = amd64
2012-06-15 19:04:35.315+0000: --- STARTUP diagnostics END ---
2012-06-15 19:04:35.754+0000: Extension org.neo4j.kernel.KernelExtension[kernel udc] loaded ok
2012-06-15 19:04:35.875+0000: Extension org.neo4j.kernel.KernelExtension[kernel jmx] loaded ok
2012-06-15 19:04:35.884+0000: --- STARTUP diagnostics for KernelDiagnostics:Versions START ---
2012-06-15 19:04:35.885+0000: Graph Database: org.neo4j.kernel.EmbeddedGraphDatabase StoreId[time:1339787074392, id:6336022334824000451, store version: 13561656364791302]
2012-06-15 19:04:35.885+0000: Kernel version: Neo4j - Graph Database Kernel 1.7
2012-06-15 19:04:35.886+0000: Neo4j component versions:
2012-06-15 19:04:35.888+0000:   Neo4j - Graph Database Kernel 1.7
2012-06-15 19:04:35.888+0000: --- STARTUP diagnostics for KernelDiagnostics:Versions END ---
2012-06-15 19:04:35.895+0000: --- STARTUP diagnostics for NEO_STORE_VERSIONS START ---
2012-06-15 19:04:35.897+0000: Store versions:
    Store versions:
      NeoStore v0.A.0
      NodeStore v0.A.0
      RelationshipStore v0.A.0
      RelationshipTypeStore v0.A.0
      PropertyStore v0.A.0
      PropertyIndexStore v0.A.0
      StringPropertyStore v0.A.0
      ArrayPropertyStore v0.A.0
2012-06-15 19:04:35.899+0000: --- STARTUP diagnostics for NEO_STORE_VERSIONS END ---
2012-06-15 19:04:35.899+0000: --- STARTUP diagnostics for NEO_STORE_ID_USAGE START ---
2012-06-15 19:04:35.900+0000: Id usage:
    Id usage:
      NodeStore: used=1 high=0
      RelationshipStore: used=0 high=-1
      RelationshipTypeStore: used=0 high=-1
      PropertyStore: used=0 high=-1
      PropertyIndexStore: used=0 high=-1
      StringPropertyStore: used=1 high=0
      ArrayPropertyStore: used=1 high=0
2012-06-15 19:04:35.902+0000: --- STARTUP diagnostics for NEO_STORE_ID_USAGE END ---
2012-06-15 19:04:35.903+0000: --- STARTUP diagnostics for KernelDiagnostics:StoreFiles START ---
2012-06-15 19:04:35.904+0000: Storage files:
    active_tx_log: 11.00 B
    index:
      lucene-store.db: 40.00 B
      lucene.log.1: 16.00 B
      lucene.log.active: 4.00 B
    - Total: 60.00 B
    lock: 0.00 B
    messages.log: 16.93 kB
    neostore: 54.00 B
    neostore.id: 9.00 B
    neostore.nodestore.db: 9.00 B
    neostore.nodestore.db.id: 9.00 B
    neostore.propertystore.db: 0.00 B
    neostore.propertystore.db.arrays: 128.00 B
    neostore.propertystore.db.arrays.id: 9.00 B
    neostore.propertystore.db.id: 9.00 B
    neostore.propertystore.db.index: 0.00 B
    neostore.propertystore.db.index.id: 9.00 B
    neostore.propertystore.db.index.keys: 38.00 B
    neostore.propertystore.db.index.keys.id: 9.00 B
    neostore.propertystore.db.strings: 128.00 B
    neostore.propertystore.db.strings.id: 9.00 B
    neostore.relationshipstore.db: 0.00 B
    neostore.relationshipstore.db.id: 9.00 B
    neostore.relationshiptypestore.db: 0.00 B
    neostore.relationshiptypestore.db.id: 9.00 B
    neostore.relationshiptypestore.db.names: 38.00 B
    neostore.relationshiptypestore.db.names.id: 9.00 B
    nioneo_logical.log.1: 16.00 B
    nioneo_logical.log.active: 4.00 B
    tm_tx_log.1: 0.00 B
2012-06-15 19:04:35.992+0000: --- STARTUP diagnostics for KernelDiagnostics:StoreFiles END ---
2012-06-15 19:04:35.998+0000: Started - database is now available
2012-06-15 19:04:36.000+0000: GC Monitor started. 
2012-06-15 19:04:36.580+0000: GC Monitor: Application threads blocked for an additional 251ms [total block time: 0.251s]
2012-06-15 19:04:36.861+0000: GC Monitor: Application threads blocked for an additional 179ms [total block time: 0.43s]
2012-06-15 19:04:39.161+0000: GC Monitor: Application threads blocked for an additional 348ms [total block time: 0.778s]
2012-06-15 19:04:40.334+0000: GC Monitor: Application threads blocked for an additional 185ms [total block time: 0.963s]
2012-06-15 19:04:41.429+0000: GC Monitor: Application threads blocked for an additional 115ms [total block time: 1.078s]
2012-06-15 19:04:42.301+0000: GC Monitor: Application threads blocked for an additional 538ms [total block time: 1.616s]
2012-06-15 19:04:42.741+0000: GC Monitor: Application threads blocked for an additional 127ms [total block time: 1.743s]
2012-06-15 19:04:44.097+0000: GC Monitor: Application threads blocked for an additional 953ms [total block time: 2.696s]
2012-06-15 19:04:44.691+0000: GC Monitor: Application threads blocked for an additional 186ms [total block time: 2.882s]
2012-06-15 19:04:45.474+0000: GC Monitor: Application threads blocked for an additional 260ms [total block time: 3.142s]
2012-06-15 19:04:47.832+0000: GC Monitor: Application threads blocked for an additional 1857ms [total block time: 4.999s]
2012-06-15 19:04:48.389+0000: GC Monitor: Application threads blocked for an additional 341ms [total block time: 5.34s]
2012-06-15 19:04:50.890+0000: GC Monitor: Application threads blocked for an additional 1895ms [total block time: 7.235s]
2012-06-15 19:04:52.136+0000: GC Monitor: Application threads blocked for an additional 344ms [total block time: 7.579s]
2012-06-15 19:04:55.415+0000: GC Monitor: Application threads blocked for an additional 314ms [total block time: 7.893s]
2012-06-15 19:04:55.976+0000: GC Monitor: Application threads blocked for an additional 109ms [total block time: 8.002s]
2012-06-15 19:04:56.609+0000: GC Monitor: Application threads blocked for an additional 324ms [total block time: 8.326s]
2012-06-15 19:04:58.651+0000: GC Monitor: Application threads blocked for an additional 1508ms [total block time: 9.834s]
2012-06-15 19:04:59.494+0000: Stopping - database is now unavailable
2012-06-15 19:04:59.587+0000: GC Monitor stopped. 
2012-06-15 19:04:59.667+0000: TM shutting down
2012-06-15 19:05:01.262+0000: Closed log C:\java\workspace_uDigSDK\neo4j\target\osmImport-db\index\lucene.log
2012-06-15 19:05:01.711+0000: Closed log C:\java\workspace_uDigSDK\neo4j\target\osmImport-db\nioneo_logical.log
2012-06-15 19:05:02.128+0000: NeoStore closed
2012-06-15 19:05:02.129+0000: --- SHUTDOWN diagnostics START ---
2012-06-15 19:05:02.130+0000: --- SHUTDOWN diagnostics END ---
2012-06-15 19:05:05.742+0000: Opened [C:\java\workspace_uDigSDK\neo4j\target\osmImport-db\nioneo_logical.log.1] clean empty log, version=0, lastTxId=5
2012-06-15 19:05:05.749+0000: TM opening log: C:\java\workspace_uDigSDK\neo4j\target\osmImport-db\tm_tx_log.1
2012-06-15 19:05:05.768+0000: Opened [C:\java\workspace_uDigSDK\neo4j\target\osmImport-db\index\lucene.log.1] clean empty log, version=0, lastTxId=3
2012-06-15 19:05:05.773+0000: --- STARTUP diagnostics START ---
2012-06-15 19:05:05.773+0000: Neo4j Kernel properties:
    store_dir=C:\java\workspace_uDigSDK\neo4j\target\osmImport-db
    remote_logging_host=127.0.0.1
    read_only=false
    neo4j.ext.udc.host=udc.neo4j.org
    logical_log=C:\java\workspace_uDigSDK\neo4j\target\osmImport-db\nioneo_logical.log
    remote_logging_port=4560
    gc_monitor_threshold=200ms
    load_kernel_extensions=true
    array_block_size=120
    intercept_committing_transactions=false
    node_auto_indexing=false
    neostore.relationshipstore.db.mapped_memory=67M
    dump_configuration=false
    gc_monitor_wait_time=100ms
    cache_type=soft
    intercept_deserialized_transactions=false
    neostore.nodestore.db.mapped_memory=15M
    neo4j.ext.udc.first_delay=600000
    neo4j.ext.udc.reg=unreg
    lucene_searcher_cache_size=2147483647
    neo4j.ext.udc.interval=86400000
    use_memory_mapped_buffers=false
    rebuild_idgenerators_fast=true
    neostore.propertystore.db.index.keys.mapped_memory=1M
    neostore.propertystore.db.arrays.mapped_memory=53M
    neostore.propertystore.db.strings.mapped_memory=47M
    neo_store=C:\java\workspace_uDigSDK\neo4j\target\osmImport-db\neostore
    neostore.propertystore.db.index.mapped_memory=1M
    backup_slave=false
    neostore.propertystore.db.mapped_memory=55M
    gcr_cache_min_log_interval=60s
    relationship_auto_indexing=false
    relationship_grab_size=100
    string_block_size=120
    lucene_writer_cache_size=2147483647
    grab_file_lock=true
    node_cache_array_fraction=1.0
    remote_logging_enabled=false
    allow_store_upgrade=true
    execution_guard_enabled=false
    neo4j.ext.udc.enabled=true
    relationship_cache_array_fraction=1.0
2012-06-15 19:05:05.775+0000: Diagnostics providers:
    org.neo4j.kernel.configuration.Config
    org.neo4j.kernel.info.DiagnosticsManager
    SYSTEM_MEMORY
    JAVA_MEMORY
    OPERATING_SYSTEM
    JAVA_VIRTUAL_MACHINE
    CLASSPATH
    LIBRARY_PATH
    SYSTEM_PROPERTIES
2012-06-15 19:05:05.775+0000: System memory information:
    Total Physical memory: 3.97 GB
    Free Physical memory: 1.48 GB
    Committed virtual memory: 328.02 MB
    Total swap space: 7.93 GB
    Free swap space: 3.47 GB
2012-06-15 19:05:05.778+0000: JVM memory information:
    Free  memory: 21.15 MB
    Total memory: 147.13 MB
    Max   memory: 903.13 MB
    Garbage Collector: PS Scavenge: [PS Eden Space, PS Survivor Space]
    Garbage Collector: PS MarkSweep: [PS Eden Space, PS Survivor Space, PS Old Gen, PS Perm Gen]
    Memory Pool: Code Cache (Non-heap memory): committed=3.81 MB, used=3.72 MB, max=48.00 MB, threshold=0.00 B
    Memory Pool: PS Eden Space (Heap memory): committed=111.94 MB, used=104.75 MB, max=335.56 MB, threshold=?
    Memory Pool: PS Survivor Space (Heap memory): committed=64.00 kB, used=32.00 kB, max=64.00 kB, threshold=?
    Memory Pool: PS Old Gen (Heap memory): committed=35.13 MB, used=21.19 MB, max=677.38 MB, threshold=0.00 B
    Memory Pool: PS Perm Gen (Non-heap memory): committed=66.63 MB, used=35.63 MB, max=82.00 MB, threshold=0.00 B
2012-06-15 19:05:05.782+0000: Operating system information:
    Operating System: Windows 7; version: 6.1; arch: amd64; cpus: 2
    Process id: 8352@Carol-PC
    Byte order: LITTLE_ENDIAN
2012-06-15 19:05:05.785+0000: JVM information:
    VM Name: Java HotSpot(TM) 64-Bit Server VM
    VM Vendor: Oracle Corporation
    VM Version: 21.0-b17
    JIT compiler: HotSpot 64-Bit Tiered Compilers
    VM Arguments: []
2012-06-15 19:05:05.785+0000: Java classpath:
     [classpath] C:\Users\Carol\Desktop\neoclipse-1.7-win32.win32.x86_64\neoclipse-1.7-win32.win32.x86_64\neoclipse-1.7\plugins\org.eclipse.equinox.launcher_1.2.0.v20110502.jar
     [bootstrap] C:\Program Files\Java\jdk1.7.0\jre\lib\charsets.jar
     [bootstrap] C:\Program Files\Java\jdk1.7.0\jre\lib\jsse.jar
     [bootstrap] C:\Program Files\Java\jdk1.7.0\jre\lib\jce.jar
     [bootstrap] C:\Program Files\Java\jdk1.7.0\jre\lib\rt.jar
     [bootstrap] C:\Program Files\Java\jdk1.7.0\jre\lib\resources.jar
     [bootstrap] C:\Program Files\Java\jdk1.7.0\jre\lib\sunrsasign.jar
     [bootstrap] C:\Program Files\Java\jdk1.7.0\jre\classes
2012-06-15 19:05:05.793+0000: Library path:
    C:\Users\Carol\Desktop\neoclipse-1.7-win32.win32.x86_64\neoclipse-1.7-win32.win32.x86_64\neoclipse-1.7
    C:\Windows\Sun\Java\bin
    C:\Windows\System32
    C:\Windows
    C:\Program Files\Java\jdk1.7.0\jre\bin\server
    C:\Program Files\Java\jdk1.7.0\jre\bin
    C:\Program Files\Java\jdk1.7.0\jre\lib\amd64
    C:\Windows\System32
    C:\Windows
    C:\Windows\System32\wbem
    C:\Windows\System32\WindowsPowerShell\v1.0
    C:\Program Files\Trend Micro\AMSP
    C:\Program Files (x86)\Git\cmd
    C:\Program Files (x86)\Git\bin
    C:\java\apache-maven-3.0.4\bin
    C:\Windows\System32
    C:\Windows
    C:\Windows\System32\wbem
    C:\Windows\System32\WindowsPowerShell\v1.0
    C:\Program Files\Trend Micro\AMSP
    C:\Program Files (x86)\Git\cmd
    C:\Program Files (x86)\Git\bin
    C:\java\apache-maven-3.0.4\bin
    C:\Program Files\Java\jdk1.7.0\bin
    C:\java\apache-maven-3.0.4\bin
    C:\java\apache-maven-3.0.4\bin
    C:\Users\Carol\Desktop\neoclipse-1.7-win32.win32.x86_64\neoclipse-1.7-win32.win32.x86_64\neoclipse-1.7
    C:\Users\Carol\Desktop\neoclipse-1.7-win32.win32.x86_64\neoclipse-1.7-win32.win32.x86_64\neoclipse-1.7
    C:\Users\Carol\Desktop\neoclipse-1.7-win32.win32.x86_64\neoclipse-1.7-win32.win32.x86_64\neoclipse-1.7
2012-06-15 19:05:05.818+0000: System.properties:
    osgi.bundles.defaultStartLevel = 4
    org.osgi.supports.framework.extension = true
    sun.management.compiler = HotSpot 64-Bit Tiered Compilers
    eclipse.p2.profile = profile
    osgi.ws = win32
    sun.desktop = windows
    osgi.instance.area = file:/C:/Users/Carol/Desktop/neoclipse-1.7-win32.win32.x86_64/neoclipse-1.7-win32.win32.x86_64/neoclipse-1.7/neoclipse-workspace/
    org.osgi.framework.uuid = 50163074-0ab7-0011-1a37-a67f01b9d56d
    user.name = Carol
    osgi.framework.extensions = reference:file:javax.transaction_1.1.1.v201105210645.jar,reference:file:org.eclipse.equinox.weaving.hook_1.0.100.HEAD.jar
    org.osgi.framework.system.packages = javax.accessibility,javax.activation,javax.activity,javax.annotation,javax.annotation.processing,javax.crypto,javax.crypto.interfaces,javax.crypto.spec,javax.imageio,javax.imageio.event,javax.imageio.metadata,javax.imageio.plugins.bmp,javax.imageio.plugins.jpeg,javax.imageio.spi,javax.imageio.stream,javax.jws,javax.jws.soap,javax.lang.model,javax.lang.model.element,javax.lang.model.type,javax.lang.model.util,javax.management,javax.management.event,javax.management.loading,javax.management.modelmbean,javax.management.monitor,javax.management.namespace,javax.management.openmbean,javax.management.relation,javax.management.remote,javax.management.remote.rmi,javax.management.timer,javax.naming,javax.naming.directory,javax.naming.event,javax.naming.ldap,javax.naming.spi,javax.net,javax.net.ssl,javax.print,javax.print.attribute,javax.print.attribute.standard,javax.print.event,javax.rmi,javax.rmi.CORBA,javax.rmi.ssl,javax.script,javax.security.auth,javax.security.auth.callback,javax.security.auth.kerberos,javax.security.auth.login,javax.security.auth.spi,javax.security.auth.x500,javax.security.cert,javax.security.sasl,javax.sound.midi,javax.sound.midi.spi,javax.sound.sampled,javax.sound.sampled.spi,javax.sql,javax.sql.rowset,javax.sql.rowset.serial,javax.sql.rowset.spi,javax.swing,javax.swing.border,javax.swing.colorchooser,javax.swing.event,javax.swing.filechooser,javax.swing.plaf,javax.swing.plaf.basic,javax.swing.plaf.metal,javax.swing.plaf.multi,javax.swing.plaf.nimbus,javax.swing.plaf.synth,javax.swing.table,javax.swing.text,javax.swing.text.html,javax.swing.text.html.parser,javax.swing.text.rtf,javax.swing.tree,javax.swing.undo,javax.tools,javax.transaction,javax.transaction.xa,javax.xml,javax.xml.bind,javax.xml.bind.annotation,javax.xml.bind.annotation.adapters,javax.xml.bind.attachment,javax.xml.bind.helpers,javax.xml.bind.util,javax.xml.crypto,javax.xml.crypto.dom,javax.xml.crypto.dsig,javax.xml.crypto.dsig.dom,javax.xml.crypto.dsig.keyinfo,javax.xml.crypto.dsig.spec,javax.xml.datatype,javax.xml.namespace,javax.xml.parsers,javax.xml.soap,javax.xml.stream,javax.xml.stream.events,javax.xml.stream.util,javax.xml.transform,javax.xml.transform.dom,javax.xml.transform.sax,javax.xml.transform.stax,javax.xml.transform.stream,javax.xml.validation,javax.xml.ws,javax.xml.ws.handler,javax.xml.ws.handler.soap,javax.xml.ws.http,javax.xml.ws.soap,javax.xml.ws.spi,javax.xml.ws.spi.http,javax.xml.ws.wsaddressing,javax.xml.xpath,org.ietf.jgss,org.omg.CORBA,org.omg.CORBA_2_3,org.omg.CORBA_2_3.portable,org.omg.CORBA.DynAnyPackage,org.omg.CORBA.ORBPackage,org.omg.CORBA.portable,org.omg.CORBA.TypeCodePackage,org.omg.CosNaming,org.omg.CosNaming.NamingContextExtPackage,org.omg.CosNaming.NamingContextPackage,org.omg.Dynamic,org.omg.DynamicAny,org.omg.DynamicAny.DynAnyFactoryPackage,org.omg.DynamicAny.DynAnyPackage,org.omg.IOP,org.omg.IOP.CodecFactoryPackage,org.omg.IOP.CodecPackage,org.omg.Messaging,org.omg.PortableInterceptor,org.omg.PortableInterceptor.ORBInitInfoPackage,org.omg.PortableServer,org.omg.PortableServer.CurrentPackage,org.omg.PortableServer.POAManagerPackage,org.omg.PortableServer.POAPackage,org.omg.PortableServer.portable,org.omg.PortableServer.ServantLocatorPackage,org.omg.SendingContext,org.omg.stub.java.rmi,org.w3c.dom,org.w3c.dom.bootstrap,org.w3c.dom.css,org.w3c.dom.events,org.w3c.dom.html,org.w3c.dom.ls,org.w3c.dom.ranges,org.w3c.dom.stylesheets,org.w3c.dom.traversal,org.w3c.dom.views,org.w3c.dom.xpath,org.xml.sax,org.xml.sax.ext,org.xml.sax.helpers
    eclipse.launcher = C:\Users\Carol\Desktop\neoclipse-1.7-win32.win32.x86_64\neoclipse-1.7-win32.win32.x86_64\neoclipse-1.7\neoclipse.exe
    eclipse.launcher.name = Neoclipse
    org.osgi.framework.language = en
    osgi.frameworkClassPath = ., file:c:/Users/Carol/Desktop/neoclipse-1.7-win32.win32.x86_64/neoclipse-1.7-win32.win32.x86_64/neoclipse-1.7/plugins/javax.transaction_1.1.1.v201105210645.jar, file:c:/Users/Carol/Desktop/neoclipse-1.7-win32.win32.x86_64/neoclipse-1.7-win32.win32.x86_64/neoclipse-1.7/plugins/org.eclipse.equinox.weaving.hook_1.0.100.HEAD.jar
    user.language = en
    org.osgi.framework.processor = x86-64
    osgi.syspath = c:\Users\Carol\Desktop\neoclipse-1.7-win32.win32.x86_64\neoclipse-1.7-win32.win32.x86_64\neoclipse-1.7\plugins
    sun.boot.library.path = C:\Program Files\Java\jdk1.7.0\jre\bin
    org.osgi.framework.system.capabilities = osgi.ee; osgi.ee="OSGi/Minimum"; version:List<Version>="1.0, 1.1, 1.2",osgi.ee; osgi.ee="JavaSE"; version:List<Version>="1.0, 1.1, 1.2, 1.3, 1.4, 1.5, 1.6, 1.7"
    osgi.manifest.cache = C:\Users\Carol\Desktop\neoclipse-1.7-win32.win32.x86_64\neoclipse-1.7-win32.win32.x86_64\neoclipse-1.7\configuration\org.eclipse.osgi\manifests
    org.osgi.framework.os.name = Windows7
    user.timezone = America/Chicago
    sun.arch.data.model = 64
    osgi.bundles = reference:file:javax.transaction_1.1.1.v201105210645.jar,reference:file:org.eclipse.equinox.weaving.hook_1.0.100.HEAD.jar,reference:file:ch.qos.logback.classic_0.9.27.v20110224-1110.jar@4,reference:file:ch.qos.logback.core_0.9.27.v20110224-1110.jar@4,reference:file:ch.qos.logback.slf4j_0.9.27.v20110224-1110.jar@4,reference:file:com.ibm.icu_4.4.2.v20110208.jar@4,reference:file:com.ning.async-http-client_1.6.3.201108040830.jar@4,reference:file:com.springsource.javax.jms_1.1.0.jar@4,reference:file:javax.activation_1.1.0.v201105071233.jar@4,reference:file:javax.mail_1.4.0.v201005080615.jar@4,reference:file:javax.servlet_2.5.0.v201103041518.jar@4,reference:file:javax.servlet.jsp_2.0.0.v201101211617.jar@4,reference:file:javax.xml_1.3.4.v201005080400.jar@4,reference:file:org.apache.ant_1.8.2.v20110505-1300/@4,reference:file:org.apache.commons.el_1.0.0.v201101211617.jar@4,reference:file:org.apache.commons.logging_1.0.4.v201101211617.jar@4,reference:file:org.apache.jasper_5.5.17.v201101211617.jar@4,reference:file:org.apache.lucene_2.9.1.v201101211721.jar@4,reference:file:org.apache.lucene.analysis_2.9.1.v201101211721.jar@4,reference:file:org.apache.lucene.core_2.9.1.v201101211721.jar@4,reference:file:org.apache.lucene.highlighter_2.9.1.v20100421-0704.jar@4,reference:file:org.apache.lucene.memory_2.9.1.v20100421-0704.jar@4,reference:file:org.apache.lucene.misc_2.9.1.v20100421-0704.jar@4,reference:file:org.apache.lucene.queries_2.9.1.v20100421-0704.jar@4,reference:file:org.apache.lucene.snowball_2.9.1.v20100421-0704.jar@4,reference:file:org.apache.lucene.spellchecker_2.9.1.v20100421-0704.jar@4,reference:file:org.apache.xerces_2.9.0.v201101211617.jar@4,reference:file:org.apache.xml.resolver_1.2.0.v201005080400.jar@4,reference:file:org.apache.xml.serializer_2.7.1.v201005080400.jar@4,reference:file:org.eclipse.ant.core_3.2.300.v20110511.jar@4,reference:file:org.eclipse.compare_3.5.200.I20110525-0800.jar@4,reference:file:org.eclipse.compare.core_3.5.200.I20110208-0800.jar@4,reference:file:org.eclipse.core.commands_3.6.0.I20110111-0800.jar@4,reference:file:org.eclipse.core.contenttype_3.4.100.v20110423-0524.jar@4,reference:file:org.eclipse.core.databinding_1.4.0.I20110111-0800.jar@4,reference:file:org.eclipse.core.databinding.observable_1.4.0.I20110222-0800.jar@4,reference:file:org.eclipse.core.databinding.property_1.4.0.I20110222-0800.jar@4,reference:file:org.eclipse.core.expressions_3.4.300.v20110228.jar@4,reference:file:org.eclipse.core.filebuffers_3.5.200.v20110505-0800.jar@4,reference:file:org.eclipse.core.filesystem_1.3.100.v20110423-0524.jar@4,reference:file:org.eclipse.core.filesystem.win32.x86_64_1.1.300.v20110423-0524.jar@4,reference:file:org.eclipse.core.jobs_3.5.100.v20110404.jar@4,reference:file:org.eclipse.core.net_1.2.100.I20110511-0800.jar@4,reference:file:org.eclipse.core.net.win32.x86_64_1.0.100.I20110331-0827.jar@4,reference:file:org.eclipse.core.resources_3.7.100.v20110510-0712.jar@4,reference:file:org.eclipse.core.runtime_3.7.0.v20110110.jar@4:start,reference:file:org.eclipse.core.runtime.compatibility_3.2.100.v20100505.jar@4,reference:file:org.eclipse.core.runtime.compatibility.auth_3.2.200.v20110110.jar@4,reference:file:org.eclipse.core.runtime.compatibility.registry_3.5.0.v20110505/@4,reference:file:org.eclipse.core.variables_3.2.500.v20110511.jar@4,reference:file:org.eclipse.draw2d_3.7.1.v20110830-1143.jar@4,reference:file:org.eclipse.emf.common_2.7.0.v20110912-0920.jar@4,reference:file:org.eclipse.emf.ecore_2.7.0.v20110912-0920.jar@4,reference:file:org.eclipse.emf.ecore.change_2.7.1.v20110829-1916.jar@4,reference:file:org.eclipse.emf.ecore.edit_2.7.0.v20110913-1156.jar@4,reference:file:org.eclipse.emf.ecore.xmi_2.7.0.v20110520-1406.jar@4,reference:file:org.eclipse.emf.edit_2.7.1.v20110913-1526.jar@4,reference:file:org.eclipse.equinox.app_1.3.100.v20110321.jar@4,reference:file:org.eclipse.equinox.common_3.6.0.v20110523.jar@2:start,reference:file:org.eclipse.equinox.http.jetty_2.0.100.v20110502.jar@4,reference:file:org.eclipse.equinox.http.registry_1.1.100.v20110502.jar@4,reference:file:org.eclipse.equinox.http.servlet_1.1.200.v20110502.jar@4,reference:file:org.eclipse.equinox.jsp.jasper_1.0.300.v20110502.jar@4,reference:file:org.eclipse.equinox.jsp.jasper.registry_1.0.200.v20100503.jar@4,reference:file:org.eclipse.equinox.launcher_1.2.0.v20110502.jar@4,reference:file:org.eclipse.equinox.launcher.win32.win32.x86_64_1.1.100.v20110502/@4,reference:file:org.eclipse.equinox.p2.core_2.1.0.v20110502-1955.jar@4,reference:file:org.eclipse.equinox.p2.engine_2.1.0.v20110511.jar@4,reference:file:org.eclipse.equinox.p2.metadata_2.1.0.v20110510.jar@4,reference:file:org.eclipse.equinox.p2.metadata.repository_1.2.0.v20110511-1359.jar@4,reference:file:org.eclipse.equinox.p2.repository_2.1.0.v20110601.jar@4,reference:file:org.eclipse.equinox.preferences_3.4.0.v20110502.jar@4,reference:file:org.eclipse.equinox.registry_3.5.100.v20110502.jar@4,reference:file:org.eclipse.equinox.security_1.1.0.v20110502.jar@4,reference:file:org.eclipse.equinox.security.win32.x86_64_1.0.0.v20110502.jar@4,reference:file:org.eclipse.gef_3.7.1.v20110830-1143.jar@4,reference:file:org.eclipse.help_3.5.100.v20110426.jar@4,reference:file:org.eclipse.help.appserver_3.1.400.v20110425.jar@4,reference:file:org.eclipse.help.base_3.6.0.v201106131736.jar@4,reference:file:org.eclipse.help.ui_3.5.100.v20110425.jar@4,reference:file:org.eclipse.help.webapp_3.6.0.v20110518.jar@4,reference:file:org.eclipse.jem.util_2.1.100.v201103021400.jar@4,reference:file:org.eclipse.jface_3.7.0.I20110522-1430.jar@4,reference:file:org.eclipse.jface.databinding_1.5.0.I20100907-0800.jar@4,reference:file:org.eclipse.jface.text_3.7.0.v20110505-0800.jar@4,reference:file:org.eclipse.ltk.core.refactoring_3.5.200.v20110505-0800.jar@4,reference:file:org.eclipse.ltk.ui.refactoring_3.6.0.v20110505-0800.jar@4,reference:file:org.eclipse.m2e.archetype.common_1.0.100.20110804-1717/@4,reference:file:org.eclipse.m2e.core_1.0.100.20110804-1717.jar@4,reference:file:org.eclipse.m2e.core.ui_1.0.100.20110804-1717.jar@4,reference:file:org.eclipse.m2e.logback.appender_1.0.100.20110804-1717.jar@4,reference:file:org.eclipse.m2e.maven.indexer_1.0.100.20110804-1717/@4,reference:file:org.eclipse.m2e.maven.runtime_1.0.100.20110804-1717/@4,reference:file:org.eclipse.m2e.model.edit_1.0.100.20110804-1717.jar@4,reference:file:org.eclipse.osgi.services_3.3.0.v20110513.jar@4,reference:file:org.eclipse.osgi.util_3.2.200.v20110110.jar@4,reference:file:org.eclipse.platform_3.7.0.v201106131736/@4,reference:file:org.eclipse.search_3.7.0.v20110505-0800.jar@4,reference:file:org.eclipse.swt_3.7.0.v3735b.jar@4,reference:file:org.eclipse.swt.win32.win32.x86_64_3.7.1.v3738a.jar@4,reference:file:org.eclipse.team.core_3.6.0.I20110525-0800.jar@4,reference:file:org.eclipse.team.ui_3.6.100.I20110525-0800.jar@4,reference:file:org.eclipse.text_3.5.100.v20110505-0800.jar@4,reference:file:org.eclipse.ui_3.7.0.I20110602-0100.jar@4,reference:file:org.eclipse.ui.cheatsheets_3.4.100.v20110425.jar@4,reference:file:org.eclipse.ui.console_3.5.100.v20110511.jar@4,reference:file:org.eclipse.ui.editors_3.7.0.v20110517-0800.jar@4,reference:file:org.eclipse.ui.forms_3.5.100.v20110425.jar@4,reference:file:org.eclipse.ui.ide_3.7.0.I20110519-0100.jar@4,reference:file:org.eclipse.ui.ide.application_1.0.300.I20110306-2000.jar@4,reference:file:org.eclipse.ui.intro_3.4.100.v20110425.jar@4,reference:file:org.eclipse.ui.intro.universal_3.2.500.v20110510/@4,reference:file:org.eclipse.ui.navigator_3.5.100.I20110524-0800.jar@4,reference:file:org.eclipse.ui.navigator.resources_3.4.300.I20110421-1800.jar@4,reference:file:org.eclipse.ui.views_3.6.0.I20110412-0800.jar@4,reference:file:org.eclipse.ui.views.properties.tabbed_3.5.200.I20110201-0800.jar@4,reference:file:org.eclipse.ui.win32_3.2.200.I20100509-0800.jar@4,reference:file:org.eclipse.ui.workbench_3.7.0.I20110519-0100.jar@4,reference:file:org.eclipse.ui.workbench.texteditor_3.7.0.v20110505-0800.jar@4,reference:file:org.eclipse.update.configurator_3.3.100.v20100512.jar@4,reference:file:org.eclipse.update.core_3.2.500.v20110330.jar@4,reference:file:org.eclipse.update.core.win32_3.2.200.v20100512.jar@4,reference:file:org.eclipse.update.ui_3.2.300.v20100512.jar@4,reference:file:org.eclipse.wst.common.core_1.2.0.v200908252030.jar@4,reference:file:org.eclipse.wst.common.emf_1.2.100.v201101101900.jar@4,reference:file:org.eclipse.wst.common.emfworkbench.integration_1.2.101.v201107140600.jar@4,reference:file:org.eclipse.wst.common.environment_1.0.400.v200912181832.jar@4,reference:file:org.eclipse.wst.common.frameworks_1.2.101.v201107192200.jar@4,reference:file:org.eclipse.wst.common.project.facet.core_1.4.200.v201103170332.jar@4,reference:file:org.eclipse.wst.common.uriresolver_1.1.401.v201004280700.jar@4,reference:file:org.eclipse.wst.sse.core_1.1.601.v201108151912.jar@4,reference:file:org.eclipse.wst.validation_1.2.302.v201107140600.jar@4,reference:file:org.eclipse.wst.xml.core_1.1.601.v201108302147.jar@4,reference:file:org.eclipse.wst.xsd.core_1.1.600.v201104070312.jar@4,reference:file:org.eclipse.xsd_2.7.0.v20110606-0949.jar@4,reference:file:org.eclipse.zest.core_1.3.0.v20110221-2050.jar@4,reference:file:org.eclipse.zest.layouts_1.1.0.v20110425-2050.jar@4,reference:file:org.hamcrest.core_1.1.0.v20090501071000.jar@4,reference:file:org.jboss.netty_3.2.4.Final-201108040830.jar@4,reference:file:org.junit_4.8.2.v4_8_2_v20110321-1705/@4,reference:file:org.junit4_4.8.1.v20100525/@4,reference:file:org.mortbay.jetty.server_6.1.23.v201012071420.jar@4,reference:file:org.mortbay.jetty.util_6.1.23.v201012071420.jar@4,reference:file:org.neo4j.neoclipse_1.6.0.jar@4,reference:file:org.neo4j.neoclipse.doc_1.6.0.jar@4,reference:file:org.slf4j.api_1.6.1.v20100831-0715.jar@4
    osgi.tracefile = C:\Users\Carol\Desktop\neoclipse-1.7-win32.win32.x86_64\neoclipse-1.7-win32.win32.x86_64\neoclipse-1.7\neoclipse-workspace\.metadata\trace.log
    sun.cpu.isalist = amd64
    sun.jnu.encoding = Cp1252
    eclipse.application = org.neo4j.neoclipse.application
    file.encoding.pkg = sun.io
    org.osgi.framework.vendor = Eclipse
    file.separator = \
    user.country = US
    org.eclipse.equinox.launcher.splash.location = c:\Users\Carol\Desktop\neoclipse-1.7-win32.win32.x86_64\neoclipse-1.7-win32.win32.x86_64\neoclipse-1.7\configuration\org.eclipse.equinox.launcher\org.neo4j.neoclipse_1.6.0\splash.bmp
    osgi.os = win32
    eclipse.commands = -os
win32
-ws
win32
-arch
x86_64
-showsplash
-launcher
C:\Users\Carol\Desktop\neoclipse-1.7-win32.win32.x86_64\neoclipse-1.7-win32.win32.x86_64\neoclipse-1.7\neoclipse.exe
-name
Neoclipse
--launcher.library
C:\Users\Carol\Desktop\neoclipse-1.7-win32.win32.x86_64\neoclipse-1.7-win32.win32.x86_64\neoclipse-1.7\\plugins/org.eclipse.equinox.launcher.win32.win32.x86_64_1.1.100.v20110502\eclipse_1406.dll
-startup
C:\Users\Carol\Desktop\neoclipse-1.7-win32.win32.x86_64\neoclipse-1.7-win32.win32.x86_64\neoclipse-1.7\\plugins/org.eclipse.equinox.launcher_1.2.0.v20110502.jar
--launcher.overrideVmargs
-data
@noDefault
-vm
C:\Program Files\Java\jdk1.7.0\bin\..\jre\bin\server\jvm.dll

    osgi.splashLocation = c:\Users\Carol\Desktop\neoclipse-1.7-win32.win32.x86_64\neoclipse-1.7-win32.win32.x86_64\neoclipse-1.7\configuration\org.eclipse.equinox.launcher\org.neo4j.neoclipse_1.6.0\splash.bmp
    osgi.arch = x86_64
    path.separator = ;
    org.osgi.supports.framework.fragment = true
    user.variant = 
    osgi.framework.shape = jar
    sun.io.unicode.encoding = UnicodeLittle
    org.osgi.framework.version = 1.6.0
    awt.toolkit = sun.awt.windows.WToolkit
    user.script = 
    osgi.install.area = file:/C:/Users/Carol/Desktop/neoclipse-1.7-win32.win32.x86_64/neoclipse-1.7-win32.win32.x86_64/neoclipse-1.7/
    osgi.framework = file:/c:/Users/Carol/Desktop/neoclipse-1.7-win32.win32.x86_64/neoclipse-1.7-win32.win32.x86_64/neoclipse-1.7/plugins/org.eclipse.osgi_3.7.0.v20110613.jar
    user.home = C:\Users\Carol
    osgi.bundlestore = C:\Users\Carol\Desktop\neoclipse-1.7-win32.win32.x86_64\neoclipse-1.7-win32.win32.x86_64\neoclipse-1.7\configuration\org.eclipse.osgi\bundles
    osgi.splashPath = platform:/base/plugins/org.neo4j.neoclipse
    osgi.nl = en_US
    org.osgi.framework.os.version = 6.1.0
    eclipse.startTime = 1339779124583
    eclipse.p2.data.area = @config.dir/../p2
    org.eclipse.update.reconcile = false
    eclipse.vm = C:\Program Files\Java\jdk1.7.0\bin\..\jre\bin\server\jvm.dll
    sun.cpu.endian = little
    sun.os.patch.level = Service Pack 1
    eclipse.product = org.neo4j.neoclipse.neoclipseProduct
    eclipse.home.location = file:/C:/Users/Carol/Desktop/neoclipse-1.7-win32.win32.x86_64/neoclipse-1.7-win32.win32.x86_64/neoclipse-1.7/
    user.dir = C:\Users\Carol\Desktop\neoclipse-1.7-win32.win32.x86_64\neoclipse-1.7-win32.win32.x86_64\neoclipse-1.7
    org.osgi.supports.framework.requirebundle = true
    file.encoding = Cp1252
    osgi.framework.version = 3.7.0.v20110613
    eclipse.vmargs = -Djava.class.path=C:\Users\Carol\Desktop\neoclipse-1.7-win32.win32.x86_64\neoclipse-1.7-win32.win32.x86_64\neoclipse-1.7\\plugins/org.eclipse.equinox.launcher_1.2.0.v20110502.jar

    org.osgi.framework.executionenvironment = OSGi/Minimum-1.0,OSGi/Minimum-1.1,OSGi/Minimum-1.2,JRE-1.1,J2SE-1.2,J2SE-1.3,J2SE-1.4,J2SE-1.5,JavaSE-1.6,JavaSE-1.7
    osgi.logfile = C:\Users\Carol\Desktop\neoclipse-1.7-win32.win32.x86_64\neoclipse-1.7-win32.win32.x86_64\neoclipse-1.7\neoclipse-workspace\.metadata\.log
    osgi.configuration.area = file:/C:/Users/Carol/Desktop/neoclipse-1.7-win32.win32.x86_64/neoclipse-1.7-win32.win32.x86_64/neoclipse-1.7/configuration/
2012-06-15 19:05:05.820+0000: --- STARTUP diagnostics END ---
2012-06-15 19:05:05.826+0000: Extension org.neo4j.kernel.KernelExtension[kernel jmx] loaded ok
2012-06-15 19:05:06.341+0000: Extension org.neo4j.kernel.KernelExtension[kernel udc] loaded ok
2012-06-15 19:05:06.342+0000: --- STARTUP diagnostics for KernelDiagnostics:Versions START ---
2012-06-15 19:05:06.342+0000: Graph Database: org.neo4j.kernel.EmbeddedGraphDatabase StoreId[time:1339787074392, id:6336022334824000451, store version: 13561656364791302]
2012-06-15 19:05:06.343+0000: Kernel version: Neo4j - Graph Database Kernel 1.7
2012-06-15 19:05:06.343+0000: Neo4j component versions:
2012-06-15 19:05:06.344+0000:   Neo4j - Graph Database Kernel 1.7
2012-06-15 19:05:06.345+0000: --- STARTUP diagnostics for KernelDiagnostics:Versions END ---
2012-06-15 19:05:06.346+0000: --- STARTUP diagnostics for NEO_STORE_VERSIONS START ---
2012-06-15 19:05:06.346+0000: Store versions:
    Store versions:
      NeoStore v0.A.0
      NodeStore v0.A.0
      RelationshipStore v0.A.0
      RelationshipTypeStore v0.A.0
      PropertyStore v0.A.0
      PropertyIndexStore v0.A.0
      StringPropertyStore v0.A.0
      ArrayPropertyStore v0.A.0
2012-06-15 19:05:06.347+0000: --- STARTUP diagnostics for NEO_STORE_VERSIONS END ---
2012-06-15 19:05:06.347+0000: --- STARTUP diagnostics for NEO_STORE_ID_USAGE START ---
2012-06-15 19:05:06.348+0000: Id usage:
    Id usage:
      NodeStore: used=65097 high=65096
      RelationshipStore: used=65096 high=65095
      RelationshipTypeStore: used=3 high=2
      PropertyStore: used=151862 high=151861
      PropertyIndexStore: used=15 high=14
      StringPropertyStore: used=1 high=0
      ArrayPropertyStore: used=1 high=0
2012-06-15 19:05:06.349+0000: --- STARTUP diagnostics for NEO_STORE_ID_USAGE END ---
2012-06-15 19:05:06.350+0000: --- STARTUP diagnostics for KernelDiagnostics:StoreFiles START ---
2012-06-15 19:05:06.350+0000: Storage files:
    active_tx_log: 11.00 B
    index:
      lucene:
        node:
          nodeIds:
            segments.gen: 20.00 B
            segments_1: 241.00 B
            _0.fdt: 1.22 MB
            _0.fdx: 466.68 kB
            _0.fnm: 21.00 B
            _0.frq: 325.63 kB
            _0.nrm: 116.67 kB
            _0.prx: 116.67 kB
            _0.tii: 12.13 kB
            _0.tis: 787.66 kB
          - Total: 3.00 MB
        - Total: 3.00 MB
      - Total: 3.00 MB
      lucene-store.db: 40.00 B
      lucene.log.1: 16.00 B
      lucene.log.active: 4.00 B
    - Total: 3.00 MB
    index.db: 107.00 B
    lock: 0.00 B
    messages.log: 47.65 kB
    neostore: 54.00 B
    neostore.id: 9.00 B
    neostore.nodestore.db: 572.14 kB
    neostore.nodestore.db.id: 9.00 B
    neostore.propertystore.db: 5.94 MB
    neostore.propertystore.db.arrays: 128.00 B
    neostore.propertystore.db.arrays.id: 9.00 B
    neostore.propertystore.db.id: 9.00 B
    neostore.propertystore.db.index: 135.00 B
    neostore.propertystore.db.index.id: 9.00 B
    neostore.propertystore.db.index.keys: 608.00 B
    neostore.propertystore.db.index.keys.id: 9.00 B
    neostore.propertystore.db.strings: 128.00 B
    neostore.propertystore.db.strings.id: 9.00 B
    neostore.relationshipstore.db: 2.05 MB
    neostore.relationshipstore.db.id: 9.00 B
    neostore.relationshiptypestore.db: 15.00 B
    neostore.relationshiptypestore.db.id: 9.00 B
    neostore.relationshiptypestore.db.names: 152.00 B
    neostore.relationshiptypestore.db.names.id: 9.00 B
    nioneo_logical.log.1: 16.00 B
    nioneo_logical.log.active: 4.00 B
    tm_tx_log.1: 0.00 B
2012-06-15 19:05:06.396+0000: --- STARTUP diagnostics for KernelDiagnostics:StoreFiles END ---
2012-06-15 19:05:06.397+0000: Started - database is now available
2012-06-15 19:05:06.398+0000: GC Monitor started. 
2012-06-15 19:05:40.529+0000: GC Monitor: Application threads blocked for an additional 164ms [total block time: 0.164s]
2012-06-15 19:07:45.748+0000: Stopping - database is now unavailable
2012-06-15 19:07:45.752+0000: GC Monitor stopped. 
2012-06-15 19:07:45.755+0000: TM shutting down
2012-06-15 19:07:45.764+0000: Closed log C:\java\workspace_uDigSDK\neo4j\target\osmImport-db\index\lucene.log
2012-06-15 19:07:45.782+0000: Closed log C:\java\workspace_uDigSDK\neo4j\target\osmImport-db\nioneo_logical.log
2012-06-15 19:07:45.868+0000: NeoStore closed
2012-06-15 19:07:45.869+0000: --- SHUTDOWN diagnostics START ---
2012-06-15 19:07:45.869+0000: --- SHUTDOWN diagnostics END ---
2012-06-15 19:26:41.618+0000: Opened [C:\java\workspace_uDigSDK\neo4j\target\osmImport-db\nioneo_logical.log.1] clean empty log, version=0, lastTxId=5
2012-06-15 19:26:41.673+0000: TM opening log: C:\java\workspace_uDigSDK\neo4j\target\osmImport-db\tm_tx_log.1
2012-06-15 19:26:41.774+0000: Opened [C:\java\workspace_uDigSDK\neo4j\target\osmImport-db\index\lucene.log.1] clean empty log, version=0, lastTxId=3
2012-06-15 19:26:41.789+0000: --- STARTUP diagnostics START ---
2012-06-15 19:26:41.793+0000: Neo4j Kernel properties:
    store_dir=C:\java\workspace_uDigSDK\neo4j\target\osmImport-db
    remote_logging_host=127.0.0.1
    read_only=false
    neo4j.ext.udc.host=udc.neo4j.org
    logical_log=C:\java\workspace_uDigSDK\neo4j\target\osmImport-db\nioneo_logical.log
    remote_logging_port=4560
    gc_monitor_threshold=200ms
    load_kernel_extensions=true
    array_block_size=120
    intercept_committing_transactions=false
    node_auto_indexing=false
    neostore.relationshipstore.db.mapped_memory=67M
    dump_configuration=false
    gc_monitor_wait_time=100ms
    cache_type=soft
    intercept_deserialized_transactions=false
    neostore.nodestore.db.mapped_memory=15M
    neo4j.ext.udc.first_delay=600000
    neo4j.ext.udc.reg=unreg
    lucene_searcher_cache_size=2147483647
    neo4j.ext.udc.interval=86400000
    use_memory_mapped_buffers=false
    rebuild_idgenerators_fast=true
    ephemeral=false
    neostore.propertystore.db.index.keys.mapped_memory=1M
    neostore.propertystore.db.strings.mapped_memory=47M
    neostore.propertystore.db.arrays.mapped_memory=53M
    neo_store=C:\java\workspace_uDigSDK\neo4j\target\osmImport-db\neostore
    neostore.propertystore.db.index.mapped_memory=1M
    backup_slave=false
    neostore.propertystore.db.mapped_memory=55M
    gcr_cache_min_log_interval=60s
    relationship_auto_indexing=false
    relationship_grab_size=100
    string_block_size=120
    lucene_writer_cache_size=2147483647
    grab_file_lock=true
    node_cache_array_fraction=1.0
    remote_logging_enabled=false
    allow_store_upgrade=false
    execution_guard_enabled=false
    neo4j.ext.udc.enabled=true
    relationship_cache_array_fraction=1.0
2012-06-15 19:26:41.808+0000: Diagnostics providers:
    org.neo4j.kernel.configuration.Config
    org.neo4j.kernel.info.DiagnosticsManager
    SYSTEM_MEMORY
    JAVA_MEMORY
    OPERATING_SYSTEM
    JAVA_VIRTUAL_MACHINE
    CLASSPATH
    LIBRARY_PATH
    SYSTEM_PROPERTIES
2012-06-15 19:26:41.810+0000: System memory information:
    Total Physical memory: 3.97 GB
    Free Physical memory: 1.48 GB
    Committed virtual memory: 102.49 MB
    Total swap space: 7.93 GB
    Free swap space: 3.42 GB
2012-06-15 19:26:41.825+0000: JVM memory information:
    Free  memory: 46.24 MB
    Total memory: 60.88 MB
    Max   memory: 903.13 MB
    Garbage Collector: PS Scavenge: [PS Eden Space, PS Survivor Space]
    Garbage Collector: PS MarkSweep: [PS Eden Space, PS Survivor Space, PS Old Gen, PS Perm Gen]
    Memory Pool: Code Cache (Non-heap memory): committed=2.44 MB, used=550.56 kB, max=48.00 MB, threshold=0.00 B
    Memory Pool: PS Eden Space (Heap memory): committed=15.88 MB, used=14.63 MB, max=333.38 MB, threshold=?
    Memory Pool: PS Survivor Space (Heap memory): committed=2.63 MB, used=0.00 B, max=2.63 MB, threshold=?
    Memory Pool: PS Old Gen (Heap memory): committed=42.38 MB, used=0.00 B, max=677.38 MB, threshold=0.00 B
    Memory Pool: PS Perm Gen (Non-heap memory): committed=20.75 MB, used=7.54 MB, max=84.00 MB, threshold=0.00 B
2012-06-15 19:26:41.834+0000: Operating system information:
    Operating System: Windows 7; version: 6.1; arch: amd64; cpus: 2
    Process id: 964@Carol-PC
    Byte order: LITTLE_ENDIAN
2012-06-15 19:26:41.872+0000: JVM information:
    VM Name: Java HotSpot(TM) 64-Bit Server VM
    VM Vendor: Sun Microsystems Inc.
    VM Version: 14.3-b01
    JIT compiler: HotSpot 64-Bit Server Compiler
    VM Arguments: [-Dfile.encoding=UTF-8]
2012-06-15 19:26:41.874+0000: Java classpath:
     [classpath + loader.0] file:/C:/Users/Carol/.m2/repository/org/neo4j/neo4j/1.7/neo4j-1.7.jar
     [classpath + loader.0] file:/C:/Users/Carol/.m2/repository/asm/asm-util/3.2/asm-util-3.2.jar
     [bootstrap] C:\java\eclipse\jre\lib\resources.jar
     [classpath + loader.0] file:/C:/Users/Carol/.m2/repository/org/neo4j/neo4j-spatial/0.9-SNAPSHOT/neo4j-spatial-0.9-SNAPSHOT.jar
     [loader.1] file:/C:/java/eclipse/jre/lib/ext/vecmath.jar
     [classpath + loader.0] file:/C:/Users/Carol/.m2/repository/org/apache/ant/ant-launcher/1.8.2/ant-launcher-1.8.2.jar
     [loader.1] file:/C:/java/eclipse/jre/lib/ext/j3dcore.jar
     [classpath + loader.0] file:/C:/Users/Carol/.m2/repository/org/geotools/gt-data/8.0-M4/gt-data-8.0-M4.jar
     [classpath + loader.0] file:/C:/Users/Carol/.m2/repository/org/neo4j/neo4j-cypher/1.7/neo4j-cypher-1.7.jar
     [classpath + loader.0] file:/C:/Users/Carol/.m2/repository/org/apache/lucene/lucene-core/3.5.0/lucene-core-3.5.0.jar
     [classpath + loader.0] file:/C:/Users/Carol/.m2/repository/net/java/dev/jsr-275/jsr-275/1.0-beta-2/jsr-275-1.0-beta-2.jar
     [classpath + loader.0] file:/C:/Users/Carol/.m2/repository/commons-pool/commons-pool/1.5.4/commons-pool-1.5.4.jar
     [loader.1] file:/C:/java/eclipse/jre/lib/ext/localedata.jar
     [classpath + loader.0] file:/C:/Users/Carol/.m2/repository/org/codehaus/gmaven/runtime/gmaven-runtime-1.8/1.4/gmaven-runtime-1.8-1.4.jar
     [loader.1] file:/C:/java/eclipse/jre/lib/ext/j3dutils.jar
     [classpath + loader.0] file:/C:/Users/Carol/.m2/repository/org/codehaus/groovy/groovy-all/1.8.5/groovy-all-1.8.5.jar
     [classpath + loader.0] file:/C:/Users/Carol/.m2/repository/stax/stax-api/1.0.1/stax-api-1.0.1.jar
     [classpath + loader.0] file:/C:/Users/Carol/.m2/repository/org/geotools/gt-cql/8.0-M4/gt-cql-8.0-M4.jar
     [classpath + loader.0] file:/C:/Users/Carol/.m2/repository/org/jaitools/jt-zonalstats/1.2.0/jt-zonalstats-1.2.0.jar
     [bootstrap] C:\java\eclipse\jre\lib\jce.jar
     [classpath + loader.0] file:/C:/Users/Carol/.m2/repository/org/fusesource/jansi/jansi/1.5/jansi-1.5.jar
     [classpath + loader.0] file:/C:/Users/Carol/.m2/repository/com/googlecode/json-simple/json-simple/1.1/json-simple-1.1.jar
     [classpath + loader.0] file:/C:/Users/Carol/.m2/repository/asm/asm/3.2/asm-3.2.jar
     [classpath + loader.0] file:/C:/Users/Carol/.m2/repository/org/jaitools/jt-utils/1.2.0/jt-utils-1.2.0.jar
     [classpath + loader.0] file:/C:/Users/Carol/.m2/repository/com/tinkerpop/gremlin/gremlin-java/2.0.0/gremlin-java-2.0.0.jar
     [classpath + loader.0] file:/C:/Users/Carol/.m2/repository/org/geotools/gt-coverage/8.0-M4/gt-coverage-8.0-M4.jar
     [classpath + loader.0] file:/C:/Users/Carol/.m2/repository/org/geotools/gt-process/8.0-M4/gt-process-8.0-M4.jar
     [loader.1] file:/C:/java/eclipse/jre/lib/ext/dnsns.jar
     [classpath + loader.0] file:/C:/Users/Carol/.m2/repository/org/neo4j/neo4j-graph-matching/1.7/neo4j-graph-matching-1.7.jar
     [classpath + loader.0] file:/C:/Users/Carol/.m2/repository/org/apache/ant/ant/1.8.2/ant-1.8.2.jar
     [loader.1] file:/C:/java/eclipse/jre/lib/ext/sunjce_provider.jar
     [bootstrap] C:\java\eclipse\jre\lib\rt.jar
     [classpath + loader.0] file:/C:/Users/Carol/.m2/repository/org/neo4j/neo4j-lucene-index/1.7/neo4j-lucene-index-1.7.jar
     [loader.1] file:/C:/java/eclipse/jre/lib/ext/stax-api-1.0.1.jar
     [classpath + loader.0] file:/C:/Users/Carol/.m2/repository/org/slf4j/slf4j-api/1.5.10/slf4j-api-1.5.10.jar
     [bootstrap] C:\java\eclipse\jre\lib\jsse.jar
     [classpath + loader.0] file:/C:/Users/Carol/.m2/repository/org/neo4j/neo4j-udc/1.7/neo4j-udc-1.7.jar
     [classpath + loader.0] file:/C:/Users/Carol/.m2/repository/com/thoughtworks/qdox/qdox/1.12/qdox-1.12.jar
     [classpath + loader.0] file:/C:/Users/Carol/.m2/repository/org/codehaus/groovy/groovy/1.8.6/groovy-1.8.6.jar
     [classpath + loader.0] file:/C:/Users/Carol/.m2/repository/concurrent/concurrent/1.3.4/concurrent-1.3.4.jar
     [classpath + loader.0] file:/C:/Users/Carol/.m2/repository/org/codehaus/plexus/plexus-utils/3.0/plexus-utils-3.0.jar
     [classpath + loader.0] file:/C:/Users/Carol/.m2/repository/javax/media/jai_imageio/1.1/jai_imageio-1.1.jar
     [classpath + loader.0] file:/C:/Users/Carol/.m2/repository/colt/colt/1.2.0/colt-1.2.0.jar
     [classpath + loader.0] file:/C:/Users/Carol/.m2/repository/xerces/xercesImpl/2.4.0/xercesImpl-2.4.0.jar
     [classpath + loader.0] file:/C:/Users/Carol/.m2/repository/org/codehaus/jackson/jackson-mapper-asl/1.8.5/jackson-mapper-asl-1.8.5.jar
     [classpath + loader.0] file:/C:/Users/Carol/.m2/repository/com/vividsolutions/jts/1.12/jts-1.12.jar
     [loader.1] file:/C:/java/eclipse/jre/lib/ext/jai_imageio.jar
     [classpath + loader.0] file:/C:/Users/Carol/.m2/repository/asm/asm-commons/3.2/asm-commons-3.2.jar
     [classpath + loader.0] file:/C:/Users/Carol/.m2/repository/it/geosolutions/imageio-ext/imageio-ext-tiff/1.1.2/imageio-ext-tiff-1.1.2.jar
     [classpath + loader.0] file:/C:/Users/Carol/.m2/repository/org/scala-lang/scala-library/2.9.0-1/scala-library-2.9.0-1.jar
     [classpath + loader.0] file:/C:/Users/Carol/.m2/repository/org/neo4j/neo4j-graph-algo/1.7/neo4j-graph-algo-1.7.jar
     [classpath + loader.0] file:/C:/Users/Carol/.m2/repository/asm/asm-analysis/3.2/asm-analysis-3.2.jar
     [classpath + loader.0] file:/C:/Users/Carol/.m2/repository/com/tinkerpop/blueprints/blueprints-core/2.0.0/blueprints-core-2.0.0.jar
     [classpath + loader.0] file:/C:/Users/Carol/.m2/repository/org/codehaus/gmaven/runtime/gmaven-runtime-support/1.4/gmaven-runtime-support-1.4.jar
     [classpath + loader.0] file:/C:/Users/Carol/.m2/repository/org/geotools/gt-metadata/8.0-M4/gt-metadata-8.0-M4.jar
     [classpath + loader.0] file:/C:/Users/Carol/.m2/repository/asm/asm-tree/3.2/asm-tree-3.2.jar
     [classpath + loader.0] file:/C:/Users/Carol/.m2/repository/org/codehaus/jackson/jackson-core-asl/1.8.5/jackson-core-asl-1.8.5.jar
     [classpath + loader.0] file:/C:/Users/Carol/.m2/repository/org/neo4j/neo4j-kernel/1.7/neo4j-kernel-1.7.jar
     [classpath + loader.0] file:/C:/Users/Carol/.m2/repository/it/geosolutions/imageio-ext/imageio-ext-utilities/1.1.2/imageio-ext-utilities-1.1.2.jar
     [classpath + loader.0] file:/C:/Users/Carol/.m2/repository/org/neo4j/neo4j-graph-collections/0.3/neo4j-graph-collections-0.3.jar
     [classpath + loader.0] file:/C:/Users/Carol/.m2/repository/org/apache/geronimo/specs/geronimo-jta_1.1_spec/1.1.1/geronimo-jta_1.1_spec-1.1.1.jar
     [bootstrap] C:\java\eclipse\jre\lib\sunrsasign.jar
     [classpath + loader.0] file:/C:/Users/Carol/.m2/repository/com/tinkerpop/pipes/2.0.0/pipes-2.0.0.jar
     [classpath + loader.0] file:/C:/Users/Carol/.m2/repository/org/codehaus/gmaven/feature/gmaven-feature-support/1.4/gmaven-feature-support-1.4.jar
     [classpath + loader.0] file:/C:/Users/Carol/.m2/repository/org/geotools/gt-opengis/8.0-M4/gt-opengis-8.0-M4.jar
     [classpath + loader.0] file:/C:/Users/Carol/.m2/repository/org/codehaus/jackson/jackson-jaxrs/1.8.5/jackson-jaxrs-1.8.5.jar
     [classpath + loader.0] file:/C:/Users/Carol/.m2/repository/org/geotools/gt-main/8.0-M4/gt-main-8.0-M4.jar
     [classpath + loader.0] file:/C:/Users/Carol/.m2/repository/org/geotools/gt-api/8.0-M4/gt-api-8.0-M4.jar
     [classpath + loader.0] file:/C:/Users/Carol/.m2/repository/org/codehaus/jettison/jettison/1.3/jettison-1.3.jar
     [classpath + loader.0] file:/C:/Users/Carol/.m2/repository/org/codehaus/gmaven/feature/gmaven-feature-api/1.4/gmaven-feature-api-1.4.jar
     [classpath + loader.0] file:/C:/Users/Carol/.m2/repository/org/hamcrest/hamcrest-all/1.1/hamcrest-all-1.1.jar
     [classpath + loader.0] file:/C:/Users/Carol/.m2/repository/javax/media/jai_codec/1.1.3/jai_codec-1.1.3.jar
     [classpath + loader.0] file:/C:/Users/Carol/.m2/repository/org/sonatype/gshell/gshell-io/2.4/gshell-io-2.4.jar
     [loader.1] file:/C:/java/eclipse/jre/lib/ext/jai_core.jar
     [classpath + loader.0] file:/C:/Users/Carol/.m2/repository/com/tinkerpop/gremlin/gremlin-groovy/2.0.0/gremlin-groovy-2.0.0.jar
     [classpath + loader.0] file:/C:/Users/Carol/.m2/repository/org/geotools/gt-render/8.0-M4/gt-render-8.0-M4.jar
     [loader.1] file:/C:/java/eclipse/jre/lib/ext/jai_codec.jar
     [classpath + loader.0] file:/C:/Users/Carol/.m2/repository/javax/media/jai_core/1.1.3/jai_core-1.1.3.jar
     [bootstrap] C:\java\eclipse\jre\lib\charsets.jar
     [loader.1] file:/C:/java/eclipse/jre/lib/ext/clibwrapper_jiio.jar
     [classpath + loader.0] file:/C:/Users/Carol/.m2/repository/jdom/jdom/1.0/jdom-1.0.jar
     [classpath + loader.0] file:/C:/Users/Carol/.m2/repository/org/sonatype/gossip/gossip/1.3/gossip-1.3.jar
     [bootstrap] C:\java\eclipse\jre\classes
     [classpath + loader.0] file:/C:/Users/Carol/.m2/repository/org/geotools/gt-shapefile/8.0-M4/gt-shapefile-8.0-M4.jar
     [loader.1] file:/C:/java/eclipse/jre/lib/ext/mlibwrapper_jai.jar
     [classpath + loader.0] file:/C:/Users/Carol/.m2/repository/org/geotools/gt-referencing/8.0-M4/gt-referencing-8.0-M4.jar
     [classpath + loader.0] file:/C:/Users/Carol/.m2/repository/org/codehaus/gmaven/runtime/gmaven-runtime-api/1.4/gmaven-runtime-api-1.4.jar
     [classpath + loader.0] file:/C:/Users/Carol/.m2/repository/antlr/antlr/2.7.7/antlr-2.7.7.jar
     [classpath + loader.0] file:/C:/java/workspace_uDigSDK/neo4j/target/classes/
     [classpath + loader.0] file:/C:/Users/Carol/.m2/repository/org/neo4j/neo4j-jmx/1.7/neo4j-jmx-1.7.jar
     [classpath + loader.0] file:/C:/Users/Carol/.m2/repository/java3d/vecmath/1.3.2/vecmath-1.3.2.jar
2012-06-15 19:26:41.889+0000: Library path:
    C:\java\eclipse\jre\bin
    C:\java\workspace_uDigSDK\neo4j
    C:\Windows\Sun\Java\bin
    C:\Windows\System32
    C:\Windows
    C:\java\eclipse\jre\bin\server
    C:\java\eclipse\jre\bin
    C:\java\eclipse\jre\lib\amd64
    C:\Windows\System32
    C:\Windows
    C:\Windows\System32\wbem
    C:\Windows\System32\WindowsPowerShell\v1.0
    C:\Program Files\Trend Micro\AMSP
    C:\Program Files (x86)\Git\cmd
    C:\Program Files (x86)\Git\bin
    C:\java\apache-maven-3.0.4\bin
    C:\Windows\System32
    C:\Windows
    C:\Windows\System32\wbem
    C:\Windows\System32\WindowsPowerShell\v1.0
    C:\Program Files\Trend Micro\AMSP
    C:\Program Files (x86)\Git\cmd
    C:\Program Files (x86)\Git\bin
    C:\java\apache-maven-3.0.4\bin
    C:\Program Files\Java\jdk1.7.0\bin
    C:\java\apache-maven-3.0.4\bin
    C:\java\apache-maven-3.0.4\bin
    C:\java\eclipse
2012-06-15 19:26:41.915+0000: System.properties:
    sun.boot.library.path = C:\java\eclipse\jre\bin
    path.separator = ;
    file.encoding.pkg = sun.io
    sun.java.launcher = SUN_STANDARD
    user.country = US
    sun.os.patch.level = Service Pack 1
    user.dir = C:\java\workspace_uDigSDK\neo4j
    user.variant = 
    sun.jnu.encoding = Cp1252
    sun.management.compiler = HotSpot 64-Bit Server Compiler
    user.home = C:\Users\Carol
    user.timezone = America/Chicago
    file.encoding = UTF-8
    user.name = Carol
    sun.arch.data.model = 64
    user.language = en
    awt.toolkit = sun.awt.windows.WToolkit
    file.separator = \
    sun.io.unicode.encoding = UnicodeLittle
    sun.cpu.endian = little
    sun.desktop = windows
    sun.cpu.isalist = amd64
2012-06-15 19:26:41.917+0000: --- STARTUP diagnostics END ---
2012-06-15 19:26:42.387+0000: Extension org.neo4j.kernel.KernelExtension[kernel udc] loaded ok
2012-06-15 19:26:42.505+0000: Extension org.neo4j.kernel.KernelExtension[kernel jmx] loaded ok
2012-06-15 19:26:42.517+0000: --- STARTUP diagnostics for KernelDiagnostics:Versions START ---
2012-06-15 19:26:42.518+0000: Graph Database: org.neo4j.kernel.EmbeddedGraphDatabase StoreId[time:1339787074392, id:6336022334824000451, store version: 13561656364791302]
2012-06-15 19:26:42.518+0000: Kernel version: Neo4j - Graph Database Kernel 1.7
2012-06-15 19:26:42.519+0000: Neo4j component versions:
2012-06-15 19:26:42.521+0000:   Neo4j - Graph Database Kernel 1.7
2012-06-15 19:26:42.521+0000: --- STARTUP diagnostics for KernelDiagnostics:Versions END ---
2012-06-15 19:26:42.529+0000: --- STARTUP diagnostics for NEO_STORE_VERSIONS START ---
2012-06-15 19:26:42.531+0000: Store versions:
    Store versions:
      NeoStore v0.A.0
      NodeStore v0.A.0
      RelationshipStore v0.A.0
      RelationshipTypeStore v0.A.0
      PropertyStore v0.A.0
      PropertyIndexStore v0.A.0
      StringPropertyStore v0.A.0
      ArrayPropertyStore v0.A.0
2012-06-15 19:26:42.532+0000: --- STARTUP diagnostics for NEO_STORE_VERSIONS END ---
2012-06-15 19:26:42.532+0000: --- STARTUP diagnostics for NEO_STORE_ID_USAGE START ---
2012-06-15 19:26:42.533+0000: Id usage:
    Id usage:
      NodeStore: used=65097 high=65096
      RelationshipStore: used=65096 high=65095
      RelationshipTypeStore: used=3 high=2
      PropertyStore: used=151862 high=151861
      PropertyIndexStore: used=15 high=14
      StringPropertyStore: used=1 high=0
      ArrayPropertyStore: used=1 high=0
2012-06-15 19:26:42.536+0000: --- STARTUP diagnostics for NEO_STORE_ID_USAGE END ---
2012-06-15 19:26:42.537+0000: --- STARTUP diagnostics for KernelDiagnostics:StoreFiles START ---
2012-06-15 19:26:42.537+0000: Storage files:
    active_tx_log: 11.00 B
    index:
      lucene:
        node:
          nodeIds:
            segments.gen: 20.00 B
            segments_1: 241.00 B
            _0.fdt: 1.22 MB
            _0.fdx: 466.68 kB
            _0.fnm: 21.00 B
            _0.frq: 325.63 kB
            _0.nrm: 116.67 kB
            _0.prx: 116.67 kB
            _0.tii: 12.13 kB
            _0.tis: 787.66 kB
          - Total: 3.00 MB
        - Total: 3.00 MB
      - Total: 3.00 MB
      lucene-store.db: 40.00 B
      lucene.log.1: 16.00 B
      lucene.log.active: 4.00 B
    - Total: 3.00 MB
    index.db: 107.00 B
    lock: 0.00 B
    messages.log: 67.29 kB
    neostore: 54.00 B
    neostore.id: 9.00 B
    neostore.nodestore.db: 572.14 kB
    neostore.nodestore.db.id: 9.00 B
    neostore.propertystore.db: 5.94 MB
    neostore.propertystore.db.arrays: 128.00 B
    neostore.propertystore.db.arrays.id: 9.00 B
    neostore.propertystore.db.id: 9.00 B
    neostore.propertystore.db.index: 135.00 B
    neostore.propertystore.db.index.id: 9.00 B
    neostore.propertystore.db.index.keys: 608.00 B
    neostore.propertystore.db.index.keys.id: 9.00 B
    neostore.propertystore.db.strings: 128.00 B
    neostore.propertystore.db.strings.id: 9.00 B
    neostore.relationshipstore.db: 2.05 MB
    neostore.relationshipstore.db.id: 9.00 B
    neostore.relationshiptypestore.db: 15.00 B
    neostore.relationshiptypestore.db.id: 9.00 B
    neostore.relationshiptypestore.db.names: 152.00 B
    neostore.relationshiptypestore.db.names.id: 9.00 B
    nioneo_logical.log.1: 16.00 B
    nioneo_logical.log.active: 4.00 B
    tm_tx_log.1: 0.00 B
2012-06-15 19:26:42.603+0000: --- STARTUP diagnostics for KernelDiagnostics:StoreFiles END ---
2012-06-15 19:26:42.608+0000: Started - database is now available
2012-06-15 19:26:42.608+0000: GC Monitor started. 
2012-06-15 19:26:43.102+0000: GC Monitor: Application threads blocked for an additional 163ms [total block time: 0.163s]
2012-06-15 19:26:48.365+0000: GC Monitor: Application threads blocked for an additional 251ms [total block time: 0.414s]
2012-06-15 19:26:49.141+0000: GC Monitor: Application threads blocked for an additional 403ms [total block time: 0.817s]
2012-06-15 19:26:51.099+0000: GC Monitor: Application threads blocked for an additional 822ms [total block time: 1.639s]
2012-06-15 19:26:51.717+0000: GC Monitor: Application threads blocked for an additional 181ms [total block time: 1.82s]
2012-06-15 19:26:53.579+0000: GC Monitor: Application threads blocked for an additional 1145ms [total block time: 2.965s]
2012-06-15 19:26:54.384+0000: GC Monitor: Application threads blocked for an additional 262ms [total block time: 3.227s]
2012-06-15 19:26:55.391+0000: GC Monitor: Application threads blocked for an additional 406ms [total block time: 3.633s]
2012-06-15 19:26:58.052+0000: GC Monitor: Application threads blocked for an additional 1955ms [total block time: 5.588s]
2012-06-15 19:26:58.651+0000: GC Monitor: Application threads blocked for an additional 268ms [total block time: 5.856s]
2012-06-15 19:27:00.103+0000: GC Monitor: Application threads blocked for an additional 345ms [total block time: 6.201s]
2012-06-15 19:27:00.568+0000: GC Monitor: Application threads blocked for an additional 364ms [total block time: 6.565s]
2012-06-15 19:27:02.124+0000: GC Monitor: Application threads blocked for an additional 102ms [total block time: 6.667s]
2012-06-15 19:27:04.750+0000: GC Monitor: Application threads blocked for an additional 260ms [total block time: 6.927s]
2012-06-15 19:27:05.062+0000: GC Monitor: Application threads blocked for an additional 211ms [total block time: 7.138s]
2012-06-15 19:27:06.094+0000: Stopping - database is now unavailable
2012-06-15 19:27:06.103+0000: TM shutting down
2012-06-15 19:27:06.137+0000: GC Monitor stopped. 
2012-06-15 19:27:07.131+0000: Closed log C:\java\workspace_uDigSDK\neo4j\target\osmImport-db\index\lucene.log
2012-06-15 19:27:07.484+0000: Closed log C:\java\workspace_uDigSDK\neo4j\target\osmImport-db\nioneo_logical.log
2012-06-15 19:27:07.869+0000: NeoStore closed
2012-06-15 19:27:07.870+0000: --- SHUTDOWN diagnostics START ---
2012-06-15 19:27:07.870+0000: --- SHUTDOWN diagnostics END ---
2012-06-15 19:28:14.566+0000: Opened [C:\java\workspace_uDigSDK\neo4j\target\osmImport-db\nioneo_logical.log.1] clean empty log, version=0, lastTxId=6
2012-06-15 19:28:14.623+0000: TM opening log: C:\java\workspace_uDigSDK\neo4j\target\osmImport-db\tm_tx_log.1
2012-06-15 19:28:14.721+0000: Opened [C:\java\workspace_uDigSDK\neo4j\target\osmImport-db\index\lucene.log.1] clean empty log, version=0, lastTxId=4
2012-06-15 19:28:14.812+0000: --- STARTUP diagnostics START ---
2012-06-15 19:28:14.816+0000: Neo4j Kernel properties:
    store_dir=C:\java\workspace_uDigSDK\neo4j\target\osmImport-db
    remote_logging_host=127.0.0.1
    read_only=false
    neo4j.ext.udc.host=udc.neo4j.org
    logical_log=C:\java\workspace_uDigSDK\neo4j\target\osmImport-db\nioneo_logical.log
    remote_logging_port=4560
    gc_monitor_threshold=200ms
    load_kernel_extensions=true
    array_block_size=120
    intercept_committing_transactions=false
    node_auto_indexing=false
    neostore.relationshipstore.db.mapped_memory=67M
    dump_configuration=false
    gc_monitor_wait_time=100ms
    cache_type=soft
    intercept_deserialized_transactions=false
    neostore.nodestore.db.mapped_memory=15M
    neo4j.ext.udc.first_delay=600000
    neo4j.ext.udc.reg=unreg
    lucene_searcher_cache_size=2147483647
    neo4j.ext.udc.interval=86400000
    use_memory_mapped_buffers=false
    rebuild_idgenerators_fast=true
    ephemeral=false
    neostore.propertystore.db.index.keys.mapped_memory=1M
    neostore.propertystore.db.strings.mapped_memory=47M
    neostore.propertystore.db.arrays.mapped_memory=53M
    neo_store=C:\java\workspace_uDigSDK\neo4j\target\osmImport-db\neostore
    neostore.propertystore.db.index.mapped_memory=1M
    backup_slave=false
    neostore.propertystore.db.mapped_memory=55M
    gcr_cache_min_log_interval=60s
    relationship_auto_indexing=false
    relationship_grab_size=100
    string_block_size=120
    lucene_writer_cache_size=2147483647
    grab_file_lock=true
    node_cache_array_fraction=1.0
    remote_logging_enabled=false
    allow_store_upgrade=false
    execution_guard_enabled=false
    neo4j.ext.udc.enabled=true
    relationship_cache_array_fraction=1.0
2012-06-15 19:28:14.831+0000: Diagnostics providers:
    org.neo4j.kernel.configuration.Config
    org.neo4j.kernel.info.DiagnosticsManager
    SYSTEM_MEMORY
    JAVA_MEMORY
    OPERATING_SYSTEM
    JAVA_VIRTUAL_MACHINE
    CLASSPATH
    LIBRARY_PATH
    SYSTEM_PROPERTIES
2012-06-15 19:28:14.834+0000: System memory information:
    Total Physical memory: 3.97 GB
    Free Physical memory: 1.47 GB
    Committed virtual memory: 102.54 MB
    Total swap space: 7.93 GB
    Free swap space: 3.42 GB
2012-06-15 19:28:14.847+0000: JVM memory information:
    Free  memory: 46.23 MB
    Total memory: 60.88 MB
    Max   memory: 903.13 MB
    Garbage Collector: PS Scavenge: [PS Eden Space, PS Survivor Space]
    Garbage Collector: PS MarkSweep: [PS Eden Space, PS Survivor Space, PS Old Gen, PS Perm Gen]
    Memory Pool: Code Cache (Non-heap memory): committed=2.44 MB, used=549.38 kB, max=48.00 MB, threshold=0.00 B
    Memory Pool: PS Eden Space (Heap memory): committed=15.88 MB, used=14.64 MB, max=333.38 MB, threshold=?
    Memory Pool: PS Survivor Space (Heap memory): committed=2.63 MB, used=0.00 B, max=2.63 MB, threshold=?
    Memory Pool: PS Old Gen (Heap memory): committed=42.38 MB, used=0.00 B, max=677.38 MB, threshold=0.00 B
    Memory Pool: PS Perm Gen (Non-heap memory): committed=20.75 MB, used=7.54 MB, max=84.00 MB, threshold=0.00 B
2012-06-15 19:28:14.857+0000: Operating system information:
    Operating System: Windows 7; version: 6.1; arch: amd64; cpus: 2
    Process id: 4060@Carol-PC
    Byte order: LITTLE_ENDIAN
2012-06-15 19:28:14.895+0000: JVM information:
    VM Name: Java HotSpot(TM) 64-Bit Server VM
    VM Vendor: Sun Microsystems Inc.
    VM Version: 14.3-b01
    JIT compiler: HotSpot 64-Bit Server Compiler
    VM Arguments: [-Dfile.encoding=UTF-8]
2012-06-15 19:28:14.897+0000: Java classpath:
     [classpath + loader.0] file:/C:/Users/Carol/.m2/repository/org/neo4j/neo4j/1.7/neo4j-1.7.jar
     [classpath + loader.0] file:/C:/Users/Carol/.m2/repository/asm/asm-util/3.2/asm-util-3.2.jar
     [bootstrap] C:\java\eclipse\jre\lib\resources.jar
     [classpath + loader.0] file:/C:/Users/Carol/.m2/repository/org/neo4j/neo4j-spatial/0.9-SNAPSHOT/neo4j-spatial-0.9-SNAPSHOT.jar
     [loader.1] file:/C:/java/eclipse/jre/lib/ext/vecmath.jar
     [classpath + loader.0] file:/C:/Users/Carol/.m2/repository/org/apache/ant/ant-launcher/1.8.2/ant-launcher-1.8.2.jar
     [loader.1] file:/C:/java/eclipse/jre/lib/ext/j3dcore.jar
     [classpath + loader.0] file:/C:/Users/Carol/.m2/repository/org/geotools/gt-data/8.0-M4/gt-data-8.0-M4.jar
     [classpath + loader.0] file:/C:/Users/Carol/.m2/repository/org/neo4j/neo4j-cypher/1.7/neo4j-cypher-1.7.jar
     [classpath + loader.0] file:/C:/Users/Carol/.m2/repository/org/apache/lucene/lucene-core/3.5.0/lucene-core-3.5.0.jar
     [classpath + loader.0] file:/C:/Users/Carol/.m2/repository/net/java/dev/jsr-275/jsr-275/1.0-beta-2/jsr-275-1.0-beta-2.jar
     [classpath + loader.0] file:/C:/Users/Carol/.m2/repository/commons-pool/commons-pool/1.5.4/commons-pool-1.5.4.jar
     [loader.1] file:/C:/java/eclipse/jre/lib/ext/localedata.jar
     [classpath + loader.0] file:/C:/Users/Carol/.m2/repository/org/codehaus/gmaven/runtime/gmaven-runtime-1.8/1.4/gmaven-runtime-1.8-1.4.jar
     [loader.1] file:/C:/java/eclipse/jre/lib/ext/j3dutils.jar
     [classpath + loader.0] file:/C:/Users/Carol/.m2/repository/org/codehaus/groovy/groovy-all/1.8.5/groovy-all-1.8.5.jar
     [classpath + loader.0] file:/C:/Users/Carol/.m2/repository/stax/stax-api/1.0.1/stax-api-1.0.1.jar
     [classpath + loader.0] file:/C:/Users/Carol/.m2/repository/org/geotools/gt-cql/8.0-M4/gt-cql-8.0-M4.jar
     [classpath + loader.0] file:/C:/Users/Carol/.m2/repository/org/jaitools/jt-zonalstats/1.2.0/jt-zonalstats-1.2.0.jar
     [bootstrap] C:\java\eclipse\jre\lib\jce.jar
     [classpath + loader.0] file:/C:/Users/Carol/.m2/repository/org/fusesource/jansi/jansi/1.5/jansi-1.5.jar
     [classpath + loader.0] file:/C:/Users/Carol/.m2/repository/com/googlecode/json-simple/json-simple/1.1/json-simple-1.1.jar
     [classpath + loader.0] file:/C:/Users/Carol/.m2/repository/asm/asm/3.2/asm-3.2.jar
     [classpath + loader.0] file:/C:/Users/Carol/.m2/repository/org/jaitools/jt-utils/1.2.0/jt-utils-1.2.0.jar
     [classpath + loader.0] file:/C:/Users/Carol/.m2/repository/com/tinkerpop/gremlin/gremlin-java/2.0.0/gremlin-java-2.0.0.jar
     [classpath + loader.0] file:/C:/Users/Carol/.m2/repository/org/geotools/gt-coverage/8.0-M4/gt-coverage-8.0-M4.jar
     [classpath + loader.0] file:/C:/Users/Carol/.m2/repository/org/geotools/gt-process/8.0-M4/gt-process-8.0-M4.jar
     [loader.1] file:/C:/java/eclipse/jre/lib/ext/dnsns.jar
     [classpath + loader.0] file:/C:/Users/Carol/.m2/repository/org/neo4j/neo4j-graph-matching/1.7/neo4j-graph-matching-1.7.jar
     [classpath + loader.0] file:/C:/Users/Carol/.m2/repository/org/apache/ant/ant/1.8.2/ant-1.8.2.jar
     [loader.1] file:/C:/java/eclipse/jre/lib/ext/sunjce_provider.jar
     [bootstrap] C:\java\eclipse\jre\lib\rt.jar
     [classpath + loader.0] file:/C:/Users/Carol/.m2/repository/org/neo4j/neo4j-lucene-index/1.7/neo4j-lucene-index-1.7.jar
     [loader.1] file:/C:/java/eclipse/jre/lib/ext/stax-api-1.0.1.jar
     [classpath + loader.0] file:/C:/Users/Carol/.m2/repository/org/slf4j/slf4j-api/1.5.10/slf4j-api-1.5.10.jar
     [bootstrap] C:\java\eclipse\jre\lib\jsse.jar
     [classpath + loader.0] file:/C:/Users/Carol/.m2/repository/org/neo4j/neo4j-udc/1.7/neo4j-udc-1.7.jar
     [classpath + loader.0] file:/C:/Users/Carol/.m2/repository/com/thoughtworks/qdox/qdox/1.12/qdox-1.12.jar
     [classpath + loader.0] file:/C:/Users/Carol/.m2/repository/org/codehaus/groovy/groovy/1.8.6/groovy-1.8.6.jar
     [classpath + loader.0] file:/C:/Users/Carol/.m2/repository/concurrent/concurrent/1.3.4/concurrent-1.3.4.jar
     [classpath + loader.0] file:/C:/Users/Carol/.m2/repository/org/codehaus/plexus/plexus-utils/3.0/plexus-utils-3.0.jar
     [classpath + loader.0] file:/C:/Users/Carol/.m2/repository/javax/media/jai_imageio/1.1/jai_imageio-1.1.jar
     [classpath + loader.0] file:/C:/Users/Carol/.m2/repository/colt/colt/1.2.0/colt-1.2.0.jar
     [classpath + loader.0] file:/C:/Users/Carol/.m2/repository/xerces/xercesImpl/2.4.0/xercesImpl-2.4.0.jar
     [classpath + loader.0] file:/C:/Users/Carol/.m2/repository/org/codehaus/jackson/jackson-mapper-asl/1.8.5/jackson-mapper-asl-1.8.5.jar
     [classpath + loader.0] file:/C:/Users/Carol/.m2/repository/com/vividsolutions/jts/1.12/jts-1.12.jar
     [loader.1] file:/C:/java/eclipse/jre/lib/ext/jai_imageio.jar
     [classpath + loader.0] file:/C:/Users/Carol/.m2/repository/asm/asm-commons/3.2/asm-commons-3.2.jar
     [classpath + loader.0] file:/C:/Users/Carol/.m2/repository/it/geosolutions/imageio-ext/imageio-ext-tiff/1.1.2/imageio-ext-tiff-1.1.2.jar
     [classpath + loader.0] file:/C:/Users/Carol/.m2/repository/org/scala-lang/scala-library/2.9.0-1/scala-library-2.9.0-1.jar
     [classpath + loader.0] file:/C:/Users/Carol/.m2/repository/org/neo4j/neo4j-graph-algo/1.7/neo4j-graph-algo-1.7.jar
     [classpath + loader.0] file:/C:/Users/Carol/.m2/repository/asm/asm-analysis/3.2/asm-analysis-3.2.jar
     [classpath + loader.0] file:/C:/Users/Carol/.m2/repository/com/tinkerpop/blueprints/blueprints-core/2.0.0/blueprints-core-2.0.0.jar
     [classpath + loader.0] file:/C:/Users/Carol/.m2/repository/org/codehaus/gmaven/runtime/gmaven-runtime-support/1.4/gmaven-runtime-support-1.4.jar
     [classpath + loader.0] file:/C:/Users/Carol/.m2/repository/org/geotools/gt-metadata/8.0-M4/gt-metadata-8.0-M4.jar
     [classpath + loader.0] file:/C:/Users/Carol/.m2/repository/asm/asm-tree/3.2/asm-tree-3.2.jar
     [classpath + loader.0] file:/C:/Users/Carol/.m2/repository/org/codehaus/jackson/jackson-core-asl/1.8.5/jackson-core-asl-1.8.5.jar
     [classpath + loader.0] file:/C:/Users/Carol/.m2/repository/org/neo4j/neo4j-kernel/1.7/neo4j-kernel-1.7.jar
     [classpath + loader.0] file:/C:/Users/Carol/.m2/repository/it/geosolutions/imageio-ext/imageio-ext-utilities/1.1.2/imageio-ext-utilities-1.1.2.jar
     [classpath + loader.0] file:/C:/Users/Carol/.m2/repository/org/neo4j/neo4j-graph-collections/0.3/neo4j-graph-collections-0.3.jar
     [classpath + loader.0] file:/C:/Users/Carol/.m2/repository/org/apache/geronimo/specs/geronimo-jta_1.1_spec/1.1.1/geronimo-jta_1.1_spec-1.1.1.jar
     [bootstrap] C:\java\eclipse\jre\lib\sunrsasign.jar
     [classpath + loader.0] file:/C:/Users/Carol/.m2/repository/com/tinkerpop/pipes/2.0.0/pipes-2.0.0.jar
     [classpath + loader.0] file:/C:/Users/Carol/.m2/repository/org/codehaus/gmaven/feature/gmaven-feature-support/1.4/gmaven-feature-support-1.4.jar
     [classpath + loader.0] file:/C:/Users/Carol/.m2/repository/org/geotools/gt-opengis/8.0-M4/gt-opengis-8.0-M4.jar
     [classpath + loader.0] file:/C:/Users/Carol/.m2/repository/org/codehaus/jackson/jackson-jaxrs/1.8.5/jackson-jaxrs-1.8.5.jar
     [classpath + loader.0] file:/C:/Users/Carol/.m2/repository/org/geotools/gt-main/8.0-M4/gt-main-8.0-M4.jar
     [classpath + loader.0] file:/C:/Users/Carol/.m2/repository/org/geotools/gt-api/8.0-M4/gt-api-8.0-M4.jar
     [classpath + loader.0] file:/C:/Users/Carol/.m2/repository/org/codehaus/jettison/jettison/1.3/jettison-1.3.jar
     [classpath + loader.0] file:/C:/Users/Carol/.m2/repository/org/codehaus/gmaven/feature/gmaven-feature-api/1.4/gmaven-feature-api-1.4.jar
     [classpath + loader.0] file:/C:/Users/Carol/.m2/repository/org/hamcrest/hamcrest-all/1.1/hamcrest-all-1.1.jar
     [classpath + loader.0] file:/C:/Users/Carol/.m2/repository/javax/media/jai_codec/1.1.3/jai_codec-1.1.3.jar
     [classpath + loader.0] file:/C:/Users/Carol/.m2/repository/org/sonatype/gshell/gshell-io/2.4/gshell-io-2.4.jar
     [loader.1] file:/C:/java/eclipse/jre/lib/ext/jai_core.jar
     [classpath + loader.0] file:/C:/Users/Carol/.m2/repository/com/tinkerpop/gremlin/gremlin-groovy/2.0.0/gremlin-groovy-2.0.0.jar
     [classpath + loader.0] file:/C:/Users/Carol/.m2/repository/org/geotools/gt-render/8.0-M4/gt-render-8.0-M4.jar
     [loader.1] file:/C:/java/eclipse/jre/lib/ext/jai_codec.jar
     [classpath + loader.0] file:/C:/Users/Carol/.m2/repository/javax/media/jai_core/1.1.3/jai_core-1.1.3.jar
     [bootstrap] C:\java\eclipse\jre\lib\charsets.jar
     [loader.1] file:/C:/java/eclipse/jre/lib/ext/clibwrapper_jiio.jar
     [classpath + loader.0] file:/C:/Users/Carol/.m2/repository/jdom/jdom/1.0/jdom-1.0.jar
     [classpath + loader.0] file:/C:/Users/Carol/.m2/repository/org/sonatype/gossip/gossip/1.3/gossip-1.3.jar
     [bootstrap] C:\java\eclipse\jre\classes
     [classpath + loader.0] file:/C:/Users/Carol/.m2/repository/org/geotools/gt-shapefile/8.0-M4/gt-shapefile-8.0-M4.jar
     [loader.1] file:/C:/java/eclipse/jre/lib/ext/mlibwrapper_jai.jar
     [classpath + loader.0] file:/C:/Users/Carol/.m2/repository/org/geotools/gt-referencing/8.0-M4/gt-referencing-8.0-M4.jar
     [classpath + loader.0] file:/C:/Users/Carol/.m2/repository/org/codehaus/gmaven/runtime/gmaven-runtime-api/1.4/gmaven-runtime-api-1.4.jar
     [classpath + loader.0] file:/C:/Users/Carol/.m2/repository/antlr/antlr/2.7.7/antlr-2.7.7.jar
     [classpath + loader.0] file:/C:/java/workspace_uDigSDK/neo4j/target/classes/
     [classpath + loader.0] file:/C:/Users/Carol/.m2/repository/org/neo4j/neo4j-jmx/1.7/neo4j-jmx-1.7.jar
     [classpath + loader.0] file:/C:/Users/Carol/.m2/repository/java3d/vecmath/1.3.2/vecmath-1.3.2.jar
2012-06-15 19:28:14.914+0000: Library path:
    C:\java\eclipse\jre\bin
    C:\java\workspace_uDigSDK\neo4j
    C:\Windows\Sun\Java\bin
    C:\Windows\System32
    C:\Windows
    C:\java\eclipse\jre\bin\server
    C:\java\eclipse\jre\bin
    C:\java\eclipse\jre\lib\amd64
    C:\Windows\System32
    C:\Windows
    C:\Windows\System32\wbem
    C:\Windows\System32\WindowsPowerShell\v1.0
    C:\Program Files\Trend Micro\AMSP
    C:\Program Files (x86)\Git\cmd
    C:\Program Files (x86)\Git\bin
    C:\java\apache-maven-3.0.4\bin
    C:\Windows\System32
    C:\Windows
    C:\Windows\System32\wbem
    C:\Windows\System32\WindowsPowerShell\v1.0
    C:\Program Files\Trend Micro\AMSP
    C:\Program Files (x86)\Git\cmd
    C:\Program Files (x86)\Git\bin
    C:\java\apache-maven-3.0.4\bin
    C:\Program Files\Java\jdk1.7.0\bin
    C:\java\apache-maven-3.0.4\bin
    C:\java\apache-maven-3.0.4\bin
    C:\java\eclipse
2012-06-15 19:28:14.939+0000: System.properties:
    sun.boot.library.path = C:\java\eclipse\jre\bin
    path.separator = ;
    file.encoding.pkg = sun.io
    sun.java.launcher = SUN_STANDARD
    user.country = US
    sun.os.patch.level = Service Pack 1
    user.dir = C:\java\workspace_uDigSDK\neo4j
    user.variant = 
    sun.jnu.encoding = Cp1252
    sun.management.compiler = HotSpot 64-Bit Server Compiler
    user.home = C:\Users\Carol
    user.timezone = America/Chicago
    file.encoding = UTF-8
    user.name = Carol
    sun.arch.data.model = 64
    user.language = en
    awt.toolkit = sun.awt.windows.WToolkit
    file.separator = \
    sun.io.unicode.encoding = UnicodeLittle
    sun.cpu.endian = little
    sun.desktop = windows
    sun.cpu.isalist = amd64
2012-06-15 19:28:14.941+0000: --- STARTUP diagnostics END ---
2012-06-15 19:28:15.408+0000: Extension org.neo4j.kernel.KernelExtension[kernel udc] loaded ok
2012-06-15 19:28:15.536+0000: Extension org.neo4j.kernel.KernelExtension[kernel jmx] loaded ok
2012-06-15 19:28:15.553+0000: --- STARTUP diagnostics for KernelDiagnostics:Versions START ---
2012-06-15 19:28:15.554+0000: Graph Database: org.neo4j.kernel.EmbeddedGraphDatabase StoreId[time:1339787074392, id:6336022334824000451, store version: 13561656364791302]
2012-06-15 19:28:15.554+0000: Kernel version: Neo4j - Graph Database Kernel 1.7
2012-06-15 19:28:15.555+0000: Neo4j component versions:
2012-06-15 19:28:15.557+0000:   Neo4j - Graph Database Kernel 1.7
2012-06-15 19:28:15.560+0000: --- STARTUP diagnostics for KernelDiagnostics:Versions END ---
2012-06-15 19:28:15.570+0000: --- STARTUP diagnostics for NEO_STORE_VERSIONS START ---
2012-06-15 19:28:15.572+0000: Store versions:
    Store versions:
      NeoStore v0.A.0
      NodeStore v0.A.0
      RelationshipStore v0.A.0
      RelationshipTypeStore v0.A.0
      PropertyStore v0.A.0
      PropertyIndexStore v0.A.0
      StringPropertyStore v0.A.0
      ArrayPropertyStore v0.A.0
2012-06-15 19:28:15.573+0000: --- STARTUP diagnostics for NEO_STORE_VERSIONS END ---
2012-06-15 19:28:15.574+0000: --- STARTUP diagnostics for NEO_STORE_ID_USAGE START ---
2012-06-15 19:28:15.575+0000: Id usage:
    Id usage:
      NodeStore: used=130193 high=130192
      RelationshipStore: used=130192 high=130191
      RelationshipTypeStore: used=3 high=2
      PropertyStore: used=243989 high=243988
      PropertyIndexStore: used=15 high=14
      StringPropertyStore: used=1 high=0
      ArrayPropertyStore: used=1 high=0
2012-06-15 19:28:15.578+0000: --- STARTUP diagnostics for NEO_STORE_ID_USAGE END ---
2012-06-15 19:28:15.579+0000: --- STARTUP diagnostics for KernelDiagnostics:StoreFiles START ---
2012-06-15 19:28:15.579+0000: Storage files:
    active_tx_log: 11.00 B
    index:
      lucene:
        node:
          nodeIds:
            segments.gen: 20.00 B
            segments_2: 450.00 B
            _0.fdt: 1.22 MB
            _0.fdx: 466.68 kB
            _0.fnm: 21.00 B
            _0.frq: 325.63 kB
            _0.nrm: 116.67 kB
            _0.prx: 116.67 kB
            _0.tii: 12.13 kB
            _0.tis: 787.66 kB
            _1.fdt: 1.25 MB
            _1.fdx: 466.68 kB
            _1.fnm: 21.00 B
            _1.frq: 325.73 kB
            _1.nrm: 116.67 kB
            _1.prx: 116.67 kB
            _1.tii: 12.19 kB
            _1.tis: 794.35 kB
          - Total: 6.04 MB
        - Total: 6.04 MB
      - Total: 6.04 MB
      lucene-store.db: 40.00 B
      lucene.log.1: 16.00 B
      lucene.log.active: 4.00 B
    - Total: 6.04 MB
    index.db: 107.00 B
    lock: 0.00 B
    messages.log: 88.60 kB
    neostore: 54.00 B
    neostore.id: 9.00 B
    neostore.nodestore.db: 1.12 MB
    neostore.nodestore.db.id: 9.00 B
    neostore.propertystore.db: 9.54 MB
    neostore.propertystore.db.arrays: 128.00 B
    neostore.propertystore.db.arrays.id: 9.00 B
    neostore.propertystore.db.id: 9.00 B
    neostore.propertystore.db.index: 135.00 B
    neostore.propertystore.db.index.id: 9.00 B
    neostore.propertystore.db.index.keys: 608.00 B
    neostore.propertystore.db.index.keys.id: 9.00 B
    neostore.propertystore.db.strings: 128.00 B
    neostore.propertystore.db.strings.id: 9.00 B
    neostore.relationshipstore.db: 4.10 MB
    neostore.relationshipstore.db.id: 9.00 B
    neostore.relationshiptypestore.db: 15.00 B
    neostore.relationshiptypestore.db.id: 9.00 B
    neostore.relationshiptypestore.db.names: 152.00 B
    neostore.relationshiptypestore.db.names.id: 9.00 B
    nioneo_logical.log.1: 16.00 B
    nioneo_logical.log.active: 4.00 B
    tm_tx_log.1: 0.00 B
2012-06-15 19:28:15.696+0000: --- STARTUP diagnostics for KernelDiagnostics:StoreFiles END ---
2012-06-15 19:28:15.702+0000: Started - database is now available
2012-06-15 19:28:15.703+0000: GC Monitor started. 
2012-06-15 19:28:16.126+0000: GC Monitor: Application threads blocked for an additional 212ms [total block time: 0.212s]
2012-06-15 19:28:16.557+0000: GC Monitor: Application threads blocked for an additional 330ms [total block time: 0.542s]
2012-06-15 19:28:20.244+0000: GC Monitor: Application threads blocked for an additional 258ms [total block time: 0.8s]
2012-06-15 19:28:22.957+0000: GC Monitor: Application threads blocked for an additional 412ms [total block time: 1.212s]
2012-06-15 19:28:23.752+0000: GC Monitor: Application threads blocked for an additional 254ms [total block time: 1.466s]
2012-06-15 19:28:25.189+0000: GC Monitor: Application threads blocked for an additional 806ms [total block time: 2.272s]
2012-06-15 19:28:25.947+0000: GC Monitor: Application threads blocked for an additional 146ms [total block time: 2.418s]
2012-06-15 19:28:28.073+0000: GC Monitor: Application threads blocked for an additional 1154ms [total block time: 3.572s]
2012-06-15 19:28:28.990+0000: GC Monitor: Application threads blocked for an additional 272ms [total block time: 3.844s]
2012-06-15 19:28:30.054+0000: GC Monitor: Application threads blocked for an additional 361ms [total block time: 4.205s]
2012-06-15 19:28:33.008+0000: GC Monitor: Application threads blocked for an additional 1890ms [total block time: 6.095s]
2012-06-15 19:28:33.864+0000: GC Monitor: Application threads blocked for an additional 317ms [total block time: 6.412s]
2012-06-15 19:28:35.372+0000: GC Monitor: Application threads blocked for an additional 265ms [total block time: 6.677s]
2012-06-15 19:28:35.758+0000: GC Monitor: Application threads blocked for an additional 285ms [total block time: 6.962s]
2012-06-15 19:28:38.008+0000: GC Monitor: Application threads blocked for an additional 159ms [total block time: 7.121s]
2012-06-15 19:28:39.336+0000: GC Monitor: Application threads blocked for an additional 170ms [total block time: 7.291s]
2012-06-15 19:28:39.627+0000: GC Monitor: Application threads blocked for an additional 190ms [total block time: 7.481s]
2012-06-15 19:28:40.082+0000: GC Monitor: Application threads blocked for an additional 251ms [total block time: 7.732s]
2012-06-15 19:28:40.490+0000: GC Monitor: Application threads blocked for an additional 104ms [total block time: 7.836s]
2012-06-15 19:28:41.058+0000: Stopping - database is now unavailable
2012-06-15 19:28:41.068+0000: TM shutting down
2012-06-15 19:28:41.132+0000: GC Monitor stopped. 
2012-06-15 19:28:42.748+0000: Closed log C:\java\workspace_uDigSDK\neo4j\target\osmImport-db\index\lucene.log
2012-06-15 19:28:43.397+0000: Closed log C:\java\workspace_uDigSDK\neo4j\target\osmImport-db\nioneo_logical.log
2012-06-15 19:28:43.778+0000: NeoStore closed
2012-06-15 19:28:43.779+0000: --- SHUTDOWN diagnostics START ---
2012-06-15 19:28:43.780+0000: --- SHUTDOWN diagnostics END ---
